==== LHAPDF6 USING DEFAULT-TYPE LHAGLUE INTERFACE ====
LHAPDF 6.1.6 loading /afs/cern.ch/work/s/selvaggi/public/LHAPDF-6.1.6/build/share/LHAPDF/NNPDF30_nlo_as_0118/NNPDF30_nlo_as_0118_0000.dat
NNPDF30_nlo_as_0118 PDF set, member #0, version 2; LHAPDF ID = 260000
 A PDF is used, so alpha_s(MZ) is going to be modified
 Old value of alpha_s from param_card:   0.11799999999999999     
 New value of alpha_s from PDF lhapdf :  0.11800222660863767     
 using LHAPDF
 *****************************************************
 *               MadGraph/MadEvent                   *
 *        --------------------------------           *
 *          http://madgraph.hep.uiuc.edu             *
 *          http://madgraph.phys.ucl.ac.be           *
 *          http://madgraph.roma2.infn.it            *
 *        --------------------------------           *
 *                                                   *
 *          PARAMETER AND COUPLING VALUES            *
 *                                                   *
 *****************************************************

  External Params
  ---------------------------------
  
 MU_R =    91.188000000000002     
 aEWM1 =    132.50700000000001     
 mdl_Gf =    1.1663900000000000E-005
 aS =   0.11799999999999999     
 mdl_ymb =    4.7000000000000002     
 mdl_ymt =    173.00000000000000     
 mdl_ymtau =    1.7769999999999999     
 mdl_MT =    173.00000000000000     
 mdl_MB =    4.7000000000000002     
 mdl_MZ =    91.188000000000002     
 mdl_MH =    125.00000000000000     
 mdl_MTA =    1.7769999999999999     
 mdl_WT =    0.0000000000000000     
 mdl_WZ =    2.4414039999999999     
 mdl_WW =    2.0476000000000001     
 mdl_WH =    6.3823389999999999E-003
  Internal Params
  ---------------------------------
  
 mdl_conjg__CKM3x3 =    1.0000000000000000     
 mdl_CKM22 =    1.0000000000000000     
 mdl_lhv =    1.0000000000000000     
 mdl_CKM3x3 =    1.0000000000000000     
 mdl_conjg__CKM22 =    1.0000000000000000     
 mdl_conjg__CKM33 =    1.0000000000000000     
 mdl_Ncol =    3.0000000000000000     
 mdl_CA =    3.0000000000000000     
 mdl_TF =   0.50000000000000000     
 mdl_CF =    1.3333333333333333     
 mdl_complexi =  (  0.0000000000000000     ,  1.0000000000000000     )
 mdl_MZ__exp__2 =    8315.2513440000002     
 mdl_MZ__exp__4 =    69143404.913893804     
 mdl_sqrt__2 =    1.4142135623730951     
 mdl_MH__exp__2 =    15625.000000000000     
 mdl_Ncol__exp__2 =    9.0000000000000000     
 mdl_MB__exp__2 =    22.090000000000003     
 mdl_MT__exp__2 =    29929.000000000000     
 mdl_aEW =    7.5467711139788835E-003
 mdl_MW =    80.419002445756163     
 mdl_sqrt__aEW =    8.6872153846781555E-002
 mdl_ee =   0.30795376724436879     
 mdl_MW__exp__2 =    6467.2159543705357     
 mdl_sw2 =   0.22224648578577766     
 mdl_cw =   0.88190334743339216     
 mdl_sqrt__sw2 =   0.47143025548407230     
 mdl_sw =   0.47143025548407230     
 mdl_g1 =   0.34919219678733299     
 mdl_gw =   0.65323293034757990     
 mdl_v =    246.21845810181637     
 mdl_v__exp__2 =    60623.529110035903     
 mdl_lam =   0.12886910601690263     
 mdl_yb =    2.6995554250465490E-002
 mdl_yt =   0.99366614581500623     
 mdl_ytau =    1.0206617000654717E-002
 mdl_muH =    88.388347648318430     
 mdl_AxialZUp =  -0.18517701861793787     
 mdl_AxialZDown =   0.18517701861793787     
 mdl_VectorZUp =    7.5430507588273299E-002
 mdl_VectorZDown =  -0.13030376310310560     
 mdl_VectorAUp =   0.20530251149624587     
 mdl_VectorADown =  -0.10265125574812294     
 mdl_VectorWmDxU =   0.23095271737156670     
 mdl_AxialWmDxU =  -0.23095271737156670     
 mdl_VectorWpUxD =   0.23095271737156670     
 mdl_AxialWpUxD =  -0.23095271737156670     
 mdl_I1x33 =  (  2.6995554250465490E-002,  0.0000000000000000     )
 mdl_I2x33 =  ( 0.99366614581500623     ,  0.0000000000000000     )
 mdl_I3x33 =  ( 0.99366614581500623     ,  0.0000000000000000     )
 mdl_I4x33 =  (  2.6995554250465490E-002,  0.0000000000000000     )
 mdl_Vector_tbGp =  (-0.96667059156454072     ,  0.0000000000000000     )
 mdl_Axial_tbGp =  ( -1.0206617000654716     , -0.0000000000000000     )
 mdl_Vector_tbGm =  ( 0.96667059156454072     ,  0.0000000000000000     )
 mdl_Axial_tbGm =  ( -1.0206617000654716     , -0.0000000000000000     )
 mdl_gw__exp__2 =   0.42671326129048615     
 mdl_cw__exp__2 =   0.77775351421422245     
 mdl_ee__exp__2 =    9.4835522759998875E-002
 mdl_sw__exp__2 =   0.22224648578577769     
 mdl_yb__exp__2 =    7.2875994928982540E-004
 mdl_yt__exp__2 =   0.98737240933884918     
  Internal Params evaluated point by point
  ----------------------------------------
  
 mdl_sqrt__aS =   0.34351128074635334     
 mdl_G__exp__4 =    2.1987899468922913     
 mdl_G__exp__2 =    1.4828317324943823     
 mdl_G_UVg_1EPS_ =   -5.1645779033320030E-002
 mdl_G_UVq_1EPS_ =    3.1300472141406080E-003
 mdl_G_UVb_1EPS_ =    3.1300472141406080E-003
 mdl_GWcft_UV_b_1EPS_ =   -3.1300472141406080E-003
 mdl_GWcft_UV_t_1EPS_ =   -3.1300472141406080E-003
 mdl_bWcft_UV_1EPS_ =   -1.8780283284843650E-002
 mdl_tWcft_UV_1EPS_ =   -1.8780283284843650E-002
 mdl_tMass_UV_1EPS_ =  (  0.0000000000000000     ,  6.4979780165559031     )
 mdl_G__exp__3 =    1.8056676068262196     
 mdl_MU_R__exp__2 =    8315.2513440000002     
 mdl_G_UVb_FIN_ =    1.8563438626678915E-002
 mdl_G_UVt_FIN_ =   -4.0087659331150384E-003
 mdl_GWcft_UV_b_FIN_ =   -1.8563438626678915E-002
 mdl_GWcft_UV_t_FIN_ =    4.0087659331150384E-003
 mdl_bWcft_UV_FIN_ =  -0.13642100947319838     
 mdl_tWcft_UV_FIN_ =   -9.8778211443463623E-004
 mdl_tMass_UV_FIN_ =  (  0.0000000000000000     , 0.34177261159438416     )
  Couplings of loop_sm
  ---------------------------------
  
       UV_3Gb =  -0.22605E-01   0.00000E+00
       UV_3Gt =   0.48815E-02   0.00000E+00
      UV_GQQb =   0.00000E+00   0.22605E-01
      UV_GQQt =   0.00000E+00  -0.48815E-02
     UV_tMass =   0.00000E+00   0.34177E+00
   UVWfct_t_0 =  -0.98778E-03  -0.00000E+00
   UVWfct_G_2 =   0.40088E-02   0.00000E+00
   UVWfct_G_1 =  -0.18563E-01   0.00000E+00
         GC_4 =  -0.12177E+01   0.00000E+00
         GC_5 =   0.00000E+00   0.12177E+01
         GC_6 =   0.00000E+00   0.14828E+01
       R2_3Gq =   0.76230E-02   0.00000E+00
       R2_3Gg =   0.31445E-01   0.00000E+00
       R2_GQQ =  -0.00000E+00  -0.30492E-01
       R2_GGq =   0.00000E+00   0.62601E-02
       R2_GGb =  -0.00000E+00  -0.82971E+00
       R2_GGt =  -0.00000E+00  -0.11242E+04
     R2_GGg_1 =   0.00000E+00   0.28170E-01
     R2_GGg_2 =  -0.00000E+00  -0.18780E-01
       R2_QQq =   0.00000E+00   0.12520E-01
       R2_QQt =   0.00000E+00   0.43320E+01
  UV_3Gg_1eps =   0.62890E-01   0.00000E+00
  UV_3Gb_1eps =  -0.38115E-02   0.00000E+00
 UV_GQQg_1eps =   0.00000E+00  -0.62890E-01
 UV_GQQq_1eps =   0.00000E+00   0.38115E-02
 UV_tMass_1eps =  0.00000E+00   0.64980E+01
 UVWfct_b_0_1eps -0.18780E-01   0.00000E+00
 UVWfct_G_2_1eps -0.31300E-02   0.00000E+00

 Collider parameters:
 --------------------

 Running at P P   machine @    27000.000000000000       GeV
 PDF set = lhapdf 
 alpha_s(Mz)= 0.1180 running at 2 loops.
 alpha_s(Mz)= 0.1180 running at 2 loops.
 Renormalization scale set on event-by-event basis
 Factorization   scale set on event-by-event basis


 ===============================================================
 INFO: MadFKS read these parameters from FKS_params.dat
 ===============================================================
  > IRPoleCheckThreshold      =    1.0000000000000001E-005
  > PrecisionVirtualAtRunTime =    1.0000000000000000E-003
  > NHelForMCoverHels         =            4
  > VirtualFraction           =    1.0000000000000000     
  > MinVirtualFraction        =    5.0000000000000001E-003
 ===============================================================
  Insert the number of points to test
 Insert the relative tolerance
  A negative number will mean use the default one:    1.0000000000000001E-005
Using random seed offsets:     1 ,      2 ,      0
  with seed                   32
 Ranmar initialization seeds       10730        9408
  ========================================================================================== 
 {                                                                                          }
 {       [32m                                                                            [0m       }

  +----------------------------------------------------------------+
  |                                                                |
  |  Ninja - version 1.2.0                                         |
  |                                                                |
  |  Author: Tiziano Peraro                                        |
  |                                                                |
  |  Based on:                                                     |
  |                                                                |
  |      P. Mastrolia, E. Mirabella and T. Peraro,                 |
  |      "Integrand reduction of one-loop scattering amplitudes    |
  |      through Laurent series expansion,"                        |
  |      JHEP 1206 (2012) 095  [arXiv:1203.0291 [hep-ph]].         |
  |                                                                |
  |      T. Peraro,                                                |
  |      "Ninja: Automated Integrand Reduction via Laurent         |
  |      Expansion for One-Loop Amplitudes,"                       |
  |      Comput.Phys.Commun. 185 (2014) [arXiv:1403.1229 [hep-ph]] |
  |                                                                |
  +----------------------------------------------------------------+


 {       [32m                               ,,                                           [0m       }
 {       [32m`7MMM.     ,MMF'             `7MM  `7MMF'                                   [0m       }
 {       [32m  MMMb    dPMM                 MM    MM                                     [0m       }
 {       [32m  M YM   ,M MM   ,6"Yb.   ,M""bMM    MM         ,pW"Wq.   ,pW"Wq.`7MMpdMAo. [0m       }
 {       [32m  M  Mb  M' MM  8)   MM ,AP    MM    MM        6W'   `Wb 6W'   `Wb MM   `Wb [0m       }
 {       [32m  M  YM.P'  MM   ,pm9MM 8MI    MM    MM      , 8M     M8 8M     M8 MM    M8 [0m       }
 {       [32m  M  `YM'   MM  8M   MM `Mb    MM    MM     ,M YA.   ,A9 YA.   ,A9 MM   ,AP [0m       }
 {       [32m.JML. `'  .JMML.`Moo9^Yo.`Wbmd"MML..JMMmmmmMMM  `Ybmd9'   `Ybmd9'  MMbmmd'  [0m       }
 {       [32m                                                                   MM       [0m       }
 {       [32m                                                                 .JMML.     [0m       }
 {       [32m[0mv2.5.5 (2017-05-26), Ref: arXiv:1103.0621v2, arXiv:1405.0301[32m                [0m       }
 {       [32m                                                                            [0m       }
 {                                                                                          }
  ========================================================================================== 
 ===============================================================
 INFO: MadLoop read these parameters from ./MadLoop5_resources/MadLoopParams.dat                                                                                                                                                                                                                                                                                                                                                                                                                                                                                          
 ===============================================================
  > MLReductionLib            = 6|7|1
  > CTModeRun                 =           -1
  > MLStabThres               =    1.0000000000000000E-003
  > NRotations_DP             =            0
  > NRotations_QP             =            0
  > CTStabThres               =    1.0000000000000000E-002
  > CTLoopLibrary             =            2
  > CTModeInit                =            1
  > CheckCycle                =            3
  > MaxAttempts               =           10
  > UseLoopFilter             =  F
  > HelicityFilterLevel       =            2
  > ImprovePSPoint            =            2
  > DoubleCheckHelicityFilter =  T
  > LoopInitStartOver         =  F
  > HelInitStartOver          =  F
  > ZeroThres                 =    1.0000000000000001E-009
  > OSThres                   =    1.0000000000000000E-008
  > WriteOutFilters           =  T
  > UseQPIntegrandForNinja    =  T
  > UseQPIntegrandForCutTools =  T
  > IREGIMODE                 =            2
  > IREGIRECY                 =  T
  > COLLIERMode               =            1
  > COLLIERRequiredAccuracy   =    1.0000000000000000E-008
  > COLLIERCanOutput          =  F
  > COLLIERComputeUVpoles     =  T
  > COLLIERComputeIRpoles     =  T
  > COLLIERGlobalCache        =           -1
  > COLLIERUseCacheForPoles   =  F
  > COLLIERUseInternalStabilityTest =  T
 ===============================================================
  
------------------------------------------------------------------------
|              You are using CutTools - Version 1.9.3                  |
|              Authors: G. Ossola, C. Papadopoulos, R. Pittau          |
|              Published in JHEP 0803:042,2008                         |
|              http://www.ugr.es/~pittau/CutTools                      |
|                                                                      |
|              Compiler with  34  significant digits detetected        |
 ---------------------------------------------------------------------- 
   
########################################################################
#                                                                      #
#                      You are using OneLOop-3.6                       #
#                                                                      #
# for the evaluation of 1-loop scalar 1-, 2-, 3- and 4-point functions #
#                                                                      #
# author: Andreas van Hameren <hamerenREMOVETHIS@ifj.edu.pl>           #
#   date: 18-02-2015                                                   #
#                                                                      #
# Please cite                                                          #
#    A. van Hameren,                                                   #
#      Comput.Phys.Commun. 182 (2011) 2427-2438, arXiv:1007.4716       #
#    A. van Hameren, C.G. Papadopoulos and R. Pittau,                  #
#      JHEP 0909:106,2009, arXiv:0903.4665                             #
# in publications with results obtained with the help of this program. #
#                                                                      #
########################################################################
########################################################################
#                                                                      #
#                      You are using OneLOop-3.6                       #
#                                                                      #
# for the evaluation of 1-loop scalar 1-, 2-, 3- and 4-point functions #
#                                                                      #
# author: Andreas van Hameren <hamerenREMOVETHIS@ifj.edu.pl>           #
#   date: 18-02-2015                                                   #
#                                                                      #
# Please cite                                                          #
#    A. van Hameren,                                                   #
#      Comput.Phys.Commun. 182 (2011) 2427-2438, arXiv:1007.4716       #
#    A. van Hameren, C.G. Papadopoulos and R. Pittau,                  #
#      JHEP 0909:106,2009, arXiv:0903.4665                             #
# in publications with results obtained with the help of this program. #
#                                                                      #
########################################################################
 PASSED   1.0000000000000001E-005
 MU_R    =    675.00000000000000     
 ALPHA_S =   0.11799999999999999     
 BORN                   0.88078127688399677     
 SINGLE POLE (MadFKS)   -7.3732267332541915E-002
 DOUBLE POLE (MadFKS)   -4.4110191711647387E-002
 SINGLE POLE (MadLoop)  -7.3732267332541596E-002
 DOUBLE POLE (MadLoop)  -4.4110191711647401E-002
 FINITE PART (MadLoop)  0.59436232182297188     
   675.00000000000000        0.0000000000000000        0.0000000000000000        675.00000000000000        0.0000000000000000     
   675.00000000000000        0.0000000000000000        0.0000000000000000       -675.00000000000000        0.0000000000000000     
   674.99999999999943       -221.15285997526172       -202.57481592028321        579.44012329111820        173.00000000000000     
   675.00000000000045        221.15285997526175        202.57481592028319       -579.44012329111820        173.00000000000000     

 PASSED   1.0000000000000001E-005
 MU_R    =    675.00000000000000     
 ALPHA_S =   0.11799999999999999     
 BORN                   0.53464527366525172     
 SINGLE POLE (MadFKS)    4.3384769360395307E-002
 DOUBLE POLE (MadFKS)   -2.6775439190229827E-002
 SINGLE POLE (MadLoop)   4.3384769360395141E-002
 DOUBLE POLE (MadLoop)  -2.6775439190229802E-002
 FINITE PART (MadLoop)  0.38188604712090457     
   675.00000000000000        0.0000000000000000        0.0000000000000000        675.00000000000000        0.0000000000000000     
   675.00000000000000        0.0000000000000000        0.0000000000000000       -675.00000000000000        0.0000000000000000     
   674.99999999999955       -485.63185375491508        420.55839254599090       -113.96640328490022        173.00000000000000     
   674.99999999999955        485.63185375491548       -420.55839254599090        113.96640328490052        173.00000000000000     

 PASSED   1.0000000000000001E-005
 MU_R    =    675.00000000000000     
 ALPHA_S =   0.11799999999999999     
 BORN                   0.83295518821033032     
 SINGLE POLE (MadFKS)   -4.4955588962571617E-002
 DOUBLE POLE (MadFKS)   -4.1715025061787363E-002
 SINGLE POLE (MadLoop)  -4.4955588962571597E-002
 DOUBLE POLE (MadLoop)  -4.1715025061787203E-002
 FINITE PART (MadLoop)  0.57833468742771710     
   675.00000000000000        0.0000000000000000        0.0000000000000000        675.00000000000000        0.0000000000000000     
   675.00000000000000        0.0000000000000000        0.0000000000000000       -675.00000000000000        0.0000000000000000     
   675.00000000000011        177.95619240068905        320.73864555266533        539.58717074749904        173.00000000000000     
   675.00000000000023       -177.95619240068908       -320.73864555266533       -539.58717074749916        173.00000000000000     

 PASSED   1.0000000000000001E-005
 MU_R    =    675.00000000000000     
 ALPHA_S =   0.11799999999999999     
 BORN                   0.53140849697236014     
 SINGLE POLE (MadFKS)    3.2697151092256529E-002
 DOUBLE POLE (MadFKS)   -2.6613338968303740E-002
 SINGLE POLE (MadLoop)   3.2697151092256460E-002
 DOUBLE POLE (MadLoop)  -2.6613338968303701E-002
 FINITE PART (MadLoop)  0.38235413312329902     
   675.00000000000000        0.0000000000000000        0.0000000000000000        675.00000000000000        0.0000000000000000     
   675.00000000000000        0.0000000000000000        0.0000000000000000       -675.00000000000000        0.0000000000000000     
   675.00000000000011        438.76533305038868        472.45195381610949        99.850557577424013        173.00000000000000     
   674.99999999999989       -438.76533305038868       -472.45195381610944       -99.850557577423999        173.00000000000000     

 PASSED   1.0000000000000001E-005
 MU_R    =    675.00000000000000     
 ALPHA_S =   0.11799999999999999     
 BORN                   0.55108519025500025     
 SINGLE POLE (MadFKS)    2.8957726791112737E-002
 DOUBLE POLE (MadFKS)   -2.7598762632188970E-002
 SINGLE POLE (MadLoop)   2.8957726791112606E-002
 DOUBLE POLE (MadLoop)  -2.7598762632188981E-002
 FINITE PART (MadLoop)  0.39669020698975577     
   675.00000000000000        0.0000000000000000        0.0000000000000000        675.00000000000000        0.0000000000000000     
   675.00000000000000        0.0000000000000000        0.0000000000000000       -675.00000000000000        0.0000000000000000     
   675.00000000000023        271.36825368490759        568.97904149787428        168.27988955357742        173.00000000000000     
   675.00000000000034       -271.36825368490747       -568.97904149787428       -168.27988955357745        173.00000000000000     

 PASSED   1.0000000000000001E-005
 MU_R    =    675.00000000000000     
 ALPHA_S =   0.11799999999999999     
 BORN                   0.60729582462194831     
 SINGLE POLE (MadFKS)    5.4179197917647401E-002
 DOUBLE POLE (MadFKS)   -3.0413833664274442E-002
 SINGLE POLE (MadLoop)   5.4179197917647103E-002
 DOUBLE POLE (MadLoop)  -3.0413833664274411E-002
 FINITE PART (MadLoop)  0.42817169780562869     
   675.00000000000000        0.0000000000000000        0.0000000000000000        675.00000000000000        0.0000000000000000     
   675.00000000000000        0.0000000000000000        0.0000000000000000       -675.00000000000000        0.0000000000000000     
   674.99999999999966        280.77061898411705        515.87870012657402       -284.13557727076727        173.00000000000000     
   674.99999999999989       -280.77061898411711       -515.87870012657390        284.13557727076716        173.00000000000000     

 PASSED   1.0000000000000001E-005
 MU_R    =    675.00000000000000     
 ALPHA_S =   0.11799999999999999     
 BORN                   0.63079635734917772     
 SINGLE POLE (MadFKS)    5.6789311752780999E-002
 DOUBLE POLE (MadFKS)   -3.1590758096173399E-002
 SINGLE POLE (MadLoop)   5.6789311752781207E-002
 DOUBLE POLE (MadLoop)  -3.1590758096173441E-002
 FINITE PART (MadLoop)  0.44316199251145594     
   675.00000000000000        0.0000000000000000        0.0000000000000000        675.00000000000000        0.0000000000000000     
   675.00000000000000        0.0000000000000000        0.0000000000000000       -675.00000000000000        0.0000000000000000     
   674.99999999999989       -24.139964990534917       -567.86144523167968       -320.38514495782101        173.00000000000000     
   675.00000000000000        24.139964990534985        567.86144523167957        320.38514495782096        173.00000000000000     

 PASSED   1.0000000000000001E-005
 MU_R    =    675.00000000000000     
 ALPHA_S =   0.11799999999999999     
 BORN                   0.75562964224956020     
 SINGLE POLE (MadFKS)   -1.3835183565503785E-002
 DOUBLE POLE (MadFKS)   -3.7842503306324805E-002
 SINGLE POLE (MadLoop)  -1.3835183565503863E-002
 DOUBLE POLE (MadLoop)  -3.7842503306324847E-002
 FINITE PART (MadLoop)  0.53616691257238136     
   675.00000000000000        0.0000000000000000        0.0000000000000000        675.00000000000000        0.0000000000000000     
   675.00000000000000        0.0000000000000000        0.0000000000000000       -675.00000000000000        0.0000000000000000     
   675.00000000000000       -414.73831558134094       -186.11235068475739        468.02812149628994        173.00000000000000     
   675.00000000000000        414.73831558134094        186.11235068475744       -468.02812149629000        173.00000000000000     

 PASSED   1.0000000000000001E-005
 MU_R    =    675.00000000000000     
 ALPHA_S =   0.11799999999999999     
 BORN                   0.62266462496115060     
 SINGLE POLE (MadFKS)    5.5913441686178275E-002
 DOUBLE POLE (MadFKS)   -3.1183514795256898E-002
 SINGLE POLE (MadLoop)   5.5913441686181536E-002
 DOUBLE POLE (MadLoop)  -3.1183514795257796E-002
 FINITE PART (MadLoop)  0.43798047842248988     
   675.00000000000000        0.0000000000000000        0.0000000000000000        675.00000000000000        0.0000000000000000     
   675.00000000000000        0.0000000000000000        0.0000000000000000       -675.00000000000000        0.0000000000000000     
   674.99999999998590       -152.29354929415399        554.47151010959544       -308.32453570898218        173.00000000000000     
   675.00000000001410        152.29354929416951       -554.47151010959283        308.32453570897127        173.00000000000000     

 PASSED   1.0000000000000001E-005
 MU_R    =    675.00000000000000     
 ALPHA_S =   0.11799999999999999     
 BORN                   0.71070696706566372     
 SINGLE POLE (MadFKS)    6.4043955034887676E-002
 DOUBLE POLE (MadFKS)   -3.5592741797347227E-002
 SINGLE POLE (MadLoop)   6.4043955034886829E-002
 DOUBLE POLE (MadLoop)  -3.5592741797347241E-002
 FINITE PART (MadLoop)  0.49357253761979647     
   675.00000000000000        0.0000000000000000        0.0000000000000000        675.00000000000000        0.0000000000000000     
   675.00000000000000        0.0000000000000000        0.0000000000000000       -675.00000000000000        0.0000000000000000     
   674.99999999999886        319.67217554770986        382.55008078313568       -420.90513880613560        173.00000000000000     
   675.00000000000068       -319.67217554770991       -382.55008078313494        420.90513880613543        173.00000000000000     

 PASSED   1.0000000000000001E-005
 MU_R    =    675.00000000000000     
 ALPHA_S =   0.11799999999999999     
 BORN                   0.73241371042660930     
 SINGLE POLE (MadFKS)   -6.8278750484518317E-003
 DOUBLE POLE (MadFKS)   -3.6679831902707113E-002
 SINGLE POLE (MadLoop)  -6.8278750484513009E-003
 DOUBLE POLE (MadLoop)  -3.6679831902707072E-002
 FINITE PART (MadLoop)  0.52159738688378909     
   675.00000000000000        0.0000000000000000        0.0000000000000000        675.00000000000000        0.0000000000000000     
   675.00000000000000        0.0000000000000000        0.0000000000000000       -675.00000000000000        0.0000000000000000     
   675.00000000000000       -255.46754315838152       -403.77003854868582        444.29955026199758        173.00000000000000     
   674.99999999999977        255.46754315838152        403.77003854868582       -444.29955026199758        173.00000000000000     

 PASSED   1.0000000000000001E-005
 MU_R    =    675.00000000000000     
 ALPHA_S =   0.11799999999999999     
 BORN                   0.60406854314109992     
 SINGLE POLE (MadFKS)    2.0580227651233882E-002
 DOUBLE POLE (MadFKS)   -3.0252208969740409E-002
 SINGLE POLE (MadLoop)   2.0580227651233587E-002
 DOUBLE POLE (MadLoop)  -3.0252208969740346E-002
 FINITE PART (MadLoop)  0.43441425853522964     
   675.00000000000000        0.0000000000000000        0.0000000000000000        675.00000000000000        0.0000000000000000     
   675.00000000000000        0.0000000000000000        0.0000000000000000       -675.00000000000000        0.0000000000000000     
   675.00000000000011       -589.70644842943636        14.786196570397200        278.78965739733280        173.00000000000000     
   675.00000000000011        589.70644842943636       -14.786196570397099       -278.78965739733280        173.00000000000000     

 PASSED   1.0000000000000001E-005
 MU_R    =    675.00000000000000     
 ALPHA_S =   0.11799999999999999     
 BORN                   0.67013662344157376     
 SINGLE POLE (MadFKS)    8.4168749946122896E-003
 DOUBLE POLE (MadFKS)   -3.3560948340750268E-002
 SINGLE POLE (MadLoop)   8.4168749946123677E-003
 DOUBLE POLE (MadLoop)  -3.3560948340750268E-002
 FINITE PART (MadLoop)  0.48029718176483804     
   675.00000000000000        0.0000000000000000        0.0000000000000000        675.00000000000000        0.0000000000000000     
   675.00000000000000        0.0000000000000000        0.0000000000000000       -675.00000000000000        0.0000000000000000     
   675.00000000000068       -160.53084148800383        510.48552139152849        373.26985061852042        173.00000000000000     
   675.00000000000000        160.53084148800380       -510.48552139152866       -373.26985061852054        173.00000000000000     

 PASSED   1.0000000000000001E-005
 MU_R    =    675.00000000000000     
 ALPHA_S =   0.11799999999999999     
 BORN                   0.53019691359542476     
 SINGLE POLE (MadFKS)    4.2297862198720990E-002
 DOUBLE POLE (MadFKS)   -2.6552661957524929E-002
 SINGLE POLE (MadLoop)   4.2297862198720559E-002
 DOUBLE POLE (MadLoop)  -2.6552661957524884E-002
 FINITE PART (MadLoop)  0.37912845990334842     
   675.00000000000000        0.0000000000000000        0.0000000000000000        675.00000000000000        0.0000000000000000     
   675.00000000000000        0.0000000000000000        0.0000000000000000       -675.00000000000000        0.0000000000000000     
   675.00000000000011       -71.341949732845904        641.68992611642318       -94.023214840887633        173.00000000000000     
   674.99999999999989        71.341949732845876       -641.68992611642318        94.023214840887633        173.00000000000000     

 PASSED   1.0000000000000001E-005
 MU_R    =    675.00000000000000     
 ALPHA_S =   0.11799999999999999     
 BORN                   0.71604752296506557     
 SINGLE POLE (MadFKS)   -2.3647394570915940E-003
 DOUBLE POLE (MadFKS)   -3.5860200871185390E-002
 SINGLE POLE (MadLoop)  -2.3647394570923993E-003
 DOUBLE POLE (MadLoop)  -3.5860200871185403E-002
 FINITE PART (MadLoop)  0.51101029314546409     
   675.00000000000000        0.0000000000000000        0.0000000000000000        675.00000000000000        0.0000000000000000     
   675.00000000000000        0.0000000000000000        0.0000000000000000       -675.00000000000000        0.0000000000000000     
   675.00000000000023       -309.54799911064913       -384.36307783731667        426.77987375463096        173.00000000000000     
   675.00000000000000        309.54799911064913        384.36307783731667       -426.77987375463096        173.00000000000000     

 PASSED   1.0000000000000001E-005
 MU_R    =    675.00000000000000     
 ALPHA_S =   0.11799999999999999     
 BORN                   0.90771324381433671     
 SINGLE POLE (MadFKS)   -9.5644524700394681E-002
 DOUBLE POLE (MadFKS)   -4.5458964960633591E-002
 SINGLE POLE (MadLoop)  -9.5644524700394778E-002
 DOUBLE POLE (MadLoop)  -4.5458964960633758E-002
 FINITE PART (MadLoop)  0.59576297921482868     
   675.00000000000000        0.0000000000000000        0.0000000000000000        675.00000000000000        0.0000000000000000     
   675.00000000000000        0.0000000000000000        0.0000000000000000       -675.00000000000000        0.0000000000000000     
   675.00000000000011        248.32600327638963        56.267260955076658        600.71972786099514        173.00000000000000     
   675.00000000000011       -248.32600327638957       -56.267260955076637       -600.71972786099514        173.00000000000000     

 PASSED   1.0000000000000001E-005
 MU_R    =    675.00000000000000     
 ALPHA_S =   0.11799999999999999     
 BORN                   0.68513040383916501     
 SINGLE POLE (MadFKS)    5.1490220584732424E-003
 DOUBLE POLE (MadFKS)   -3.4311848189756931E-002
 SINGLE POLE (MadLoop)   5.1490220584770501E-003
 DOUBLE POLE (MadLoop)  -3.4311848189756827E-002
 FINITE PART (MadLoop)  0.49046478785976599     
   675.00000000000000        0.0000000000000000        0.0000000000000000        675.00000000000000        0.0000000000000000     
   675.00000000000000        0.0000000000000000        0.0000000000000000       -675.00000000000000        0.0000000000000000     
   675.00000000000125        399.58272799754133       -335.73496253351146        391.55035234138916        173.00000000000000     
   674.99999999999977       -399.58272799754093        335.73496253351146       -391.55035234138893        173.00000000000000     

 PASSED   1.0000000000000001E-005
 MU_R    =    675.00000000000000     
 ALPHA_S =   0.11799999999999999     
 BORN                   0.88257097245367300     
 SINGLE POLE (MadFKS)   -7.5029795959653686E-002
 DOUBLE POLE (MadFKS)   -4.4199821017759787E-002
 SINGLE POLE (MadLoop)  -7.5029795959653908E-002
 DOUBLE POLE (MadLoop)  -4.4199821017759863E-002
 FINITE PART (MadLoop)  0.59468296505241969     
   675.00000000000000        0.0000000000000000        0.0000000000000000        675.00000000000000        0.0000000000000000     
   675.00000000000000        0.0000000000000000        0.0000000000000000       -675.00000000000000        0.0000000000000000     
   675.00000000000000        295.41394318765657       -31.731730127675910        580.87838613037104        173.00000000000000     
   675.00000000000000       -295.41394318765657        31.731730127675839       -580.87838613037093        173.00000000000000     

 PASSED   1.0000000000000001E-005
 MU_R    =    675.00000000000000     
 ALPHA_S =   0.11799999999999999     
 BORN                   0.52612149482198944     
 SINGLE POLE (MadFKS)    4.1082953155183198E-002
 DOUBLE POLE (MadFKS)   -2.6348561906672969E-002
 SINGLE POLE (MadLoop)   4.1082953155183122E-002
 DOUBLE POLE (MadLoop)  -2.6348561906672972E-002
 FINITE PART (MadLoop)  0.37665309146604176     
   675.00000000000000        0.0000000000000000        0.0000000000000000        675.00000000000000        0.0000000000000000     
   675.00000000000000        0.0000000000000000        0.0000000000000000       -675.00000000000000        0.0000000000000000     
   674.99999999999989       -484.03006629757891        431.70678522480353       -70.993989258434183        173.00000000000000     
   675.00000000000011        484.03006629757891       -431.70678522480353        70.993989258434169        173.00000000000000     

 PASSED   1.0000000000000001E-005
 MU_R    =    675.00000000000000     
 ALPHA_S =   0.11799999999999999     
 BORN                   0.89814407042598865     
 SINGLE POLE (MadFKS)   -8.7222367653403160E-002
Thanks for using LHAPDF 6.1.6. Please make sure to cite the paper:
  Eur.Phys.J. C75 (2015) 3, 132  (http://arxiv.org/abs/1412.7420)
 DOUBLE POLE (MadFKS)   -4.4979733528540351E-002
 SINGLE POLE (MadLoop)  -8.7222367653404353E-002
 DOUBLE POLE (MadLoop)  -4.4979733528540192E-002
 FINITE PART (MadLoop)  0.59620450082915444     
   675.00000000000000        0.0000000000000000        0.0000000000000000        675.00000000000000        0.0000000000000000     
   675.00000000000000        0.0000000000000000        0.0000000000000000       -675.00000000000000        0.0000000000000000     
   674.99999999999920       -270.57628686252150        23.308333612578675        593.24631863324191        173.00000000000000     
   675.00000000000102        270.57628686252190       -23.308333612578924       -593.24631863324225        173.00000000000000     

 NUMBER OF POINTS PASSING THE CHECK          20
 NUMBER OF POINTS FAILING THE CHECK           0
 TOLERANCE    1.0000000000000001E-005
