==== LHAPDF6 USING DEFAULT-TYPE LHAGLUE INTERFACE ====
LHAPDF 6.1.6 loading /afs/cern.ch/work/s/selvaggi/public/LHAPDF-6.1.6/build/share/LHAPDF/NNPDF30_nlo_as_0118/NNPDF30_nlo_as_0118_0000.dat
NNPDF30_nlo_as_0118 PDF set, member #0, version 2; LHAPDF ID = 260000
 A PDF is used, so alpha_s(MZ) is going to be modified
 Old value of alpha_s from param_card:   0.11799999999999999     
 New value of alpha_s from PDF lhapdf :  0.11800222660863767     
 using LHAPDF
 *****************************************************
 *               MadGraph/MadEvent                   *
 *        --------------------------------           *
 *          http://madgraph.hep.uiuc.edu             *
 *          http://madgraph.phys.ucl.ac.be           *
 *          http://madgraph.roma2.infn.it            *
 *        --------------------------------           *
 *                                                   *
 *          PARAMETER AND COUPLING VALUES            *
 *                                                   *
 *****************************************************

  External Params
  ---------------------------------
  
 MU_R =    91.188000000000002     
 aEWM1 =    132.50700000000001     
 mdl_Gf =    1.1663900000000000E-005
 aS =   0.11799999999999999     
 mdl_ymb =    4.7000000000000002     
 mdl_ymt =    173.00000000000000     
 mdl_ymtau =    1.7769999999999999     
 mdl_MT =    173.00000000000000     
 mdl_MB =    4.7000000000000002     
 mdl_MZ =    91.188000000000002     
 mdl_MH =    125.00000000000000     
 mdl_MTA =    1.7769999999999999     
 mdl_WT =    0.0000000000000000     
 mdl_WZ =    2.4414039999999999     
 mdl_WW =    2.0476000000000001     
 mdl_WH =    6.3823389999999999E-003
  Internal Params
  ---------------------------------
  
 mdl_conjg__CKM3x3 =    1.0000000000000000     
 mdl_CKM22 =    1.0000000000000000     
 mdl_lhv =    1.0000000000000000     
 mdl_CKM3x3 =    1.0000000000000000     
 mdl_conjg__CKM22 =    1.0000000000000000     
 mdl_conjg__CKM33 =    1.0000000000000000     
 mdl_Ncol =    3.0000000000000000     
 mdl_CA =    3.0000000000000000     
 mdl_TF =   0.50000000000000000     
 mdl_CF =    1.3333333333333333     
 mdl_complexi =  (  0.0000000000000000     ,  1.0000000000000000     )
 mdl_MZ__exp__2 =    8315.2513440000002     
 mdl_MZ__exp__4 =    69143404.913893804     
 mdl_sqrt__2 =    1.4142135623730951     
 mdl_MH__exp__2 =    15625.000000000000     
 mdl_Ncol__exp__2 =    9.0000000000000000     
 mdl_MB__exp__2 =    22.090000000000003     
 mdl_MT__exp__2 =    29929.000000000000     
 mdl_aEW =    7.5467711139788835E-003
 mdl_MW =    80.419002445756163     
 mdl_sqrt__aEW =    8.6872153846781555E-002
 mdl_ee =   0.30795376724436879     
 mdl_MW__exp__2 =    6467.2159543705357     
 mdl_sw2 =   0.22224648578577766     
 mdl_cw =   0.88190334743339216     
 mdl_sqrt__sw2 =   0.47143025548407230     
 mdl_sw =   0.47143025548407230     
 mdl_g1 =   0.34919219678733299     
 mdl_gw =   0.65323293034757990     
 mdl_v =    246.21845810181637     
 mdl_v__exp__2 =    60623.529110035903     
 mdl_lam =   0.12886910601690263     
 mdl_yb =    2.6995554250465490E-002
 mdl_yt =   0.99366614581500623     
 mdl_ytau =    1.0206617000654717E-002
 mdl_muH =    88.388347648318430     
 mdl_AxialZUp =  -0.18517701861793787     
 mdl_AxialZDown =   0.18517701861793787     
 mdl_VectorZUp =    7.5430507588273299E-002
 mdl_VectorZDown =  -0.13030376310310560     
 mdl_VectorAUp =   0.20530251149624587     
 mdl_VectorADown =  -0.10265125574812294     
 mdl_VectorWmDxU =   0.23095271737156670     
 mdl_AxialWmDxU =  -0.23095271737156670     
 mdl_VectorWpUxD =   0.23095271737156670     
 mdl_AxialWpUxD =  -0.23095271737156670     
 mdl_I1x33 =  (  2.6995554250465490E-002,  0.0000000000000000     )
 mdl_I2x33 =  ( 0.99366614581500623     ,  0.0000000000000000     )
 mdl_I3x33 =  ( 0.99366614581500623     ,  0.0000000000000000     )
 mdl_I4x33 =  (  2.6995554250465490E-002,  0.0000000000000000     )
 mdl_Vector_tbGp =  (-0.96667059156454072     ,  0.0000000000000000     )
 mdl_Axial_tbGp =  ( -1.0206617000654716     , -0.0000000000000000     )
 mdl_Vector_tbGm =  ( 0.96667059156454072     ,  0.0000000000000000     )
 mdl_Axial_tbGm =  ( -1.0206617000654716     , -0.0000000000000000     )
 mdl_gw__exp__2 =   0.42671326129048615     
 mdl_cw__exp__2 =   0.77775351421422245     
 mdl_ee__exp__2 =    9.4835522759998875E-002
 mdl_sw__exp__2 =   0.22224648578577769     
 mdl_yb__exp__2 =    7.2875994928982540E-004
 mdl_yt__exp__2 =   0.98737240933884918     
  Internal Params evaluated point by point
  ----------------------------------------
  
 mdl_sqrt__aS =   0.34351128074635334     
 mdl_G__exp__4 =    2.1987899468922913     
 mdl_G__exp__2 =    1.4828317324943823     
 mdl_G_UVg_1EPS_ =   -5.1645779033320030E-002
 mdl_G_UVq_1EPS_ =    3.1300472141406080E-003
 mdl_G_UVb_1EPS_ =    3.1300472141406080E-003
 mdl_GWcft_UV_b_1EPS_ =   -3.1300472141406080E-003
 mdl_GWcft_UV_t_1EPS_ =   -3.1300472141406080E-003
 mdl_bWcft_UV_1EPS_ =   -1.8780283284843650E-002
 mdl_tWcft_UV_1EPS_ =   -1.8780283284843650E-002
 mdl_tMass_UV_1EPS_ =  (  0.0000000000000000     ,  6.4979780165559031     )
 mdl_G__exp__3 =    1.8056676068262196     
 mdl_MU_R__exp__2 =    8315.2513440000002     
 mdl_G_UVb_FIN_ =    1.8563438626678915E-002
 mdl_G_UVt_FIN_ =   -4.0087659331150384E-003
 mdl_GWcft_UV_b_FIN_ =   -1.8563438626678915E-002
 mdl_GWcft_UV_t_FIN_ =    4.0087659331150384E-003
 mdl_bWcft_UV_FIN_ =  -0.13642100947319838     
 mdl_tWcft_UV_FIN_ =   -9.8778211443463623E-004
 mdl_tMass_UV_FIN_ =  (  0.0000000000000000     , 0.34177261159438416     )
  Couplings of loop_sm
  ---------------------------------
  
       UV_3Gb =  -0.22605E-01   0.00000E+00
       UV_3Gt =   0.48815E-02   0.00000E+00
      UV_GQQb =   0.00000E+00   0.22605E-01
      UV_GQQt =   0.00000E+00  -0.48815E-02
     UV_tMass =   0.00000E+00   0.34177E+00
   UVWfct_t_0 =  -0.98778E-03  -0.00000E+00
   UVWfct_G_2 =   0.40088E-02   0.00000E+00
   UVWfct_G_1 =  -0.18563E-01   0.00000E+00
         GC_4 =  -0.12177E+01   0.00000E+00
         GC_5 =   0.00000E+00   0.12177E+01
         GC_6 =   0.00000E+00   0.14828E+01
       R2_3Gq =   0.76230E-02   0.00000E+00
       R2_3Gg =   0.31445E-01   0.00000E+00
       R2_GQQ =  -0.00000E+00  -0.30492E-01
       R2_GGq =   0.00000E+00   0.62601E-02
       R2_GGb =  -0.00000E+00  -0.82971E+00
       R2_GGt =  -0.00000E+00  -0.11242E+04
     R2_GGg_1 =   0.00000E+00   0.28170E-01
     R2_GGg_2 =  -0.00000E+00  -0.18780E-01
       R2_QQq =   0.00000E+00   0.12520E-01
       R2_QQt =   0.00000E+00   0.43320E+01
  UV_3Gg_1eps =   0.62890E-01   0.00000E+00
  UV_3Gb_1eps =  -0.38115E-02   0.00000E+00
 UV_GQQg_1eps =   0.00000E+00  -0.62890E-01
 UV_GQQq_1eps =   0.00000E+00   0.38115E-02
 UV_tMass_1eps =  0.00000E+00   0.64980E+01
 UVWfct_b_0_1eps -0.18780E-01   0.00000E+00
 UVWfct_G_2_1eps -0.31300E-02   0.00000E+00

 Collider parameters:
 --------------------

 Running at P P   machine @    27000.000000000000       GeV
 PDF set = lhapdf 
 alpha_s(Mz)= 0.1180 running at 2 loops.
 alpha_s(Mz)= 0.1180 running at 2 loops.
 Renormalization scale set on event-by-event basis
 Factorization   scale set on event-by-event basis


 ===============================================================
 INFO: MadFKS read these parameters from FKS_params.dat
 ===============================================================
  > IRPoleCheckThreshold      =    1.0000000000000001E-005
  > PrecisionVirtualAtRunTime =    1.0000000000000000E-003
  > NHelForMCoverHels         =            4
  > VirtualFraction           =    1.0000000000000000     
  > MinVirtualFraction        =    5.0000000000000001E-003
 ===============================================================
  Insert the number of points to test
 Insert the relative tolerance
  A negative number will mean use the default one:    1.0000000000000001E-005
Using random seed offsets:     1 ,      1 ,      0
  with seed                   32
 Ranmar initialization seeds       10730        9407
  ========================================================================================== 
 {                                                                                          }
 {       [32m                                                                            [0m       }

  +----------------------------------------------------------------+
  |                                                                |
  |  Ninja - version 1.2.0                                         |
  |                                                                |
  |  Author: Tiziano Peraro                                        |
  |                                                                |
  |  Based on:                                                     |
  |                                                                |
  |      P. Mastrolia, E. Mirabella and T. Peraro,                 |
  |      "Integrand reduction of one-loop scattering amplitudes    |
  |      through Laurent series expansion,"                        |
  |      JHEP 1206 (2012) 095  [arXiv:1203.0291 [hep-ph]].         |
  |                                                                |
  |      T. Peraro,                                                |
  |      "Ninja: Automated Integrand Reduction via Laurent         |
  |      Expansion for One-Loop Amplitudes,"                       |
  |      Comput.Phys.Commun. 185 (2014) [arXiv:1403.1229 [hep-ph]] |
  |                                                                |
  +----------------------------------------------------------------+


 {       [32m                               ,,                                           [0m       }
 {       [32m`7MMM.     ,MMF'             `7MM  `7MMF'                                   [0m       }
 {       [32m  MMMb    dPMM                 MM    MM                                     [0m       }
 {       [32m  M YM   ,M MM   ,6"Yb.   ,M""bMM    MM         ,pW"Wq.   ,pW"Wq.`7MMpdMAo. [0m       }
 {       [32m  M  Mb  M' MM  8)   MM ,AP    MM    MM        6W'   `Wb 6W'   `Wb MM   `Wb [0m       }
 {       [32m  M  YM.P'  MM   ,pm9MM 8MI    MM    MM      , 8M     M8 8M     M8 MM    M8 [0m       }
 {       [32m  M  `YM'   MM  8M   MM `Mb    MM    MM     ,M YA.   ,A9 YA.   ,A9 MM   ,AP [0m       }
 {       [32m.JML. `'  .JMML.`Moo9^Yo.`Wbmd"MML..JMMmmmmMMM  `Ybmd9'   `Ybmd9'  MMbmmd'  [0m       }
 {       [32m                                                                   MM       [0m       }
 {       [32m                                                                 .JMML.     [0m       }
 {       [32m[0mv2.5.5 (2017-05-26), Ref: arXiv:1103.0621v2, arXiv:1405.0301[32m                [0m       }
 {       [32m                                                                            [0m       }
 {                                                                                          }
  ========================================================================================== 
 ===============================================================
 INFO: MadLoop read these parameters from ./MadLoop5_resources/MadLoopParams.dat                                                                                                                                                                                                                                                                                                                                                                                                                                                                                          
 ===============================================================
  > MLReductionLib            = 6|7|1
  > CTModeRun                 =           -1
  > MLStabThres               =    1.0000000000000000E-003
  > NRotations_DP             =            0
  > NRotations_QP             =            0
  > CTStabThres               =    1.0000000000000000E-002
  > CTLoopLibrary             =            2
  > CTModeInit                =            1
  > CheckCycle                =            3
  > MaxAttempts               =           10
  > UseLoopFilter             =  F
  > HelicityFilterLevel       =            2
  > ImprovePSPoint            =            2
  > DoubleCheckHelicityFilter =  T
  > LoopInitStartOver         =  F
  > HelInitStartOver          =  F
  > ZeroThres                 =    1.0000000000000001E-009
  > OSThres                   =    1.0000000000000000E-008
  > WriteOutFilters           =  T
  > UseQPIntegrandForNinja    =  T
  > UseQPIntegrandForCutTools =  T
  > IREGIMODE                 =            2
  > IREGIRECY                 =  T
  > COLLIERMode               =            1
  > COLLIERRequiredAccuracy   =    1.0000000000000000E-008
  > COLLIERCanOutput          =  F
  > COLLIERComputeUVpoles     =  T
  > COLLIERComputeIRpoles     =  T
  > COLLIERGlobalCache        =           -1
  > COLLIERUseCacheForPoles   =  F
  > COLLIERUseInternalStabilityTest =  T
 ===============================================================
  
------------------------------------------------------------------------
|              You are using CutTools - Version 1.9.3                  |
|              Authors: G. Ossola, C. Papadopoulos, R. Pittau          |
|              Published in JHEP 0803:042,2008                         |
|              http://www.ugr.es/~pittau/CutTools                      |
|                                                                      |
|              Compiler with  34  significant digits detetected        |
 ---------------------------------------------------------------------- 
   
########################################################################
#                                                                      #
#                      You are using OneLOop-3.6                       #
#                                                                      #
# for the evaluation of 1-loop scalar 1-, 2-, 3- and 4-point functions #
#                                                                      #
# author: Andreas van Hameren <hamerenREMOVETHIS@ifj.edu.pl>           #
#   date: 18-02-2015                                                   #
#                                                                      #
# Please cite                                                          #
#    A. van Hameren,                                                   #
#      Comput.Phys.Commun. 182 (2011) 2427-2438, arXiv:1007.4716       #
#    A. van Hameren, C.G. Papadopoulos and R. Pittau,                  #
#      JHEP 0909:106,2009, arXiv:0903.4665                             #
# in publications with results obtained with the help of this program. #
#                                                                      #
########################################################################
########################################################################
#                                                                      #
#                      You are using OneLOop-3.6                       #
#                                                                      #
# for the evaluation of 1-loop scalar 1-, 2-, 3- and 4-point functions #
#                                                                      #
# author: Andreas van Hameren <hamerenREMOVETHIS@ifj.edu.pl>           #
#   date: 18-02-2015                                                   #
#                                                                      #
# Please cite                                                          #
#    A. van Hameren,                                                   #
#      Comput.Phys.Commun. 182 (2011) 2427-2438, arXiv:1007.4716       #
#    A. van Hameren, C.G. Papadopoulos and R. Pittau,                  #
#      JHEP 0909:106,2009, arXiv:0903.4665                             #
# in publications with results obtained with the help of this program. #
#                                                                      #
########################################################################
 PASSED   1.0000000000000001E-005
 MU_R    =    675.00000000000000     
 ALPHA_S =   0.11799999999999999     
 BORN                   0.38718641601061171     
 SINGLE POLE (MadFKS)    3.5309135093777352E-002
 DOUBLE POLE (MadFKS)   -4.3628823460335663E-002
 SINGLE POLE (MadLoop)   3.5309135093776936E-002
 DOUBLE POLE (MadLoop)  -4.3628823460335808E-002
 FINITE PART (MadLoop)  0.30886073099433586     
   675.00000000000000        0.0000000000000000        0.0000000000000000        675.00000000000000        0.0000000000000000     
   675.00000000000000        0.0000000000000000        0.0000000000000000       -675.00000000000000        0.0000000000000000     
   674.99999999999852       -427.34319977155485       -482.24354854420432        102.54242778723626        173.00000000000000     
   674.99999999999852        427.34319977155371        482.24354854420579       -102.54242778723852        173.00000000000000     

 PASSED   1.0000000000000001E-005
 MU_R    =    675.00000000000000     
 ALPHA_S =   0.11799999999999999     
 BORN                   0.39487385936217978     
 SINGLE POLE (MadFKS)    3.5156067907916227E-002
 DOUBLE POLE (MadFKS)   -4.4495057643607491E-002
 SINGLE POLE (MadLoop)   3.5156067907916679E-002
 DOUBLE POLE (MadLoop)  -4.4495057643604431E-002
 FINITE PART (MadLoop)  0.31479101395255671     
   675.00000000000000        0.0000000000000000        0.0000000000000000        675.00000000000000        0.0000000000000000     
   675.00000000000000        0.0000000000000000        0.0000000000000000       -675.00000000000000        0.0000000000000000     
   675.00000000000409       -559.43446558221956        315.20676904226781       -115.64502353614934        173.00000000000000     
   674.99999999999159        559.43446558222342       -315.20676904227031        115.64502353614697        173.00000000000000     

 PASSED   1.0000000000000001E-005
 MU_R    =    675.00000000000000     
 ALPHA_S =   0.11799999999999999     
 BORN                   0.48361447915776024     
 SINGLE POLE (MadFKS)    3.2614395976601936E-002
 DOUBLE POLE (MadFKS)   -5.4494501515409112E-002
 SINGLE POLE (MadLoop)   3.2614395976602220E-002
 DOUBLE POLE (MadLoop)  -5.4494501515409244E-002
 FINITE PART (MadLoop)  0.38296529291179032     
   675.00000000000000        0.0000000000000000        0.0000000000000000        675.00000000000000        0.0000000000000000     
   675.00000000000000        0.0000000000000000        0.0000000000000000       -675.00000000000000        0.0000000000000000     
   675.00000000000045        481.86082181427577       -387.66150839029041       -207.90551535020808        173.00000000000000     
   675.00000000000023       -481.86082181427588        387.66150839029041        207.90551535020802        173.00000000000000     

 PASSED   1.0000000000000001E-005
 MU_R    =    675.00000000000000     
 ALPHA_S =   0.11799999999999999     
 BORN                    1.3915953161578227     
 SINGLE POLE (MadFKS)   -4.6056873751635620E-002
 DOUBLE POLE (MadFKS)  -0.15680732553183285     
 SINGLE POLE (MadLoop)  -4.6056873751630867E-002
 DOUBLE POLE (MadLoop) -0.15680732553183288     
 FINITE PART (MadLoop)   1.0459190585343985     
   675.00000000000000        0.0000000000000000        0.0000000000000000        675.00000000000000        0.0000000000000000     
   675.00000000000000        0.0000000000000000        0.0000000000000000       -675.00000000000000        0.0000000000000000     
   675.00000000000023        342.84639091834913       -328.66231857316615       -447.36275279058867        173.00000000000000     
   675.00000000000023       -342.84639091834913        328.66231857316615        447.36275279058867        173.00000000000000     

 PASSED   1.0000000000000001E-005
 MU_R    =    675.00000000000000     
 ALPHA_S =   0.11799999999999999     
 BORN                    1.0582033099154415     
 SINGLE POLE (MadFKS)   -8.5167072809576496E-003
 DOUBLE POLE (MadFKS)  -0.11924014759902715     
 SINGLE POLE (MadLoop)  -8.5167072809568360E-003
 DOUBLE POLE (MadLoop) -0.11924014759902613     
 FINITE PART (MadLoop)  0.81006427269228032     
   675.00000000000000        0.0000000000000000        0.0000000000000000        675.00000000000000        0.0000000000000000     
   675.00000000000000        0.0000000000000000        0.0000000000000000       -675.00000000000000        0.0000000000000000     
   674.99999999999886        452.28436284784760       -246.05030410238996        400.74194062318622        173.00000000000000     
   674.99999999999670       -452.28436284784686        246.05030410239164       -400.74194062318765        173.00000000000000     

 PASSED   1.0000000000000001E-005
 MU_R    =    675.00000000000000     
 ALPHA_S =   0.11799999999999999     
 BORN                   0.36133467023526539     
 SINGLE POLE (MadFKS)    3.5737888762690621E-002
 DOUBLE POLE (MadFKS)   -4.0715804805923086E-002
 SINGLE POLE (MadLoop)   3.5737888762690878E-002
 DOUBLE POLE (MadLoop)  -4.0715804805923156E-002
 FINITE PART (MadLoop)  0.28889117446185020     
   675.00000000000000        0.0000000000000000        0.0000000000000000        675.00000000000000        0.0000000000000000     
   675.00000000000000        0.0000000000000000        0.0000000000000000       -675.00000000000000        0.0000000000000000     
   675.00000000000000        229.00530714116829        610.51353988649169       -22.930043969522394        173.00000000000000     
   675.00000000000011       -229.00530714116829       -610.51353988649169        22.930043969522394        173.00000000000000     

 PASSED   1.0000000000000001E-005
 MU_R    =    675.00000000000000     
 ALPHA_S =   0.11799999999999999     
 BORN                    1.3913022785092604     
 SINGLE POLE (MadFKS)   -4.6020455133151804E-002
 DOUBLE POLE (MadFKS)  -0.15677430555151409     
 SINGLE POLE (MadLoop)  -4.6020455133151783E-002
 DOUBLE POLE (MadLoop) -0.15677430555151411     
 FINITE PART (MadLoop)   1.0457156158186949     
   675.00000000000000        0.0000000000000000        0.0000000000000000        675.00000000000000        0.0000000000000000     
   675.00000000000000        0.0000000000000000        0.0000000000000000       -675.00000000000000        0.0000000000000000     
   675.00000000000000        268.32623394066667       -391.90981643775490       -447.32955185069540        173.00000000000000     
   675.00000000000000       -268.32623394066661        391.90981643775484        447.32955185069534        173.00000000000000     

 PASSED   1.0000000000000001E-005
 MU_R    =    675.00000000000000     
 ALPHA_S =   0.11799999999999999     
 BORN                    2.5314509350291567     
 SINGLE POLE (MadFKS)  -0.22298520169117358     
 DOUBLE POLE (MadFKS)  -0.28524819408917940     
 SINGLE POLE (MadLoop) -0.22298520169117442     
 DOUBLE POLE (MadLoop) -0.28524819408917917     
 FINITE PART (MadLoop)   1.7872304975277280     
   675.00000000000000        0.0000000000000000        0.0000000000000000        675.00000000000000        0.0000000000000000     
   675.00000000000000        0.0000000000000000        0.0000000000000000       -675.00000000000000        0.0000000000000000     
   675.00000000000057       -256.95329190719428        285.13983072266257        527.60428610229121        173.00000000000000     
   675.00000000000045        256.95329190719394       -285.13983072266223       -527.60428610229121        173.00000000000000     

 PASSED   1.0000000000000001E-005
 MU_R    =    675.00000000000000     
 ALPHA_S =   0.11799999999999999     
 BORN                   0.97623556359981212     
 SINGLE POLE (MadFKS)   -6.0153676736862997E-004
 DOUBLE POLE (MadFKS)  -0.11000388262286083     
 SINGLE POLE (MadLoop)  -6.0153676736854345E-004
 DOUBLE POLE (MadLoop) -0.11000388262286073     
 FINITE PART (MadLoop)  0.75072381707583358     
   675.00000000000000        0.0000000000000000        0.0000000000000000        675.00000000000000        0.0000000000000000     
   675.00000000000000        0.0000000000000000        0.0000000000000000       -675.00000000000000        0.0000000000000000     
   675.00000000000011       -143.58186517837157       -506.36624002595062       -385.58200029809666        173.00000000000000     
   675.00000000000000        143.58186517837157        506.36624002595062        385.58200029809666        173.00000000000000     

 PASSED   1.0000000000000001E-005
 MU_R    =    675.00000000000000     
 ALPHA_S =   0.11799999999999999     
 BORN                   0.58114840619586583     
 SINGLE POLE (MadFKS)    2.8369597326009625E-002
 DOUBLE POLE (MadFKS)   -6.5484790193362480E-002
 SINGLE POLE (MadLoop)   2.8369597326009369E-002
 DOUBLE POLE (MadLoop)  -6.5484790193362424E-002
 FINITE PART (MadLoop)  0.45725483887803187     
   675.00000000000000        0.0000000000000000        0.0000000000000000        675.00000000000000        0.0000000000000000     
   675.00000000000000        0.0000000000000000        0.0000000000000000       -675.00000000000000        0.0000000000000000     
   674.99999999999989        526.04570737718802       -279.74094366840910        265.92652779582130        173.00000000000000     
   674.99999999999989       -526.04570737718802        279.74094366840893       -265.92652779582119        173.00000000000000     

 PASSED   1.0000000000000001E-005
 MU_R    =    675.00000000000000     
 ALPHA_S =   0.11799999999999999     
 BORN                    1.7617349127786999     
 SINGLE POLE (MadFKS)   -9.6237193796966061E-002
 DOUBLE POLE (MadFKS)  -0.19851528440869984     
 SINGLE POLE (MadLoop)  -9.6237193796963147E-002
 DOUBLE POLE (MadLoop) -0.19851528440869781     
 FINITE PART (MadLoop)   1.2975252631311349     
   675.00000000000000        0.0000000000000000        0.0000000000000000        675.00000000000000        0.0000000000000000     
   675.00000000000000        0.0000000000000000        0.0000000000000000       -675.00000000000000        0.0000000000000000     
   674.99999999999875       -355.85257519522958        257.90585289265726        482.23388077843890        173.00000000000000     
   674.99999999999875        355.85257519522963       -257.90585289265982       -482.23388077843777        173.00000000000000     

 PASSED   1.0000000000000001E-005
 MU_R    =    675.00000000000000     
 ALPHA_S =   0.11799999999999999     
 BORN                    1.6193804957601352     
 SINGLE POLE (MadFKS)   -7.5989640048682888E-002
 DOUBLE POLE (MadFKS)  -0.18247454673795535     
 SINGLE POLE (MadLoop)  -7.5989640048683249E-002
 DOUBLE POLE (MadLoop) -0.18247454673795521     
 FINITE PART (MadLoop)   1.2020215471495090     
   675.00000000000000        0.0000000000000000        0.0000000000000000        675.00000000000000        0.0000000000000000     
   675.00000000000000        0.0000000000000000        0.0000000000000000       -675.00000000000000        0.0000000000000000     
   675.00000000000023        416.31508949040159       -176.64200873540494       -470.29283113026526        173.00000000000000     
   675.00000000000023       -416.31508949040153        176.64200873540497        470.29283113026537        173.00000000000000     

 PASSED   1.0000000000000001E-005
 MU_R    =    675.00000000000000     
 ALPHA_S =   0.11799999999999999     
 BORN                   0.39141313401968214     
 SINGLE POLE (MadFKS)    3.5226391368492115E-002
 DOUBLE POLE (MadFKS)   -4.4105097229788628E-002
 SINGLE POLE (MadLoop)   3.5226391368492566E-002
 DOUBLE POLE (MadLoop)  -4.4105097229788968E-002
 FINITE PART (MadLoop)  0.31212178719405609     
   675.00000000000000        0.0000000000000000        0.0000000000000000        675.00000000000000        0.0000000000000000     
   675.00000000000000        0.0000000000000000        0.0000000000000000       -675.00000000000000        0.0000000000000000     
   675.00000000000091       -350.19609869508025       -539.41249301613163        109.96751718970640        173.00000000000000     
   675.00000000000102        350.19609869507991        539.41249301613016       -109.96751718970674        173.00000000000000     

 PASSED   1.0000000000000001E-005
 MU_R    =    675.00000000000000     
 ALPHA_S =   0.11799999999999999     
 BORN                   0.61829914826801990     
 SINGLE POLE (MadFKS)    2.6401384280156370E-002
 DOUBLE POLE (MadFKS)   -6.9670998955505756E-002
 SINGLE POLE (MadLoop)   2.6401384280156620E-002
 DOUBLE POLE (MadLoop)  -6.9670998955505756E-002
 FINITE PART (MadLoop)  0.48536651089863236     
   675.00000000000000        0.0000000000000000        0.0000000000000000        675.00000000000000        0.0000000000000000     
   675.00000000000000        0.0000000000000000        0.0000000000000000       -675.00000000000000        0.0000000000000000     
   675.00000000000000       -195.06245990603705        554.61715849085795       -282.92480315965980        173.00000000000000     
   674.99999999999989        195.06245990603708       -554.61715849085795        282.92480315965986        173.00000000000000     

 PASSED   1.0000000000000001E-005
 MU_R    =    675.00000000000000     
 ALPHA_S =   0.11799999999999999     
 BORN                    2.0537625932378849     
 SINGLE POLE (MadFKS)  -0.14110286519082527     
 DOUBLE POLE (MadFKS)  -0.23142145980493561     
 SINGLE POLE (MadLoop) -0.14110286519082407     
 DOUBLE POLE (MadLoop) -0.23142145980493531     
 FINITE PART (MadLoop)   1.4885696450756083     
   675.00000000000000        0.0000000000000000        0.0000000000000000        675.00000000000000        0.0000000000000000     
   675.00000000000000        0.0000000000000000        0.0000000000000000       -675.00000000000000        0.0000000000000000     
   675.00000000000000       -415.94730766674240        9.7542926826465521       -502.58202417023409        173.00000000000000     
   675.00000000000011        415.94730766674240       -9.7542926826465060        502.58202417023421        173.00000000000000     

 PASSED   1.0000000000000001E-005
 MU_R    =    675.00000000000000     
 ALPHA_S =   0.11799999999999999     
 BORN                   0.70677684258296136     
 SINGLE POLE (MadFKS)    2.1013799975026559E-002
 DOUBLE POLE (MadFKS)   -7.9640815937252168E-002
 SINGLE POLE (MadLoop)   2.1013799975027198E-002
 DOUBLE POLE (MadLoop)  -7.9640815937252279E-002
 FINITE PART (MadLoop)  0.55189292218349406     
   675.00000000000000        0.0000000000000000        0.0000000000000000        675.00000000000000        0.0000000000000000     
   675.00000000000000        0.0000000000000000        0.0000000000000000       -675.00000000000000        0.0000000000000000     
   675.00000000000023       -244.03107577077748        515.67812300903574        316.57685876898074        173.00000000000000     
   675.00000000000011        244.03107577077756       -515.67812300903540       -316.57685876898080        173.00000000000000     

 PASSED   1.0000000000000001E-005
 MU_R    =    675.00000000000000     
 ALPHA_S =   0.11799999999999999     
 BORN                    7.9801917485446410     
 SINGLE POLE (MadFKS)   -1.6036064049759295     
 DOUBLE POLE (MadFKS)  -0.89922157023024085     
 SINGLE POLE (MadLoop)  -1.6036064049759209     
 DOUBLE POLE (MadLoop) -0.89922157023023941     
 FINITE PART (MadLoop)   4.1089642739870609     
   675.00000000000000        0.0000000000000000        0.0000000000000000        675.00000000000000        0.0000000000000000     
   675.00000000000000        0.0000000000000000        0.0000000000000000       -675.00000000000000        0.0000000000000000     
   674.99999999999989       -207.03834426110785        14.382397878501202       -618.56630253909202        173.00000000000000     
   674.99999999999989        207.03834426110745       -14.382397878500999        618.56630253909191        173.00000000000000     

 PASSED   1.0000000000000001E-005
 MU_R    =    675.00000000000000     
 ALPHA_S =   0.11799999999999999     
 BORN                   0.95113209453583503     
 SINGLE POLE (MadFKS)    1.7067256072433451E-003
 DOUBLE POLE (MadFKS)  -0.10717518106013804     
 SINGLE POLE (MadLoop)   1.7067256072433729E-003
 DOUBLE POLE (MadLoop) -0.10717518106013826     
 FINITE PART (MadLoop)  0.73244319512433553     
   675.00000000000000        0.0000000000000000        0.0000000000000000        675.00000000000000        0.0000000000000000     
   675.00000000000000        0.0000000000000000        0.0000000000000000       -675.00000000000000        0.0000000000000000     
   675.00000000000000       -279.34803751494610       -450.39904887182843       -380.52775287999731        173.00000000000000     
   675.00000000000011        279.34803751494616        450.39904887182865        380.52775287999731        173.00000000000000     

 PASSED   1.0000000000000001E-005
 MU_R    =    675.00000000000000     
 ALPHA_S =   0.11799999999999999     
 BORN                   0.75939105505239324     
 SINGLE POLE (MadFKS)    1.7376866254246535E-002
 DOUBLE POLE (MadFKS)   -8.5569474827161471E-002
 SINGLE POLE (MadLoop)   1.7376866254249328E-002
 DOUBLE POLE (MadLoop)  -8.5569474827160957E-002
 FINITE PART (MadLoop)  0.59116603637936582     
   675.00000000000000        0.0000000000000000        0.0000000000000000        675.00000000000000        0.0000000000000000     
   675.00000000000000        0.0000000000000000        0.0000000000000000       -675.00000000000000        0.0000000000000000     
   674.99999999999977       -389.01285798562259        404.12377373434470       -333.24011136801744        173.00000000000000     
   674.99999999999977        389.01285798562071       -404.12377373434521        333.24011136802102        173.00000000000000     

 PASSED   1.0000000000000001E-005
 MU_R    =    675.00000000000000     
 ALPHA_S =   0.11799999999999999     
 BORN                   0.36603085663915608     
 SINGLE POLE (MadFKS)    3.5670090111345747E-002
Thanks for using LHAPDF 6.1.6. Please make sure to cite the paper:
  Eur.Phys.J. C75 (2015) 3, 132  (http://arxiv.org/abs/1412.7420)
 DOUBLE POLE (MadFKS)   -4.1244979072064071E-002
 SINGLE POLE (MadLoop)   3.5670090111346003E-002
 DOUBLE POLE (MadLoop)  -4.1244979072064078E-002
 FINITE PART (MadLoop)  0.29252183511882524     
   675.00000000000000        0.0000000000000000        0.0000000000000000        675.00000000000000        0.0000000000000000     
   675.00000000000000        0.0000000000000000        0.0000000000000000       -675.00000000000000        0.0000000000000000     
   675.00000000000034       -617.52289904437828       -204.88103232254531        48.838834448367187        173.00000000000000     
   675.00000000000000        617.52289904437816        204.88103232254537       -48.838834448367123        173.00000000000000     

 NUMBER OF POINTS PASSING THE CHECK          20
 NUMBER OF POINTS FAILING THE CHECK           0
 TOLERANCE    1.0000000000000001E-005
