The system is: Linux - 2.6.32-696.23.1.el6.x86_64 - x86_64
Compiling the C compiler identification source file "CMakeCCompilerId.c" succeeded.
Compiler: /cvmfs/sft.cern.ch/lcg/releases/LCG_88/gcc/4.9.1/x86_64-slc6/bin/gcc 
Build flags: 
Id flags: 

The output was:
0


Compilation of the C compiler identification source "CMakeCCompilerId.c" produced "a.out"

The C compiler identification is GNU, found in "/afs/cern.ch/user/a/areigoto/developing/FCC/Gridpack_Producer_Folders/GridPackProducer/MG5_aMCatNLO/pp_tta/pp_tta_gridpack/work/MG5_aMC_v2_5_5/HEPTools/collier/COLLIER-1.2.1/build/CMakeFiles/2.8.12.2/CompilerIdC/a.out"

Compiling the CXX compiler identification source file "CMakeCXXCompilerId.cpp" succeeded.
Compiler: /cvmfs/sft.cern.ch/lcg/releases/LCG_88/gcc/4.9.1/x86_64-slc6/bin/g++ 
Build flags: 
Id flags: 

The output was:
0


Compilation of the CXX compiler identification source "CMakeCXXCompilerId.cpp" produced "a.out"

The CXX compiler identification is GNU, found in "/afs/cern.ch/user/a/areigoto/developing/FCC/Gridpack_Producer_Folders/GridPackProducer/MG5_aMCatNLO/pp_tta/pp_tta_gridpack/work/MG5_aMC_v2_5_5/HEPTools/collier/COLLIER-1.2.1/build/CMakeFiles/2.8.12.2/CompilerIdCXX/a.out"

Determining if the C compiler works passed with the following output:
Change Dir: /afs/cern.ch/user/a/areigoto/developing/FCC/Gridpack_Producer_Folders/GridPackProducer/MG5_aMCatNLO/pp_tta/pp_tta_gridpack/work/MG5_aMC_v2_5_5/HEPTools/collier/COLLIER-1.2.1/build/CMakeFiles/CMakeTmp

Run Build Command:/usr/bin/gmake "cmTryCompileExec3824923866/fast"
/usr/bin/gmake -f CMakeFiles/cmTryCompileExec3824923866.dir/build.make CMakeFiles/cmTryCompileExec3824923866.dir/build
gmake[1]: Entering directory `/afs/cern.ch/user/a/areigoto/developing/FCC/Gridpack_Producer_Folders/GridPackProducer/MG5_aMCatNLO/pp_tta/pp_tta_gridpack/work/MG5_aMC_v2_5_5/HEPTools/collier/COLLIER-1.2.1/build/CMakeFiles/CMakeTmp'
/usr/bin/cmake -E cmake_progress_report /afs/cern.ch/user/a/areigoto/developing/FCC/Gridpack_Producer_Folders/GridPackProducer/MG5_aMCatNLO/pp_tta/pp_tta_gridpack/work/MG5_aMC_v2_5_5/HEPTools/collier/COLLIER-1.2.1/build/CMakeFiles/CMakeTmp/CMakeFiles 1
Building C object CMakeFiles/cmTryCompileExec3824923866.dir/testCCompiler.c.o
/cvmfs/sft.cern.ch/lcg/releases/LCG_88/gcc/4.9.1/x86_64-slc6/bin/gcc    -o CMakeFiles/cmTryCompileExec3824923866.dir/testCCompiler.c.o   -c /afs/cern.ch/user/a/areigoto/developing/FCC/Gridpack_Producer_Folders/GridPackProducer/MG5_aMCatNLO/pp_tta/pp_tta_gridpack/work/MG5_aMC_v2_5_5/HEPTools/collier/COLLIER-1.2.1/build/CMakeFiles/CMakeTmp/testCCompiler.c
Linking C executable cmTryCompileExec3824923866
/usr/bin/cmake -E cmake_link_script CMakeFiles/cmTryCompileExec3824923866.dir/link.txt --verbose=1
/cvmfs/sft.cern.ch/lcg/releases/LCG_88/gcc/4.9.1/x86_64-slc6/bin/gcc       CMakeFiles/cmTryCompileExec3824923866.dir/testCCompiler.c.o  -o cmTryCompileExec3824923866 -rdynamic 
gmake[1]: Leaving directory `/afs/cern.ch/user/a/areigoto/developing/FCC/Gridpack_Producer_Folders/GridPackProducer/MG5_aMCatNLO/pp_tta/pp_tta_gridpack/work/MG5_aMC_v2_5_5/HEPTools/collier/COLLIER-1.2.1/build/CMakeFiles/CMakeTmp'


Detecting C compiler ABI info compiled with the following output:
Change Dir: /afs/cern.ch/user/a/areigoto/developing/FCC/Gridpack_Producer_Folders/GridPackProducer/MG5_aMCatNLO/pp_tta/pp_tta_gridpack/work/MG5_aMC_v2_5_5/HEPTools/collier/COLLIER-1.2.1/build/CMakeFiles/CMakeTmp

Run Build Command:/usr/bin/gmake "cmTryCompileExec3332204597/fast"
/usr/bin/gmake -f CMakeFiles/cmTryCompileExec3332204597.dir/build.make CMakeFiles/cmTryCompileExec3332204597.dir/build
gmake[1]: Entering directory `/afs/cern.ch/user/a/areigoto/developing/FCC/Gridpack_Producer_Folders/GridPackProducer/MG5_aMCatNLO/pp_tta/pp_tta_gridpack/work/MG5_aMC_v2_5_5/HEPTools/collier/COLLIER-1.2.1/build/CMakeFiles/CMakeTmp'
/usr/bin/cmake -E cmake_progress_report /afs/cern.ch/user/a/areigoto/developing/FCC/Gridpack_Producer_Folders/GridPackProducer/MG5_aMCatNLO/pp_tta/pp_tta_gridpack/work/MG5_aMC_v2_5_5/HEPTools/collier/COLLIER-1.2.1/build/CMakeFiles/CMakeTmp/CMakeFiles 1
Building C object CMakeFiles/cmTryCompileExec3332204597.dir/CMakeCCompilerABI.c.o
/cvmfs/sft.cern.ch/lcg/releases/LCG_88/gcc/4.9.1/x86_64-slc6/bin/gcc    -o CMakeFiles/cmTryCompileExec3332204597.dir/CMakeCCompilerABI.c.o   -c /usr/share/cmake/Modules/CMakeCCompilerABI.c
Linking C executable cmTryCompileExec3332204597
/usr/bin/cmake -E cmake_link_script CMakeFiles/cmTryCompileExec3332204597.dir/link.txt --verbose=1
/cvmfs/sft.cern.ch/lcg/releases/LCG_88/gcc/4.9.1/x86_64-slc6/bin/gcc     -v CMakeFiles/cmTryCompileExec3332204597.dir/CMakeCCompilerABI.c.o  -o cmTryCompileExec3332204597 -rdynamic  
Using built-in specs.
COLLECT_GCC=/cvmfs/sft.cern.ch/lcg/releases/LCG_88/gcc/4.9.1/x86_64-slc6/bin/gcc
COLLECT_LTO_WRAPPER=/cvmfs/sft.cern.ch/lcg/contrib/gcc/4.9.3/x86_64-slc6/bin/../libexec/gcc/x86_64-unknown-linux-gnu/4.9.3/lto-wrapper
Target: x86_64-unknown-linux-gnu
Configured with: ../gcc-4.9.3/configure --prefix=/build/pmendez-sftnight/install-493/ --with-system-zlib --disable-multilib --enable-languages=all
Thread model: posix
gcc version 4.9.3 (GCC) 
COMPILER_PATH=/cvmfs/sft.cern.ch/lcg/contrib/gcc/4.9.3/x86_64-slc6/bin/../libexec/gcc/x86_64-unknown-linux-gnu/4.9.3/:/cvmfs/sft.cern.ch/lcg/contrib/gcc/4.9.3/x86_64-slc6/bin/../libexec/gcc/:/cvmfs/sft.cern.ch/lcg/releases/LCG_88/gcc/4.9.1/x86_64-slc6/lib/gcc/x86_64-unknown-linux-gnu/4.9.3/
LIBRARY_PATH=/cvmfs/sft.cern.ch/lcg/contrib/gcc/4.9.3/x86_64-slc6/bin/../lib/gcc/x86_64-unknown-linux-gnu/4.9.3/:/cvmfs/sft.cern.ch/lcg/contrib/gcc/4.9.3/x86_64-slc6/bin/../lib/gcc/:/cvmfs/sft.cern.ch/lcg/contrib/gcc/4.9.3/x86_64-slc6/bin/../lib/gcc/x86_64-unknown-linux-gnu/4.9.3/../../../../lib64/:/lib/../lib64/:/usr/lib/../lib64/:/cvmfs/sft.cern.ch/lcg/contrib/gcc/4.9.3/x86_64-slc6/bin/../lib/gcc/x86_64-unknown-linux-gnu/4.9.3/../../../:/lib/:/usr/lib/
COLLECT_GCC_OPTIONS='-v' '-o' 'cmTryCompileExec3332204597' '-rdynamic' '-mtune=generic' '-march=x86-64'
 /cvmfs/sft.cern.ch/lcg/contrib/gcc/4.9.3/x86_64-slc6/bin/../libexec/gcc/x86_64-unknown-linux-gnu/4.9.3/collect2 --eh-frame-hdr -m elf_x86_64 -export-dynamic -dynamic-linker /lib64/ld-linux-x86-64.so.2 -o cmTryCompileExec3332204597 /usr/lib/../lib64/crt1.o /usr/lib/../lib64/crti.o /cvmfs/sft.cern.ch/lcg/contrib/gcc/4.9.3/x86_64-slc6/bin/../lib/gcc/x86_64-unknown-linux-gnu/4.9.3/crtbegin.o -L/cvmfs/sft.cern.ch/lcg/contrib/gcc/4.9.3/x86_64-slc6/bin/../lib/gcc/x86_64-unknown-linux-gnu/4.9.3 -L/cvmfs/sft.cern.ch/lcg/contrib/gcc/4.9.3/x86_64-slc6/bin/../lib/gcc -L/cvmfs/sft.cern.ch/lcg/contrib/gcc/4.9.3/x86_64-slc6/bin/../lib/gcc/x86_64-unknown-linux-gnu/4.9.3/../../../../lib64 -L/lib/../lib64 -L/usr/lib/../lib64 -L/cvmfs/sft.cern.ch/lcg/contrib/gcc/4.9.3/x86_64-slc6/bin/../lib/gcc/x86_64-unknown-linux-gnu/4.9.3/../../.. CMakeFiles/cmTryCompileExec3332204597.dir/CMakeCCompilerABI.c.o -lgcc --as-needed -lgcc_s --no-as-needed -lc -lgcc --as-needed -lgcc_s --no-as-needed /cvmfs/sft.cern.ch/lcg/contrib/gcc/4.9.3/x86_64-slc6/bin/../lib/gcc/x86_64-unknown-linux-gnu/4.9.3/crtend.o /usr/lib/../lib64/crtn.o
gmake[1]: Leaving directory `/afs/cern.ch/user/a/areigoto/developing/FCC/Gridpack_Producer_Folders/GridPackProducer/MG5_aMCatNLO/pp_tta/pp_tta_gridpack/work/MG5_aMC_v2_5_5/HEPTools/collier/COLLIER-1.2.1/build/CMakeFiles/CMakeTmp'


Parsed C implicit link information from above output:
  link line regex: [^( *|.*[/\])(ld|([^/\]+-)?ld|collect2)[^/\]*( |$)]
  ignore line: [Change Dir: /afs/cern.ch/user/a/areigoto/developing/FCC/Gridpack_Producer_Folders/GridPackProducer/MG5_aMCatNLO/pp_tta/pp_tta_gridpack/work/MG5_aMC_v2_5_5/HEPTools/collier/COLLIER-1.2.1/build/CMakeFiles/CMakeTmp]
  ignore line: []
  ignore line: [Run Build Command:/usr/bin/gmake "cmTryCompileExec3332204597/fast"]
  ignore line: [/usr/bin/gmake -f CMakeFiles/cmTryCompileExec3332204597.dir/build.make CMakeFiles/cmTryCompileExec3332204597.dir/build]
  ignore line: [gmake[1]: Entering directory `/afs/cern.ch/user/a/areigoto/developing/FCC/Gridpack_Producer_Folders/GridPackProducer/MG5_aMCatNLO/pp_tta/pp_tta_gridpack/work/MG5_aMC_v2_5_5/HEPTools/collier/COLLIER-1.2.1/build/CMakeFiles/CMakeTmp']
  ignore line: [/usr/bin/cmake -E cmake_progress_report /afs/cern.ch/user/a/areigoto/developing/FCC/Gridpack_Producer_Folders/GridPackProducer/MG5_aMCatNLO/pp_tta/pp_tta_gridpack/work/MG5_aMC_v2_5_5/HEPTools/collier/COLLIER-1.2.1/build/CMakeFiles/CMakeTmp/CMakeFiles 1]
  ignore line: [Building C object CMakeFiles/cmTryCompileExec3332204597.dir/CMakeCCompilerABI.c.o]
  ignore line: [/cvmfs/sft.cern.ch/lcg/releases/LCG_88/gcc/4.9.1/x86_64-slc6/bin/gcc    -o CMakeFiles/cmTryCompileExec3332204597.dir/CMakeCCompilerABI.c.o   -c /usr/share/cmake/Modules/CMakeCCompilerABI.c]
  ignore line: [Linking C executable cmTryCompileExec3332204597]
  ignore line: [/usr/bin/cmake -E cmake_link_script CMakeFiles/cmTryCompileExec3332204597.dir/link.txt --verbose=1]
  ignore line: [/cvmfs/sft.cern.ch/lcg/releases/LCG_88/gcc/4.9.1/x86_64-slc6/bin/gcc     -v CMakeFiles/cmTryCompileExec3332204597.dir/CMakeCCompilerABI.c.o  -o cmTryCompileExec3332204597 -rdynamic  ]
  ignore line: [Using built-in specs.]
  ignore line: [COLLECT_GCC=/cvmfs/sft.cern.ch/lcg/releases/LCG_88/gcc/4.9.1/x86_64-slc6/bin/gcc]
  ignore line: [COLLECT_LTO_WRAPPER=/cvmfs/sft.cern.ch/lcg/contrib/gcc/4.9.3/x86_64-slc6/bin/../libexec/gcc/x86_64-unknown-linux-gnu/4.9.3/lto-wrapper]
  ignore line: [Target: x86_64-unknown-linux-gnu]
  ignore line: [Configured with: ../gcc-4.9.3/configure --prefix=/build/pmendez-sftnight/install-493/ --with-system-zlib --disable-multilib --enable-languages=all]
  ignore line: [Thread model: posix]
  ignore line: [gcc version 4.9.3 (GCC) ]
  ignore line: [COMPILER_PATH=/cvmfs/sft.cern.ch/lcg/contrib/gcc/4.9.3/x86_64-slc6/bin/../libexec/gcc/x86_64-unknown-linux-gnu/4.9.3/:/cvmfs/sft.cern.ch/lcg/contrib/gcc/4.9.3/x86_64-slc6/bin/../libexec/gcc/:/cvmfs/sft.cern.ch/lcg/releases/LCG_88/gcc/4.9.1/x86_64-slc6/lib/gcc/x86_64-unknown-linux-gnu/4.9.3/]
  ignore line: [LIBRARY_PATH=/cvmfs/sft.cern.ch/lcg/contrib/gcc/4.9.3/x86_64-slc6/bin/../lib/gcc/x86_64-unknown-linux-gnu/4.9.3/:/cvmfs/sft.cern.ch/lcg/contrib/gcc/4.9.3/x86_64-slc6/bin/../lib/gcc/:/cvmfs/sft.cern.ch/lcg/contrib/gcc/4.9.3/x86_64-slc6/bin/../lib/gcc/x86_64-unknown-linux-gnu/4.9.3/../../../../lib64/:/lib/../lib64/:/usr/lib/../lib64/:/cvmfs/sft.cern.ch/lcg/contrib/gcc/4.9.3/x86_64-slc6/bin/../lib/gcc/x86_64-unknown-linux-gnu/4.9.3/../../../:/lib/:/usr/lib/]
  ignore line: [COLLECT_GCC_OPTIONS='-v' '-o' 'cmTryCompileExec3332204597' '-rdynamic' '-mtune=generic' '-march=x86-64']
  link line: [ /cvmfs/sft.cern.ch/lcg/contrib/gcc/4.9.3/x86_64-slc6/bin/../libexec/gcc/x86_64-unknown-linux-gnu/4.9.3/collect2 --eh-frame-hdr -m elf_x86_64 -export-dynamic -dynamic-linker /lib64/ld-linux-x86-64.so.2 -o cmTryCompileExec3332204597 /usr/lib/../lib64/crt1.o /usr/lib/../lib64/crti.o /cvmfs/sft.cern.ch/lcg/contrib/gcc/4.9.3/x86_64-slc6/bin/../lib/gcc/x86_64-unknown-linux-gnu/4.9.3/crtbegin.o -L/cvmfs/sft.cern.ch/lcg/contrib/gcc/4.9.3/x86_64-slc6/bin/../lib/gcc/x86_64-unknown-linux-gnu/4.9.3 -L/cvmfs/sft.cern.ch/lcg/contrib/gcc/4.9.3/x86_64-slc6/bin/../lib/gcc -L/cvmfs/sft.cern.ch/lcg/contrib/gcc/4.9.3/x86_64-slc6/bin/../lib/gcc/x86_64-unknown-linux-gnu/4.9.3/../../../../lib64 -L/lib/../lib64 -L/usr/lib/../lib64 -L/cvmfs/sft.cern.ch/lcg/contrib/gcc/4.9.3/x86_64-slc6/bin/../lib/gcc/x86_64-unknown-linux-gnu/4.9.3/../../.. CMakeFiles/cmTryCompileExec3332204597.dir/CMakeCCompilerABI.c.o -lgcc --as-needed -lgcc_s --no-as-needed -lc -lgcc --as-needed -lgcc_s --no-as-needed /cvmfs/sft.cern.ch/lcg/contrib/gcc/4.9.3/x86_64-slc6/bin/../lib/gcc/x86_64-unknown-linux-gnu/4.9.3/crtend.o /usr/lib/../lib64/crtn.o]
    arg [/cvmfs/sft.cern.ch/lcg/contrib/gcc/4.9.3/x86_64-slc6/bin/../libexec/gcc/x86_64-unknown-linux-gnu/4.9.3/collect2] ==> ignore
    arg [--eh-frame-hdr] ==> ignore
    arg [-m] ==> ignore
    arg [elf_x86_64] ==> ignore
    arg [-export-dynamic] ==> ignore
    arg [-dynamic-linker] ==> ignore
    arg [/lib64/ld-linux-x86-64.so.2] ==> ignore
    arg [-o] ==> ignore
    arg [cmTryCompileExec3332204597] ==> ignore
    arg [/usr/lib/../lib64/crt1.o] ==> ignore
    arg [/usr/lib/../lib64/crti.o] ==> ignore
    arg [/cvmfs/sft.cern.ch/lcg/contrib/gcc/4.9.3/x86_64-slc6/bin/../lib/gcc/x86_64-unknown-linux-gnu/4.9.3/crtbegin.o] ==> ignore
    arg [-L/cvmfs/sft.cern.ch/lcg/contrib/gcc/4.9.3/x86_64-slc6/bin/../lib/gcc/x86_64-unknown-linux-gnu/4.9.3] ==> dir [/cvmfs/sft.cern.ch/lcg/contrib/gcc/4.9.3/x86_64-slc6/bin/../lib/gcc/x86_64-unknown-linux-gnu/4.9.3]
    arg [-L/cvmfs/sft.cern.ch/lcg/contrib/gcc/4.9.3/x86_64-slc6/bin/../lib/gcc] ==> dir [/cvmfs/sft.cern.ch/lcg/contrib/gcc/4.9.3/x86_64-slc6/bin/../lib/gcc]
    arg [-L/cvmfs/sft.cern.ch/lcg/contrib/gcc/4.9.3/x86_64-slc6/bin/../lib/gcc/x86_64-unknown-linux-gnu/4.9.3/../../../../lib64] ==> dir [/cvmfs/sft.cern.ch/lcg/contrib/gcc/4.9.3/x86_64-slc6/bin/../lib/gcc/x86_64-unknown-linux-gnu/4.9.3/../../../../lib64]
    arg [-L/lib/../lib64] ==> dir [/lib/../lib64]
    arg [-L/usr/lib/../lib64] ==> dir [/usr/lib/../lib64]
    arg [-L/cvmfs/sft.cern.ch/lcg/contrib/gcc/4.9.3/x86_64-slc6/bin/../lib/gcc/x86_64-unknown-linux-gnu/4.9.3/../../..] ==> dir [/cvmfs/sft.cern.ch/lcg/contrib/gcc/4.9.3/x86_64-slc6/bin/../lib/gcc/x86_64-unknown-linux-gnu/4.9.3/../../..]
    arg [CMakeFiles/cmTryCompileExec3332204597.dir/CMakeCCompilerABI.c.o] ==> ignore
    arg [-lgcc] ==> lib [gcc]
    arg [--as-needed] ==> ignore
    arg [-lgcc_s] ==> lib [gcc_s]
    arg [--no-as-needed] ==> ignore
    arg [-lc] ==> lib [c]
    arg [-lgcc] ==> lib [gcc]
    arg [--as-needed] ==> ignore
    arg [-lgcc_s] ==> lib [gcc_s]
    arg [--no-as-needed] ==> ignore
    arg [/cvmfs/sft.cern.ch/lcg/contrib/gcc/4.9.3/x86_64-slc6/bin/../lib/gcc/x86_64-unknown-linux-gnu/4.9.3/crtend.o] ==> ignore
    arg [/usr/lib/../lib64/crtn.o] ==> ignore
  remove lib [gcc]
  remove lib [gcc_s]
  remove lib [gcc]
  remove lib [gcc_s]
  collapse library dir [/cvmfs/sft.cern.ch/lcg/contrib/gcc/4.9.3/x86_64-slc6/bin/../lib/gcc/x86_64-unknown-linux-gnu/4.9.3] ==> [/cvmfs/sft.cern.ch/lcg/contrib/gcc/4.9.3/x86_64-slc6/lib/gcc/x86_64-unknown-linux-gnu/4.9.3]
  collapse library dir [/cvmfs/sft.cern.ch/lcg/contrib/gcc/4.9.3/x86_64-slc6/bin/../lib/gcc] ==> [/cvmfs/sft.cern.ch/lcg/contrib/gcc/4.9.3/x86_64-slc6/lib/gcc]
  collapse library dir [/cvmfs/sft.cern.ch/lcg/contrib/gcc/4.9.3/x86_64-slc6/bin/../lib/gcc/x86_64-unknown-linux-gnu/4.9.3/../../../../lib64] ==> [/cvmfs/sft.cern.ch/lcg/contrib/gcc/4.9.3/x86_64-slc6/lib64]
  collapse library dir [/lib/../lib64] ==> [/lib64]
  collapse library dir [/usr/lib/../lib64] ==> [/usr/lib64]
  collapse library dir [/cvmfs/sft.cern.ch/lcg/contrib/gcc/4.9.3/x86_64-slc6/bin/../lib/gcc/x86_64-unknown-linux-gnu/4.9.3/../../..] ==> [/cvmfs/sft.cern.ch/lcg/contrib/gcc/4.9.3/x86_64-slc6/lib]
  implicit libs: [c]
  implicit dirs: [/cvmfs/sft.cern.ch/lcg/contrib/gcc/4.9.3/x86_64-slc6/lib/gcc/x86_64-unknown-linux-gnu/4.9.3;/cvmfs/sft.cern.ch/lcg/contrib/gcc/4.9.3/x86_64-slc6/lib/gcc;/cvmfs/sft.cern.ch/lcg/contrib/gcc/4.9.3/x86_64-slc6/lib64;/lib64;/usr/lib64;/cvmfs/sft.cern.ch/lcg/contrib/gcc/4.9.3/x86_64-slc6/lib]
  implicit fwks: []


Determining if the CXX compiler works passed with the following output:
Change Dir: /afs/cern.ch/user/a/areigoto/developing/FCC/Gridpack_Producer_Folders/GridPackProducer/MG5_aMCatNLO/pp_tta/pp_tta_gridpack/work/MG5_aMC_v2_5_5/HEPTools/collier/COLLIER-1.2.1/build/CMakeFiles/CMakeTmp

Run Build Command:/usr/bin/gmake "cmTryCompileExec3553735149/fast"
/usr/bin/gmake -f CMakeFiles/cmTryCompileExec3553735149.dir/build.make CMakeFiles/cmTryCompileExec3553735149.dir/build
gmake[1]: Entering directory `/afs/cern.ch/user/a/areigoto/developing/FCC/Gridpack_Producer_Folders/GridPackProducer/MG5_aMCatNLO/pp_tta/pp_tta_gridpack/work/MG5_aMC_v2_5_5/HEPTools/collier/COLLIER-1.2.1/build/CMakeFiles/CMakeTmp'
/usr/bin/cmake -E cmake_progress_report /afs/cern.ch/user/a/areigoto/developing/FCC/Gridpack_Producer_Folders/GridPackProducer/MG5_aMCatNLO/pp_tta/pp_tta_gridpack/work/MG5_aMC_v2_5_5/HEPTools/collier/COLLIER-1.2.1/build/CMakeFiles/CMakeTmp/CMakeFiles 1
Building CXX object CMakeFiles/cmTryCompileExec3553735149.dir/testCXXCompiler.cxx.o
/cvmfs/sft.cern.ch/lcg/releases/LCG_88/gcc/4.9.1/x86_64-slc6/bin/g++     -o CMakeFiles/cmTryCompileExec3553735149.dir/testCXXCompiler.cxx.o -c /afs/cern.ch/user/a/areigoto/developing/FCC/Gridpack_Producer_Folders/GridPackProducer/MG5_aMCatNLO/pp_tta/pp_tta_gridpack/work/MG5_aMC_v2_5_5/HEPTools/collier/COLLIER-1.2.1/build/CMakeFiles/CMakeTmp/testCXXCompiler.cxx
Linking CXX executable cmTryCompileExec3553735149
/usr/bin/cmake -E cmake_link_script CMakeFiles/cmTryCompileExec3553735149.dir/link.txt --verbose=1
/cvmfs/sft.cern.ch/lcg/releases/LCG_88/gcc/4.9.1/x86_64-slc6/bin/g++        CMakeFiles/cmTryCompileExec3553735149.dir/testCXXCompiler.cxx.o  -o cmTryCompileExec3553735149 -rdynamic 
gmake[1]: Leaving directory `/afs/cern.ch/user/a/areigoto/developing/FCC/Gridpack_Producer_Folders/GridPackProducer/MG5_aMCatNLO/pp_tta/pp_tta_gridpack/work/MG5_aMC_v2_5_5/HEPTools/collier/COLLIER-1.2.1/build/CMakeFiles/CMakeTmp'


Detecting CXX compiler ABI info compiled with the following output:
Change Dir: /afs/cern.ch/user/a/areigoto/developing/FCC/Gridpack_Producer_Folders/GridPackProducer/MG5_aMCatNLO/pp_tta/pp_tta_gridpack/work/MG5_aMC_v2_5_5/HEPTools/collier/COLLIER-1.2.1/build/CMakeFiles/CMakeTmp

Run Build Command:/usr/bin/gmake "cmTryCompileExec3560636974/fast"
/usr/bin/gmake -f CMakeFiles/cmTryCompileExec3560636974.dir/build.make CMakeFiles/cmTryCompileExec3560636974.dir/build
gmake[1]: Entering directory `/afs/cern.ch/user/a/areigoto/developing/FCC/Gridpack_Producer_Folders/GridPackProducer/MG5_aMCatNLO/pp_tta/pp_tta_gridpack/work/MG5_aMC_v2_5_5/HEPTools/collier/COLLIER-1.2.1/build/CMakeFiles/CMakeTmp'
/usr/bin/cmake -E cmake_progress_report /afs/cern.ch/user/a/areigoto/developing/FCC/Gridpack_Producer_Folders/GridPackProducer/MG5_aMCatNLO/pp_tta/pp_tta_gridpack/work/MG5_aMC_v2_5_5/HEPTools/collier/COLLIER-1.2.1/build/CMakeFiles/CMakeTmp/CMakeFiles 1
Building CXX object CMakeFiles/cmTryCompileExec3560636974.dir/CMakeCXXCompilerABI.cpp.o
/cvmfs/sft.cern.ch/lcg/releases/LCG_88/gcc/4.9.1/x86_64-slc6/bin/g++     -o CMakeFiles/cmTryCompileExec3560636974.dir/CMakeCXXCompilerABI.cpp.o -c /usr/share/cmake/Modules/CMakeCXXCompilerABI.cpp
Linking CXX executable cmTryCompileExec3560636974
/usr/bin/cmake -E cmake_link_script CMakeFiles/cmTryCompileExec3560636974.dir/link.txt --verbose=1
/cvmfs/sft.cern.ch/lcg/releases/LCG_88/gcc/4.9.1/x86_64-slc6/bin/g++      -v CMakeFiles/cmTryCompileExec3560636974.dir/CMakeCXXCompilerABI.cpp.o  -o cmTryCompileExec3560636974 -rdynamic  
Using built-in specs.
COLLECT_GCC=/cvmfs/sft.cern.ch/lcg/releases/LCG_88/gcc/4.9.1/x86_64-slc6/bin/g++
COLLECT_LTO_WRAPPER=/cvmfs/sft.cern.ch/lcg/contrib/gcc/4.9.3/x86_64-slc6/bin/../libexec/gcc/x86_64-unknown-linux-gnu/4.9.3/lto-wrapper
Target: x86_64-unknown-linux-gnu
Configured with: ../gcc-4.9.3/configure --prefix=/build/pmendez-sftnight/install-493/ --with-system-zlib --disable-multilib --enable-languages=all
Thread model: posix
gcc version 4.9.3 (GCC) 
COMPILER_PATH=/cvmfs/sft.cern.ch/lcg/contrib/gcc/4.9.3/x86_64-slc6/bin/../libexec/gcc/x86_64-unknown-linux-gnu/4.9.3/:/cvmfs/sft.cern.ch/lcg/contrib/gcc/4.9.3/x86_64-slc6/bin/../libexec/gcc/:/cvmfs/sft.cern.ch/lcg/releases/LCG_88/gcc/4.9.1/x86_64-slc6/lib/gcc/x86_64-unknown-linux-gnu/4.9.3/
LIBRARY_PATH=/cvmfs/sft.cern.ch/lcg/contrib/gcc/4.9.3/x86_64-slc6/bin/../lib/gcc/x86_64-unknown-linux-gnu/4.9.3/:/cvmfs/sft.cern.ch/lcg/contrib/gcc/4.9.3/x86_64-slc6/bin/../lib/gcc/:/cvmfs/sft.cern.ch/lcg/contrib/gcc/4.9.3/x86_64-slc6/bin/../lib/gcc/x86_64-unknown-linux-gnu/4.9.3/../../../../lib64/:/lib/../lib64/:/usr/lib/../lib64/:/cvmfs/sft.cern.ch/lcg/contrib/gcc/4.9.3/x86_64-slc6/bin/../lib/gcc/x86_64-unknown-linux-gnu/4.9.3/../../../:/lib/:/usr/lib/
COLLECT_GCC_OPTIONS='-v' '-o' 'cmTryCompileExec3560636974' '-rdynamic' '-shared-libgcc' '-mtune=generic' '-march=x86-64'
 /cvmfs/sft.cern.ch/lcg/contrib/gcc/4.9.3/x86_64-slc6/bin/../libexec/gcc/x86_64-unknown-linux-gnu/4.9.3/collect2 --eh-frame-hdr -m elf_x86_64 -export-dynamic -dynamic-linker /lib64/ld-linux-x86-64.so.2 -o cmTryCompileExec3560636974 /usr/lib/../lib64/crt1.o /usr/lib/../lib64/crti.o /cvmfs/sft.cern.ch/lcg/contrib/gcc/4.9.3/x86_64-slc6/bin/../lib/gcc/x86_64-unknown-linux-gnu/4.9.3/crtbegin.o -L/cvmfs/sft.cern.ch/lcg/contrib/gcc/4.9.3/x86_64-slc6/bin/../lib/gcc/x86_64-unknown-linux-gnu/4.9.3 -L/cvmfs/sft.cern.ch/lcg/contrib/gcc/4.9.3/x86_64-slc6/bin/../lib/gcc -L/cvmfs/sft.cern.ch/lcg/contrib/gcc/4.9.3/x86_64-slc6/bin/../lib/gcc/x86_64-unknown-linux-gnu/4.9.3/../../../../lib64 -L/lib/../lib64 -L/usr/lib/../lib64 -L/cvmfs/sft.cern.ch/lcg/contrib/gcc/4.9.3/x86_64-slc6/bin/../lib/gcc/x86_64-unknown-linux-gnu/4.9.3/../../.. CMakeFiles/cmTryCompileExec3560636974.dir/CMakeCXXCompilerABI.cpp.o -lstdc++ -lm -lgcc_s -lgcc -lc -lgcc_s -lgcc /cvmfs/sft.cern.ch/lcg/contrib/gcc/4.9.3/x86_64-slc6/bin/../lib/gcc/x86_64-unknown-linux-gnu/4.9.3/crtend.o /usr/lib/../lib64/crtn.o
gmake[1]: Leaving directory `/afs/cern.ch/user/a/areigoto/developing/FCC/Gridpack_Producer_Folders/GridPackProducer/MG5_aMCatNLO/pp_tta/pp_tta_gridpack/work/MG5_aMC_v2_5_5/HEPTools/collier/COLLIER-1.2.1/build/CMakeFiles/CMakeTmp'


Parsed CXX implicit link information from above output:
  link line regex: [^( *|.*[/\])(ld|([^/\]+-)?ld|collect2)[^/\]*( |$)]
  ignore line: [Change Dir: /afs/cern.ch/user/a/areigoto/developing/FCC/Gridpack_Producer_Folders/GridPackProducer/MG5_aMCatNLO/pp_tta/pp_tta_gridpack/work/MG5_aMC_v2_5_5/HEPTools/collier/COLLIER-1.2.1/build/CMakeFiles/CMakeTmp]
  ignore line: []
  ignore line: [Run Build Command:/usr/bin/gmake "cmTryCompileExec3560636974/fast"]
  ignore line: [/usr/bin/gmake -f CMakeFiles/cmTryCompileExec3560636974.dir/build.make CMakeFiles/cmTryCompileExec3560636974.dir/build]
  ignore line: [gmake[1]: Entering directory `/afs/cern.ch/user/a/areigoto/developing/FCC/Gridpack_Producer_Folders/GridPackProducer/MG5_aMCatNLO/pp_tta/pp_tta_gridpack/work/MG5_aMC_v2_5_5/HEPTools/collier/COLLIER-1.2.1/build/CMakeFiles/CMakeTmp']
  ignore line: [/usr/bin/cmake -E cmake_progress_report /afs/cern.ch/user/a/areigoto/developing/FCC/Gridpack_Producer_Folders/GridPackProducer/MG5_aMCatNLO/pp_tta/pp_tta_gridpack/work/MG5_aMC_v2_5_5/HEPTools/collier/COLLIER-1.2.1/build/CMakeFiles/CMakeTmp/CMakeFiles 1]
  ignore line: [Building CXX object CMakeFiles/cmTryCompileExec3560636974.dir/CMakeCXXCompilerABI.cpp.o]
  ignore line: [/cvmfs/sft.cern.ch/lcg/releases/LCG_88/gcc/4.9.1/x86_64-slc6/bin/g++     -o CMakeFiles/cmTryCompileExec3560636974.dir/CMakeCXXCompilerABI.cpp.o -c /usr/share/cmake/Modules/CMakeCXXCompilerABI.cpp]
  ignore line: [Linking CXX executable cmTryCompileExec3560636974]
  ignore line: [/usr/bin/cmake -E cmake_link_script CMakeFiles/cmTryCompileExec3560636974.dir/link.txt --verbose=1]
  ignore line: [/cvmfs/sft.cern.ch/lcg/releases/LCG_88/gcc/4.9.1/x86_64-slc6/bin/g++      -v CMakeFiles/cmTryCompileExec3560636974.dir/CMakeCXXCompilerABI.cpp.o  -o cmTryCompileExec3560636974 -rdynamic  ]
  ignore line: [Using built-in specs.]
  ignore line: [COLLECT_GCC=/cvmfs/sft.cern.ch/lcg/releases/LCG_88/gcc/4.9.1/x86_64-slc6/bin/g++]
  ignore line: [COLLECT_LTO_WRAPPER=/cvmfs/sft.cern.ch/lcg/contrib/gcc/4.9.3/x86_64-slc6/bin/../libexec/gcc/x86_64-unknown-linux-gnu/4.9.3/lto-wrapper]
  ignore line: [Target: x86_64-unknown-linux-gnu]
  ignore line: [Configured with: ../gcc-4.9.3/configure --prefix=/build/pmendez-sftnight/install-493/ --with-system-zlib --disable-multilib --enable-languages=all]
  ignore line: [Thread model: posix]
  ignore line: [gcc version 4.9.3 (GCC) ]
  ignore line: [COMPILER_PATH=/cvmfs/sft.cern.ch/lcg/contrib/gcc/4.9.3/x86_64-slc6/bin/../libexec/gcc/x86_64-unknown-linux-gnu/4.9.3/:/cvmfs/sft.cern.ch/lcg/contrib/gcc/4.9.3/x86_64-slc6/bin/../libexec/gcc/:/cvmfs/sft.cern.ch/lcg/releases/LCG_88/gcc/4.9.1/x86_64-slc6/lib/gcc/x86_64-unknown-linux-gnu/4.9.3/]
  ignore line: [LIBRARY_PATH=/cvmfs/sft.cern.ch/lcg/contrib/gcc/4.9.3/x86_64-slc6/bin/../lib/gcc/x86_64-unknown-linux-gnu/4.9.3/:/cvmfs/sft.cern.ch/lcg/contrib/gcc/4.9.3/x86_64-slc6/bin/../lib/gcc/:/cvmfs/sft.cern.ch/lcg/contrib/gcc/4.9.3/x86_64-slc6/bin/../lib/gcc/x86_64-unknown-linux-gnu/4.9.3/../../../../lib64/:/lib/../lib64/:/usr/lib/../lib64/:/cvmfs/sft.cern.ch/lcg/contrib/gcc/4.9.3/x86_64-slc6/bin/../lib/gcc/x86_64-unknown-linux-gnu/4.9.3/../../../:/lib/:/usr/lib/]
  ignore line: [COLLECT_GCC_OPTIONS='-v' '-o' 'cmTryCompileExec3560636974' '-rdynamic' '-shared-libgcc' '-mtune=generic' '-march=x86-64']
  link line: [ /cvmfs/sft.cern.ch/lcg/contrib/gcc/4.9.3/x86_64-slc6/bin/../libexec/gcc/x86_64-unknown-linux-gnu/4.9.3/collect2 --eh-frame-hdr -m elf_x86_64 -export-dynamic -dynamic-linker /lib64/ld-linux-x86-64.so.2 -o cmTryCompileExec3560636974 /usr/lib/../lib64/crt1.o /usr/lib/../lib64/crti.o /cvmfs/sft.cern.ch/lcg/contrib/gcc/4.9.3/x86_64-slc6/bin/../lib/gcc/x86_64-unknown-linux-gnu/4.9.3/crtbegin.o -L/cvmfs/sft.cern.ch/lcg/contrib/gcc/4.9.3/x86_64-slc6/bin/../lib/gcc/x86_64-unknown-linux-gnu/4.9.3 -L/cvmfs/sft.cern.ch/lcg/contrib/gcc/4.9.3/x86_64-slc6/bin/../lib/gcc -L/cvmfs/sft.cern.ch/lcg/contrib/gcc/4.9.3/x86_64-slc6/bin/../lib/gcc/x86_64-unknown-linux-gnu/4.9.3/../../../../lib64 -L/lib/../lib64 -L/usr/lib/../lib64 -L/cvmfs/sft.cern.ch/lcg/contrib/gcc/4.9.3/x86_64-slc6/bin/../lib/gcc/x86_64-unknown-linux-gnu/4.9.3/../../.. CMakeFiles/cmTryCompileExec3560636974.dir/CMakeCXXCompilerABI.cpp.o -lstdc++ -lm -lgcc_s -lgcc -lc -lgcc_s -lgcc /cvmfs/sft.cern.ch/lcg/contrib/gcc/4.9.3/x86_64-slc6/bin/../lib/gcc/x86_64-unknown-linux-gnu/4.9.3/crtend.o /usr/lib/../lib64/crtn.o]
    arg [/cvmfs/sft.cern.ch/lcg/contrib/gcc/4.9.3/x86_64-slc6/bin/../libexec/gcc/x86_64-unknown-linux-gnu/4.9.3/collect2] ==> ignore
    arg [--eh-frame-hdr] ==> ignore
    arg [-m] ==> ignore
    arg [elf_x86_64] ==> ignore
    arg [-export-dynamic] ==> ignore
    arg [-dynamic-linker] ==> ignore
    arg [/lib64/ld-linux-x86-64.so.2] ==> ignore
    arg [-o] ==> ignore
    arg [cmTryCompileExec3560636974] ==> ignore
    arg [/usr/lib/../lib64/crt1.o] ==> ignore
    arg [/usr/lib/../lib64/crti.o] ==> ignore
    arg [/cvmfs/sft.cern.ch/lcg/contrib/gcc/4.9.3/x86_64-slc6/bin/../lib/gcc/x86_64-unknown-linux-gnu/4.9.3/crtbegin.o] ==> ignore
    arg [-L/cvmfs/sft.cern.ch/lcg/contrib/gcc/4.9.3/x86_64-slc6/bin/../lib/gcc/x86_64-unknown-linux-gnu/4.9.3] ==> dir [/cvmfs/sft.cern.ch/lcg/contrib/gcc/4.9.3/x86_64-slc6/bin/../lib/gcc/x86_64-unknown-linux-gnu/4.9.3]
    arg [-L/cvmfs/sft.cern.ch/lcg/contrib/gcc/4.9.3/x86_64-slc6/bin/../lib/gcc] ==> dir [/cvmfs/sft.cern.ch/lcg/contrib/gcc/4.9.3/x86_64-slc6/bin/../lib/gcc]
    arg [-L/cvmfs/sft.cern.ch/lcg/contrib/gcc/4.9.3/x86_64-slc6/bin/../lib/gcc/x86_64-unknown-linux-gnu/4.9.3/../../../../lib64] ==> dir [/cvmfs/sft.cern.ch/lcg/contrib/gcc/4.9.3/x86_64-slc6/bin/../lib/gcc/x86_64-unknown-linux-gnu/4.9.3/../../../../lib64]
    arg [-L/lib/../lib64] ==> dir [/lib/../lib64]
    arg [-L/usr/lib/../lib64] ==> dir [/usr/lib/../lib64]
    arg [-L/cvmfs/sft.cern.ch/lcg/contrib/gcc/4.9.3/x86_64-slc6/bin/../lib/gcc/x86_64-unknown-linux-gnu/4.9.3/../../..] ==> dir [/cvmfs/sft.cern.ch/lcg/contrib/gcc/4.9.3/x86_64-slc6/bin/../lib/gcc/x86_64-unknown-linux-gnu/4.9.3/../../..]
    arg [CMakeFiles/cmTryCompileExec3560636974.dir/CMakeCXXCompilerABI.cpp.o] ==> ignore
    arg [-lstdc++] ==> lib [stdc++]
    arg [-lm] ==> lib [m]
    arg [-lgcc_s] ==> lib [gcc_s]
    arg [-lgcc] ==> lib [gcc]
    arg [-lc] ==> lib [c]
    arg [-lgcc_s] ==> lib [gcc_s]
    arg [-lgcc] ==> lib [gcc]
    arg [/cvmfs/sft.cern.ch/lcg/contrib/gcc/4.9.3/x86_64-slc6/bin/../lib/gcc/x86_64-unknown-linux-gnu/4.9.3/crtend.o] ==> ignore
    arg [/usr/lib/../lib64/crtn.o] ==> ignore
  remove lib [gcc_s]
  remove lib [gcc]
  remove lib [gcc_s]
  remove lib [gcc]
  collapse library dir [/cvmfs/sft.cern.ch/lcg/contrib/gcc/4.9.3/x86_64-slc6/bin/../lib/gcc/x86_64-unknown-linux-gnu/4.9.3] ==> [/cvmfs/sft.cern.ch/lcg/contrib/gcc/4.9.3/x86_64-slc6/lib/gcc/x86_64-unknown-linux-gnu/4.9.3]
  collapse library dir [/cvmfs/sft.cern.ch/lcg/contrib/gcc/4.9.3/x86_64-slc6/bin/../lib/gcc] ==> [/cvmfs/sft.cern.ch/lcg/contrib/gcc/4.9.3/x86_64-slc6/lib/gcc]
  collapse library dir [/cvmfs/sft.cern.ch/lcg/contrib/gcc/4.9.3/x86_64-slc6/bin/../lib/gcc/x86_64-unknown-linux-gnu/4.9.3/../../../../lib64] ==> [/cvmfs/sft.cern.ch/lcg/contrib/gcc/4.9.3/x86_64-slc6/lib64]
  collapse library dir [/lib/../lib64] ==> [/lib64]
  collapse library dir [/usr/lib/../lib64] ==> [/usr/lib64]
  collapse library dir [/cvmfs/sft.cern.ch/lcg/contrib/gcc/4.9.3/x86_64-slc6/bin/../lib/gcc/x86_64-unknown-linux-gnu/4.9.3/../../..] ==> [/cvmfs/sft.cern.ch/lcg/contrib/gcc/4.9.3/x86_64-slc6/lib]
  implicit libs: [stdc++;m;c]
  implicit dirs: [/cvmfs/sft.cern.ch/lcg/contrib/gcc/4.9.3/x86_64-slc6/lib/gcc/x86_64-unknown-linux-gnu/4.9.3;/cvmfs/sft.cern.ch/lcg/contrib/gcc/4.9.3/x86_64-slc6/lib/gcc;/cvmfs/sft.cern.ch/lcg/contrib/gcc/4.9.3/x86_64-slc6/lib64;/lib64;/usr/lib64;/cvmfs/sft.cern.ch/lcg/contrib/gcc/4.9.3/x86_64-slc6/lib]
  implicit fwks: []


Compiling the Fortran compiler identification source file "CMakeFortranCompilerId.F" succeeded.
Compiler: /cvmfs/sft.cern.ch/lcg/releases/LCG_88/gcc/4.9.1/x86_64-slc6/bin/gfortran 
Build flags: 
Id flags: 

The output was:
0


Compilation of the Fortran compiler identification source "CMakeFortranCompilerId.F" produced "a.out"

The Fortran compiler identification is GNU, found in "/afs/cern.ch/user/a/areigoto/developing/FCC/Gridpack_Producer_Folders/GridPackProducer/MG5_aMCatNLO/pp_tta/pp_tta_gridpack/work/MG5_aMC_v2_5_5/HEPTools/collier/COLLIER-1.2.1/build/CMakeFiles/2.8.12.2/CompilerIdFortran/a.out"

Determining if the Fortran compiler works passed with the following output:
Change Dir: /afs/cern.ch/user/a/areigoto/developing/FCC/Gridpack_Producer_Folders/GridPackProducer/MG5_aMCatNLO/pp_tta/pp_tta_gridpack/work/MG5_aMC_v2_5_5/HEPTools/collier/COLLIER-1.2.1/build/CMakeFiles/CMakeTmp

Run Build Command:/usr/bin/gmake "cmTryCompileExec3551921156/fast"
/usr/bin/gmake -f CMakeFiles/cmTryCompileExec3551921156.dir/build.make CMakeFiles/cmTryCompileExec3551921156.dir/build
gmake[1]: Entering directory `/afs/cern.ch/user/a/areigoto/developing/FCC/Gridpack_Producer_Folders/GridPackProducer/MG5_aMCatNLO/pp_tta/pp_tta_gridpack/work/MG5_aMC_v2_5_5/HEPTools/collier/COLLIER-1.2.1/build/CMakeFiles/CMakeTmp'
/usr/bin/cmake -E cmake_progress_report /afs/cern.ch/user/a/areigoto/developing/FCC/Gridpack_Producer_Folders/GridPackProducer/MG5_aMCatNLO/pp_tta/pp_tta_gridpack/work/MG5_aMC_v2_5_5/HEPTools/collier/COLLIER-1.2.1/build/CMakeFiles/CMakeTmp/CMakeFiles 1
Building Fortran object CMakeFiles/cmTryCompileExec3551921156.dir/testFortranCompiler.f.o
/cvmfs/sft.cern.ch/lcg/releases/LCG_88/gcc/4.9.1/x86_64-slc6/bin/gfortran    -c /afs/cern.ch/user/a/areigoto/developing/FCC/Gridpack_Producer_Folders/GridPackProducer/MG5_aMCatNLO/pp_tta/pp_tta_gridpack/work/MG5_aMC_v2_5_5/HEPTools/collier/COLLIER-1.2.1/build/CMakeFiles/CMakeTmp/testFortranCompiler.f -o CMakeFiles/cmTryCompileExec3551921156.dir/testFortranCompiler.f.o
Linking Fortran executable cmTryCompileExec3551921156
/usr/bin/cmake -E cmake_link_script CMakeFiles/cmTryCompileExec3551921156.dir/link.txt --verbose=1
/cvmfs/sft.cern.ch/lcg/releases/LCG_88/gcc/4.9.1/x86_64-slc6/bin/gfortran       CMakeFiles/cmTryCompileExec3551921156.dir/testFortranCompiler.f.o  -o cmTryCompileExec3551921156 -rdynamic 
gmake[1]: Leaving directory `/afs/cern.ch/user/a/areigoto/developing/FCC/Gridpack_Producer_Folders/GridPackProducer/MG5_aMCatNLO/pp_tta/pp_tta_gridpack/work/MG5_aMC_v2_5_5/HEPTools/collier/COLLIER-1.2.1/build/CMakeFiles/CMakeTmp'


Detecting Fortran compiler ABI info compiled with the following output:
Change Dir: /afs/cern.ch/user/a/areigoto/developing/FCC/Gridpack_Producer_Folders/GridPackProducer/MG5_aMCatNLO/pp_tta/pp_tta_gridpack/work/MG5_aMC_v2_5_5/HEPTools/collier/COLLIER-1.2.1/build/CMakeFiles/CMakeTmp

Run Build Command:/usr/bin/gmake "cmTryCompileExec2041070949/fast"
/usr/bin/gmake -f CMakeFiles/cmTryCompileExec2041070949.dir/build.make CMakeFiles/cmTryCompileExec2041070949.dir/build
gmake[1]: Entering directory `/afs/cern.ch/user/a/areigoto/developing/FCC/Gridpack_Producer_Folders/GridPackProducer/MG5_aMCatNLO/pp_tta/pp_tta_gridpack/work/MG5_aMC_v2_5_5/HEPTools/collier/COLLIER-1.2.1/build/CMakeFiles/CMakeTmp'
/usr/bin/cmake -E cmake_progress_report /afs/cern.ch/user/a/areigoto/developing/FCC/Gridpack_Producer_Folders/GridPackProducer/MG5_aMCatNLO/pp_tta/pp_tta_gridpack/work/MG5_aMC_v2_5_5/HEPTools/collier/COLLIER-1.2.1/build/CMakeFiles/CMakeTmp/CMakeFiles 1
Building Fortran object CMakeFiles/cmTryCompileExec2041070949.dir/CMakeFortranCompilerABI.F.o
/cvmfs/sft.cern.ch/lcg/releases/LCG_88/gcc/4.9.1/x86_64-slc6/bin/gfortran    -c /usr/share/cmake/Modules/CMakeFortranCompilerABI.F -o CMakeFiles/cmTryCompileExec2041070949.dir/CMakeFortranCompilerABI.F.o
Linking Fortran executable cmTryCompileExec2041070949
/usr/bin/cmake -E cmake_link_script CMakeFiles/cmTryCompileExec2041070949.dir/link.txt --verbose=1
/cvmfs/sft.cern.ch/lcg/releases/LCG_88/gcc/4.9.1/x86_64-slc6/bin/gfortran   -v   CMakeFiles/cmTryCompileExec2041070949.dir/CMakeFortranCompilerABI.F.o  -o cmTryCompileExec2041070949 -rdynamic  
Driving: /cvmfs/sft.cern.ch/lcg/releases/LCG_88/gcc/4.9.1/x86_64-slc6/bin/gfortran -v CMakeFiles/cmTryCompileExec2041070949.dir/CMakeFortranCompilerABI.F.o -o cmTryCompileExec2041070949 -rdynamic -l gfortran -l m -shared-libgcc
Using built-in specs.
COLLECT_GCC=/cvmfs/sft.cern.ch/lcg/releases/LCG_88/gcc/4.9.1/x86_64-slc6/bin/gfortran
COLLECT_LTO_WRAPPER=/cvmfs/sft.cern.ch/lcg/contrib/gcc/4.9.3/x86_64-slc6/bin/../libexec/gcc/x86_64-unknown-linux-gnu/4.9.3/lto-wrapper
Target: x86_64-unknown-linux-gnu
Configured with: ../gcc-4.9.3/configure --prefix=/build/pmendez-sftnight/install-493/ --with-system-zlib --disable-multilib --enable-languages=all
Thread model: posix
gcc version 4.9.3 (GCC) 
Reading specs from /cvmfs/sft.cern.ch/lcg/contrib/gcc/4.9.3/x86_64-slc6/bin/../lib/gcc/x86_64-unknown-linux-gnu/4.9.3/../../../../lib64/libgfortran.spec
rename spec lib to liborig
COLLECT_GCC_OPTIONS='-v' '-o' 'cmTryCompileExec2041070949' '-rdynamic' '-shared-libgcc' '-mtune=generic' '-march=x86-64'
COMPILER_PATH=/cvmfs/sft.cern.ch/lcg/contrib/gcc/4.9.3/x86_64-slc6/bin/../libexec/gcc/x86_64-unknown-linux-gnu/4.9.3/:/cvmfs/sft.cern.ch/lcg/contrib/gcc/4.9.3/x86_64-slc6/bin/../libexec/gcc/:/cvmfs/sft.cern.ch/lcg/releases/LCG_88/gcc/4.9.1/x86_64-slc6/lib/gcc/x86_64-unknown-linux-gnu/4.9.3/
LIBRARY_PATH=/cvmfs/sft.cern.ch/lcg/contrib/gcc/4.9.3/x86_64-slc6/bin/../lib/gcc/x86_64-unknown-linux-gnu/4.9.3/:/cvmfs/sft.cern.ch/lcg/contrib/gcc/4.9.3/x86_64-slc6/bin/../lib/gcc/:/cvmfs/sft.cern.ch/lcg/contrib/gcc/4.9.3/x86_64-slc6/bin/../lib/gcc/x86_64-unknown-linux-gnu/4.9.3/../../../../lib64/:/lib/../lib64/:/usr/lib/../lib64/:/cvmfs/sft.cern.ch/lcg/contrib/gcc/4.9.3/x86_64-slc6/bin/../lib/gcc/x86_64-unknown-linux-gnu/4.9.3/../../../:/lib/:/usr/lib/
COLLECT_GCC_OPTIONS='-v' '-o' 'cmTryCompileExec2041070949' '-rdynamic' '-shared-libgcc' '-mtune=generic' '-march=x86-64'
 /cvmfs/sft.cern.ch/lcg/contrib/gcc/4.9.3/x86_64-slc6/bin/../libexec/gcc/x86_64-unknown-linux-gnu/4.9.3/collect2 --eh-frame-hdr -m elf_x86_64 -export-dynamic -dynamic-linker /lib64/ld-linux-x86-64.so.2 -o cmTryCompileExec2041070949 /usr/lib/../lib64/crt1.o /usr/lib/../lib64/crti.o /cvmfs/sft.cern.ch/lcg/contrib/gcc/4.9.3/x86_64-slc6/bin/../lib/gcc/x86_64-unknown-linux-gnu/4.9.3/crtbegin.o -L/cvmfs/sft.cern.ch/lcg/contrib/gcc/4.9.3/x86_64-slc6/bin/../lib/gcc/x86_64-unknown-linux-gnu/4.9.3 -L/cvmfs/sft.cern.ch/lcg/contrib/gcc/4.9.3/x86_64-slc6/bin/../lib/gcc -L/cvmfs/sft.cern.ch/lcg/contrib/gcc/4.9.3/x86_64-slc6/bin/../lib/gcc/x86_64-unknown-linux-gnu/4.9.3/../../../../lib64 -L/lib/../lib64 -L/usr/lib/../lib64 -L/cvmfs/sft.cern.ch/lcg/contrib/gcc/4.9.3/x86_64-slc6/bin/../lib/gcc/x86_64-unknown-linux-gnu/4.9.3/../../.. CMakeFiles/cmTryCompileExec2041070949.dir/CMakeFortranCompilerABI.F.o -lgfortran -lm -lgcc_s -lgcc -lquadmath -lm -lgcc_s -lgcc -lc -lgcc_s -lgcc /cvmfs/sft.cern.ch/lcg/contrib/gcc/4.9.3/x86_64-slc6/bin/../lib/gcc/x86_64-unknown-linux-gnu/4.9.3/crtend.o /usr/lib/../lib64/crtn.o
gmake[1]: Leaving directory `/afs/cern.ch/user/a/areigoto/developing/FCC/Gridpack_Producer_Folders/GridPackProducer/MG5_aMCatNLO/pp_tta/pp_tta_gridpack/work/MG5_aMC_v2_5_5/HEPTools/collier/COLLIER-1.2.1/build/CMakeFiles/CMakeTmp'


Parsed Fortran implicit link information from above output:
  link line regex: [^( *|.*[/\])(ld|([^/\]+-)?ld|collect2)[^/\]*( |$)]
  ignore line: [Change Dir: /afs/cern.ch/user/a/areigoto/developing/FCC/Gridpack_Producer_Folders/GridPackProducer/MG5_aMCatNLO/pp_tta/pp_tta_gridpack/work/MG5_aMC_v2_5_5/HEPTools/collier/COLLIER-1.2.1/build/CMakeFiles/CMakeTmp]
  ignore line: []
  ignore line: [Run Build Command:/usr/bin/gmake "cmTryCompileExec2041070949/fast"]
  ignore line: [/usr/bin/gmake -f CMakeFiles/cmTryCompileExec2041070949.dir/build.make CMakeFiles/cmTryCompileExec2041070949.dir/build]
  ignore line: [gmake[1]: Entering directory `/afs/cern.ch/user/a/areigoto/developing/FCC/Gridpack_Producer_Folders/GridPackProducer/MG5_aMCatNLO/pp_tta/pp_tta_gridpack/work/MG5_aMC_v2_5_5/HEPTools/collier/COLLIER-1.2.1/build/CMakeFiles/CMakeTmp']
  ignore line: [/usr/bin/cmake -E cmake_progress_report /afs/cern.ch/user/a/areigoto/developing/FCC/Gridpack_Producer_Folders/GridPackProducer/MG5_aMCatNLO/pp_tta/pp_tta_gridpack/work/MG5_aMC_v2_5_5/HEPTools/collier/COLLIER-1.2.1/build/CMakeFiles/CMakeTmp/CMakeFiles 1]
  ignore line: [Building Fortran object CMakeFiles/cmTryCompileExec2041070949.dir/CMakeFortranCompilerABI.F.o]
  ignore line: [/cvmfs/sft.cern.ch/lcg/releases/LCG_88/gcc/4.9.1/x86_64-slc6/bin/gfortran    -c /usr/share/cmake/Modules/CMakeFortranCompilerABI.F -o CMakeFiles/cmTryCompileExec2041070949.dir/CMakeFortranCompilerABI.F.o]
  ignore line: [Linking Fortran executable cmTryCompileExec2041070949]
  ignore line: [/usr/bin/cmake -E cmake_link_script CMakeFiles/cmTryCompileExec2041070949.dir/link.txt --verbose=1]
  ignore line: [/cvmfs/sft.cern.ch/lcg/releases/LCG_88/gcc/4.9.1/x86_64-slc6/bin/gfortran   -v   CMakeFiles/cmTryCompileExec2041070949.dir/CMakeFortranCompilerABI.F.o  -o cmTryCompileExec2041070949 -rdynamic  ]
  ignore line: [Driving: /cvmfs/sft.cern.ch/lcg/releases/LCG_88/gcc/4.9.1/x86_64-slc6/bin/gfortran -v CMakeFiles/cmTryCompileExec2041070949.dir/CMakeFortranCompilerABI.F.o -o cmTryCompileExec2041070949 -rdynamic -l gfortran -l m -shared-libgcc]
  ignore line: [Using built-in specs.]
  ignore line: [COLLECT_GCC=/cvmfs/sft.cern.ch/lcg/releases/LCG_88/gcc/4.9.1/x86_64-slc6/bin/gfortran]
  ignore line: [COLLECT_LTO_WRAPPER=/cvmfs/sft.cern.ch/lcg/contrib/gcc/4.9.3/x86_64-slc6/bin/../libexec/gcc/x86_64-unknown-linux-gnu/4.9.3/lto-wrapper]
  ignore line: [Target: x86_64-unknown-linux-gnu]
  ignore line: [Configured with: ../gcc-4.9.3/configure --prefix=/build/pmendez-sftnight/install-493/ --with-system-zlib --disable-multilib --enable-languages=all]
  ignore line: [Thread model: posix]
  ignore line: [gcc version 4.9.3 (GCC) ]
  ignore line: [Reading specs from /cvmfs/sft.cern.ch/lcg/contrib/gcc/4.9.3/x86_64-slc6/bin/../lib/gcc/x86_64-unknown-linux-gnu/4.9.3/../../../../lib64/libgfortran.spec]
  ignore line: [rename spec lib to liborig]
  ignore line: [COLLECT_GCC_OPTIONS='-v' '-o' 'cmTryCompileExec2041070949' '-rdynamic' '-shared-libgcc' '-mtune=generic' '-march=x86-64']
  ignore line: [COMPILER_PATH=/cvmfs/sft.cern.ch/lcg/contrib/gcc/4.9.3/x86_64-slc6/bin/../libexec/gcc/x86_64-unknown-linux-gnu/4.9.3/:/cvmfs/sft.cern.ch/lcg/contrib/gcc/4.9.3/x86_64-slc6/bin/../libexec/gcc/:/cvmfs/sft.cern.ch/lcg/releases/LCG_88/gcc/4.9.1/x86_64-slc6/lib/gcc/x86_64-unknown-linux-gnu/4.9.3/]
  ignore line: [LIBRARY_PATH=/cvmfs/sft.cern.ch/lcg/contrib/gcc/4.9.3/x86_64-slc6/bin/../lib/gcc/x86_64-unknown-linux-gnu/4.9.3/:/cvmfs/sft.cern.ch/lcg/contrib/gcc/4.9.3/x86_64-slc6/bin/../lib/gcc/:/cvmfs/sft.cern.ch/lcg/contrib/gcc/4.9.3/x86_64-slc6/bin/../lib/gcc/x86_64-unknown-linux-gnu/4.9.3/../../../../lib64/:/lib/../lib64/:/usr/lib/../lib64/:/cvmfs/sft.cern.ch/lcg/contrib/gcc/4.9.3/x86_64-slc6/bin/../lib/gcc/x86_64-unknown-linux-gnu/4.9.3/../../../:/lib/:/usr/lib/]
  ignore line: [COLLECT_GCC_OPTIONS='-v' '-o' 'cmTryCompileExec2041070949' '-rdynamic' '-shared-libgcc' '-mtune=generic' '-march=x86-64']
  link line: [ /cvmfs/sft.cern.ch/lcg/contrib/gcc/4.9.3/x86_64-slc6/bin/../libexec/gcc/x86_64-unknown-linux-gnu/4.9.3/collect2 --eh-frame-hdr -m elf_x86_64 -export-dynamic -dynamic-linker /lib64/ld-linux-x86-64.so.2 -o cmTryCompileExec2041070949 /usr/lib/../lib64/crt1.o /usr/lib/../lib64/crti.o /cvmfs/sft.cern.ch/lcg/contrib/gcc/4.9.3/x86_64-slc6/bin/../lib/gcc/x86_64-unknown-linux-gnu/4.9.3/crtbegin.o -L/cvmfs/sft.cern.ch/lcg/contrib/gcc/4.9.3/x86_64-slc6/bin/../lib/gcc/x86_64-unknown-linux-gnu/4.9.3 -L/cvmfs/sft.cern.ch/lcg/contrib/gcc/4.9.3/x86_64-slc6/bin/../lib/gcc -L/cvmfs/sft.cern.ch/lcg/contrib/gcc/4.9.3/x86_64-slc6/bin/../lib/gcc/x86_64-unknown-linux-gnu/4.9.3/../../../../lib64 -L/lib/../lib64 -L/usr/lib/../lib64 -L/cvmfs/sft.cern.ch/lcg/contrib/gcc/4.9.3/x86_64-slc6/bin/../lib/gcc/x86_64-unknown-linux-gnu/4.9.3/../../.. CMakeFiles/cmTryCompileExec2041070949.dir/CMakeFortranCompilerABI.F.o -lgfortran -lm -lgcc_s -lgcc -lquadmath -lm -lgcc_s -lgcc -lc -lgcc_s -lgcc /cvmfs/sft.cern.ch/lcg/contrib/gcc/4.9.3/x86_64-slc6/bin/../lib/gcc/x86_64-unknown-linux-gnu/4.9.3/crtend.o /usr/lib/../lib64/crtn.o]
    arg [/cvmfs/sft.cern.ch/lcg/contrib/gcc/4.9.3/x86_64-slc6/bin/../libexec/gcc/x86_64-unknown-linux-gnu/4.9.3/collect2] ==> ignore
    arg [--eh-frame-hdr] ==> ignore
    arg [-m] ==> ignore
    arg [elf_x86_64] ==> ignore
    arg [-export-dynamic] ==> ignore
    arg [-dynamic-linker] ==> ignore
    arg [/lib64/ld-linux-x86-64.so.2] ==> ignore
    arg [-o] ==> ignore
    arg [cmTryCompileExec2041070949] ==> ignore
    arg [/usr/lib/../lib64/crt1.o] ==> ignore
    arg [/usr/lib/../lib64/crti.o] ==> ignore
    arg [/cvmfs/sft.cern.ch/lcg/contrib/gcc/4.9.3/x86_64-slc6/bin/../lib/gcc/x86_64-unknown-linux-gnu/4.9.3/crtbegin.o] ==> ignore
    arg [-L/cvmfs/sft.cern.ch/lcg/contrib/gcc/4.9.3/x86_64-slc6/bin/../lib/gcc/x86_64-unknown-linux-gnu/4.9.3] ==> dir [/cvmfs/sft.cern.ch/lcg/contrib/gcc/4.9.3/x86_64-slc6/bin/../lib/gcc/x86_64-unknown-linux-gnu/4.9.3]
    arg [-L/cvmfs/sft.cern.ch/lcg/contrib/gcc/4.9.3/x86_64-slc6/bin/../lib/gcc] ==> dir [/cvmfs/sft.cern.ch/lcg/contrib/gcc/4.9.3/x86_64-slc6/bin/../lib/gcc]
    arg [-L/cvmfs/sft.cern.ch/lcg/contrib/gcc/4.9.3/x86_64-slc6/bin/../lib/gcc/x86_64-unknown-linux-gnu/4.9.3/../../../../lib64] ==> dir [/cvmfs/sft.cern.ch/lcg/contrib/gcc/4.9.3/x86_64-slc6/bin/../lib/gcc/x86_64-unknown-linux-gnu/4.9.3/../../../../lib64]
    arg [-L/lib/../lib64] ==> dir [/lib/../lib64]
    arg [-L/usr/lib/../lib64] ==> dir [/usr/lib/../lib64]
    arg [-L/cvmfs/sft.cern.ch/lcg/contrib/gcc/4.9.3/x86_64-slc6/bin/../lib/gcc/x86_64-unknown-linux-gnu/4.9.3/../../..] ==> dir [/cvmfs/sft.cern.ch/lcg/contrib/gcc/4.9.3/x86_64-slc6/bin/../lib/gcc/x86_64-unknown-linux-gnu/4.9.3/../../..]
    arg [CMakeFiles/cmTryCompileExec2041070949.dir/CMakeFortranCompilerABI.F.o] ==> ignore
    arg [-lgfortran] ==> lib [gfortran]
    arg [-lm] ==> lib [m]
    arg [-lgcc_s] ==> lib [gcc_s]
    arg [-lgcc] ==> lib [gcc]
    arg [-lquadmath] ==> lib [quadmath]
    arg [-lm] ==> lib [m]
    arg [-lgcc_s] ==> lib [gcc_s]
    arg [-lgcc] ==> lib [gcc]
    arg [-lc] ==> lib [c]
    arg [-lgcc_s] ==> lib [gcc_s]
    arg [-lgcc] ==> lib [gcc]
    arg [/cvmfs/sft.cern.ch/lcg/contrib/gcc/4.9.3/x86_64-slc6/bin/../lib/gcc/x86_64-unknown-linux-gnu/4.9.3/crtend.o] ==> ignore
    arg [/usr/lib/../lib64/crtn.o] ==> ignore
  remove lib [gcc_s]
  remove lib [gcc]
  remove lib [gcc_s]
  remove lib [gcc]
  remove lib [gcc_s]
  remove lib [gcc]
  collapse library dir [/cvmfs/sft.cern.ch/lcg/contrib/gcc/4.9.3/x86_64-slc6/bin/../lib/gcc/x86_64-unknown-linux-gnu/4.9.3] ==> [/cvmfs/sft.cern.ch/lcg/contrib/gcc/4.9.3/x86_64-slc6/lib/gcc/x86_64-unknown-linux-gnu/4.9.3]
  collapse library dir [/cvmfs/sft.cern.ch/lcg/contrib/gcc/4.9.3/x86_64-slc6/bin/../lib/gcc] ==> [/cvmfs/sft.cern.ch/lcg/contrib/gcc/4.9.3/x86_64-slc6/lib/gcc]
  collapse library dir [/cvmfs/sft.cern.ch/lcg/contrib/gcc/4.9.3/x86_64-slc6/bin/../lib/gcc/x86_64-unknown-linux-gnu/4.9.3/../../../../lib64] ==> [/cvmfs/sft.cern.ch/lcg/contrib/gcc/4.9.3/x86_64-slc6/lib64]
  collapse library dir [/lib/../lib64] ==> [/lib64]
  collapse library dir [/usr/lib/../lib64] ==> [/usr/lib64]
  collapse library dir [/cvmfs/sft.cern.ch/lcg/contrib/gcc/4.9.3/x86_64-slc6/bin/../lib/gcc/x86_64-unknown-linux-gnu/4.9.3/../../..] ==> [/cvmfs/sft.cern.ch/lcg/contrib/gcc/4.9.3/x86_64-slc6/lib]
  implicit libs: [gfortran;m;quadmath;m;c]
  implicit dirs: [/cvmfs/sft.cern.ch/lcg/contrib/gcc/4.9.3/x86_64-slc6/lib/gcc/x86_64-unknown-linux-gnu/4.9.3;/cvmfs/sft.cern.ch/lcg/contrib/gcc/4.9.3/x86_64-slc6/lib/gcc;/cvmfs/sft.cern.ch/lcg/contrib/gcc/4.9.3/x86_64-slc6/lib64;/lib64;/usr/lib64;/cvmfs/sft.cern.ch/lcg/contrib/gcc/4.9.3/x86_64-slc6/lib]
  implicit fwks: []


Determining if the Fortran compiler supports Fortran 90 passed with the following output:
Change Dir: /afs/cern.ch/user/a/areigoto/developing/FCC/Gridpack_Producer_Folders/GridPackProducer/MG5_aMCatNLO/pp_tta/pp_tta_gridpack/work/MG5_aMC_v2_5_5/HEPTools/collier/COLLIER-1.2.1/build/CMakeFiles/CMakeTmp

Run Build Command:/usr/bin/gmake "cmTryCompileExec1197816447/fast"
/usr/bin/gmake -f CMakeFiles/cmTryCompileExec1197816447.dir/build.make CMakeFiles/cmTryCompileExec1197816447.dir/build
gmake[1]: Entering directory `/afs/cern.ch/user/a/areigoto/developing/FCC/Gridpack_Producer_Folders/GridPackProducer/MG5_aMCatNLO/pp_tta/pp_tta_gridpack/work/MG5_aMC_v2_5_5/HEPTools/collier/COLLIER-1.2.1/build/CMakeFiles/CMakeTmp'
/usr/bin/cmake -E cmake_progress_report /afs/cern.ch/user/a/areigoto/developing/FCC/Gridpack_Producer_Folders/GridPackProducer/MG5_aMCatNLO/pp_tta/pp_tta_gridpack/work/MG5_aMC_v2_5_5/HEPTools/collier/COLLIER-1.2.1/build/CMakeFiles/CMakeTmp/CMakeFiles 1
Building Fortran object CMakeFiles/cmTryCompileExec1197816447.dir/testFortranCompilerF90.f90.o
/cvmfs/sft.cern.ch/lcg/releases/LCG_88/gcc/4.9.1/x86_64-slc6/bin/gfortran    -c /afs/cern.ch/user/a/areigoto/developing/FCC/Gridpack_Producer_Folders/GridPackProducer/MG5_aMCatNLO/pp_tta/pp_tta_gridpack/work/MG5_aMC_v2_5_5/HEPTools/collier/COLLIER-1.2.1/build/CMakeFiles/CMakeTmp/testFortranCompilerF90.f90 -o CMakeFiles/cmTryCompileExec1197816447.dir/testFortranCompilerF90.f90.o
Linking Fortran executable cmTryCompileExec1197816447
/usr/bin/cmake -E cmake_link_script CMakeFiles/cmTryCompileExec1197816447.dir/link.txt --verbose=1
/cvmfs/sft.cern.ch/lcg/releases/LCG_88/gcc/4.9.1/x86_64-slc6/bin/gfortran       CMakeFiles/cmTryCompileExec1197816447.dir/testFortranCompilerF90.f90.o  -o cmTryCompileExec1197816447 -rdynamic 
gmake[1]: Leaving directory `/afs/cern.ch/user/a/areigoto/developing/FCC/Gridpack_Producer_Folders/GridPackProducer/MG5_aMCatNLO/pp_tta/pp_tta_gridpack/work/MG5_aMC_v2_5_5/HEPTools/collier/COLLIER-1.2.1/build/CMakeFiles/CMakeTmp'


