The system is: Linux - 2.6.32-696.23.1.el6.x86_64 - x86_64
Compiling the C compiler identification source file "CMakeCCompilerId.c" succeeded.
Compiler: /cvmfs/sft.cern.ch/lcg/releases/LCG_88/gcc/4.9.1/x86_64-slc6/bin/gcc 
Build flags: 
Id flags: 

The output was:
0


Compilation of the C compiler identification source "CMakeCCompilerId.c" produced "a.out"

The C compiler identification is GNU, found in "/afs/cern.ch/user/a/areigoto/developing/FCC/Gridpack_Producer_Folders/GridPackProducer/MG5_aMCatNLO/pp_tt_nlo_HE/pp_tt_nlo_HE_gridpack/work/MG5_aMC_v2_5_5/HEPTools/collier/COLLIER-1.2.1/build/CMakeFiles/2.8.12.2/CompilerIdC/a.out"

Compiling the CXX compiler identification source file "CMakeCXXCompilerId.cpp" succeeded.
Compiler: /cvmfs/sft.cern.ch/lcg/releases/LCG_88/gcc/4.9.1/x86_64-slc6/bin/g++ 
Build flags: 
Id flags: 

The output was:
0


Compilation of the CXX compiler identification source "CMakeCXXCompilerId.cpp" produced "a.out"

The CXX compiler identification is GNU, found in "/afs/cern.ch/user/a/areigoto/developing/FCC/Gridpack_Producer_Folders/GridPackProducer/MG5_aMCatNLO/pp_tt_nlo_HE/pp_tt_nlo_HE_gridpack/work/MG5_aMC_v2_5_5/HEPTools/collier/COLLIER-1.2.1/build/CMakeFiles/2.8.12.2/CompilerIdCXX/a.out"

Determining if the C compiler works passed with the following output:
Change Dir: /afs/cern.ch/user/a/areigoto/developing/FCC/Gridpack_Producer_Folders/GridPackProducer/MG5_aMCatNLO/pp_tt_nlo_HE/pp_tt_nlo_HE_gridpack/work/MG5_aMC_v2_5_5/HEPTools/collier/COLLIER-1.2.1/build/CMakeFiles/CMakeTmp

Run Build Command:/usr/bin/gmake "cmTryCompileExec730489613/fast"
/usr/bin/gmake -f CMakeFiles/cmTryCompileExec730489613.dir/build.make CMakeFiles/cmTryCompileExec730489613.dir/build
gmake[1]: Entering directory `/afs/cern.ch/user/a/areigoto/developing/FCC/Gridpack_Producer_Folders/GridPackProducer/MG5_aMCatNLO/pp_tt_nlo_HE/pp_tt_nlo_HE_gridpack/work/MG5_aMC_v2_5_5/HEPTools/collier/COLLIER-1.2.1/build/CMakeFiles/CMakeTmp'
/usr/bin/cmake -E cmake_progress_report /afs/cern.ch/user/a/areigoto/developing/FCC/Gridpack_Producer_Folders/GridPackProducer/MG5_aMCatNLO/pp_tt_nlo_HE/pp_tt_nlo_HE_gridpack/work/MG5_aMC_v2_5_5/HEPTools/collier/COLLIER-1.2.1/build/CMakeFiles/CMakeTmp/CMakeFiles 1
Building C object CMakeFiles/cmTryCompileExec730489613.dir/testCCompiler.c.o
/cvmfs/sft.cern.ch/lcg/releases/LCG_88/gcc/4.9.1/x86_64-slc6/bin/gcc    -o CMakeFiles/cmTryCompileExec730489613.dir/testCCompiler.c.o   -c /afs/cern.ch/user/a/areigoto/developing/FCC/Gridpack_Producer_Folders/GridPackProducer/MG5_aMCatNLO/pp_tt_nlo_HE/pp_tt_nlo_HE_gridpack/work/MG5_aMC_v2_5_5/HEPTools/collier/COLLIER-1.2.1/build/CMakeFiles/CMakeTmp/testCCompiler.c
Linking C executable cmTryCompileExec730489613
/usr/bin/cmake -E cmake_link_script CMakeFiles/cmTryCompileExec730489613.dir/link.txt --verbose=1
/cvmfs/sft.cern.ch/lcg/releases/LCG_88/gcc/4.9.1/x86_64-slc6/bin/gcc       CMakeFiles/cmTryCompileExec730489613.dir/testCCompiler.c.o  -o cmTryCompileExec730489613 -rdynamic 
gmake[1]: Leaving directory `/afs/cern.ch/user/a/areigoto/developing/FCC/Gridpack_Producer_Folders/GridPackProducer/MG5_aMCatNLO/pp_tt_nlo_HE/pp_tt_nlo_HE_gridpack/work/MG5_aMC_v2_5_5/HEPTools/collier/COLLIER-1.2.1/build/CMakeFiles/CMakeTmp'


Detecting C compiler ABI info compiled with the following output:
Change Dir: /afs/cern.ch/user/a/areigoto/developing/FCC/Gridpack_Producer_Folders/GridPackProducer/MG5_aMCatNLO/pp_tt_nlo_HE/pp_tt_nlo_HE_gridpack/work/MG5_aMC_v2_5_5/HEPTools/collier/COLLIER-1.2.1/build/CMakeFiles/CMakeTmp

Run Build Command:/usr/bin/gmake "cmTryCompileExec2492159646/fast"
/usr/bin/gmake -f CMakeFiles/cmTryCompileExec2492159646.dir/build.make CMakeFiles/cmTryCompileExec2492159646.dir/build
gmake[1]: Entering directory `/afs/cern.ch/user/a/areigoto/developing/FCC/Gridpack_Producer_Folders/GridPackProducer/MG5_aMCatNLO/pp_tt_nlo_HE/pp_tt_nlo_HE_gridpack/work/MG5_aMC_v2_5_5/HEPTools/collier/COLLIER-1.2.1/build/CMakeFiles/CMakeTmp'
/usr/bin/cmake -E cmake_progress_report /afs/cern.ch/user/a/areigoto/developing/FCC/Gridpack_Producer_Folders/GridPackProducer/MG5_aMCatNLO/pp_tt_nlo_HE/pp_tt_nlo_HE_gridpack/work/MG5_aMC_v2_5_5/HEPTools/collier/COLLIER-1.2.1/build/CMakeFiles/CMakeTmp/CMakeFiles 1
Building C object CMakeFiles/cmTryCompileExec2492159646.dir/CMakeCCompilerABI.c.o
/cvmfs/sft.cern.ch/lcg/releases/LCG_88/gcc/4.9.1/x86_64-slc6/bin/gcc    -o CMakeFiles/cmTryCompileExec2492159646.dir/CMakeCCompilerABI.c.o   -c /usr/share/cmake/Modules/CMakeCCompilerABI.c
Linking C executable cmTryCompileExec2492159646
/usr/bin/cmake -E cmake_link_script CMakeFiles/cmTryCompileExec2492159646.dir/link.txt --verbose=1
/cvmfs/sft.cern.ch/lcg/releases/LCG_88/gcc/4.9.1/x86_64-slc6/bin/gcc     -v CMakeFiles/cmTryCompileExec2492159646.dir/CMakeCCompilerABI.c.o  -o cmTryCompileExec2492159646 -rdynamic  
Using built-in specs.
COLLECT_GCC=/cvmfs/sft.cern.ch/lcg/releases/LCG_88/gcc/4.9.1/x86_64-slc6/bin/gcc
COLLECT_LTO_WRAPPER=/cvmfs/sft.cern.ch/lcg/contrib/gcc/4.9.3/x86_64-slc6/bin/../libexec/gcc/x86_64-unknown-linux-gnu/4.9.3/lto-wrapper
Target: x86_64-unknown-linux-gnu
Configured with: ../gcc-4.9.3/configure --prefix=/build/pmendez-sftnight/install-493/ --with-system-zlib --disable-multilib --enable-languages=all
Thread model: posix
gcc version 4.9.3 (GCC) 
COMPILER_PATH=/cvmfs/sft.cern.ch/lcg/contrib/gcc/4.9.3/x86_64-slc6/bin/../libexec/gcc/x86_64-unknown-linux-gnu/4.9.3/:/cvmfs/sft.cern.ch/lcg/contrib/gcc/4.9.3/x86_64-slc6/bin/../libexec/gcc/:/cvmfs/sft.cern.ch/lcg/releases/LCG_88/gcc/4.9.1/x86_64-slc6/lib/gcc/x86_64-unknown-linux-gnu/4.9.3/
LIBRARY_PATH=/cvmfs/sft.cern.ch/lcg/contrib/gcc/4.9.3/x86_64-slc6/bin/../lib/gcc/x86_64-unknown-linux-gnu/4.9.3/:/cvmfs/sft.cern.ch/lcg/contrib/gcc/4.9.3/x86_64-slc6/bin/../lib/gcc/:/cvmfs/sft.cern.ch/lcg/contrib/gcc/4.9.3/x86_64-slc6/bin/../lib/gcc/x86_64-unknown-linux-gnu/4.9.3/../../../../lib64/:/lib/../lib64/:/usr/lib/../lib64/:/cvmfs/sft.cern.ch/lcg/contrib/gcc/4.9.3/x86_64-slc6/bin/../lib/gcc/x86_64-unknown-linux-gnu/4.9.3/../../../:/lib/:/usr/lib/
COLLECT_GCC_OPTIONS='-v' '-o' 'cmTryCompileExec2492159646' '-rdynamic' '-mtune=generic' '-march=x86-64'
 /cvmfs/sft.cern.ch/lcg/contrib/gcc/4.9.3/x86_64-slc6/bin/../libexec/gcc/x86_64-unknown-linux-gnu/4.9.3/collect2 --eh-frame-hdr -m elf_x86_64 -export-dynamic -dynamic-linker /lib64/ld-linux-x86-64.so.2 -o cmTryCompileExec2492159646 /usr/lib/../lib64/crt1.o /usr/lib/../lib64/crti.o /cvmfs/sft.cern.ch/lcg/contrib/gcc/4.9.3/x86_64-slc6/bin/../lib/gcc/x86_64-unknown-linux-gnu/4.9.3/crtbegin.o -L/cvmfs/sft.cern.ch/lcg/contrib/gcc/4.9.3/x86_64-slc6/bin/../lib/gcc/x86_64-unknown-linux-gnu/4.9.3 -L/cvmfs/sft.cern.ch/lcg/contrib/gcc/4.9.3/x86_64-slc6/bin/../lib/gcc -L/cvmfs/sft.cern.ch/lcg/contrib/gcc/4.9.3/x86_64-slc6/bin/../lib/gcc/x86_64-unknown-linux-gnu/4.9.3/../../../../lib64 -L/lib/../lib64 -L/usr/lib/../lib64 -L/cvmfs/sft.cern.ch/lcg/contrib/gcc/4.9.3/x86_64-slc6/bin/../lib/gcc/x86_64-unknown-linux-gnu/4.9.3/../../.. CMakeFiles/cmTryCompileExec2492159646.dir/CMakeCCompilerABI.c.o -lgcc --as-needed -lgcc_s --no-as-needed -lc -lgcc --as-needed -lgcc_s --no-as-needed /cvmfs/sft.cern.ch/lcg/contrib/gcc/4.9.3/x86_64-slc6/bin/../lib/gcc/x86_64-unknown-linux-gnu/4.9.3/crtend.o /usr/lib/../lib64/crtn.o
gmake[1]: Leaving directory `/afs/cern.ch/user/a/areigoto/developing/FCC/Gridpack_Producer_Folders/GridPackProducer/MG5_aMCatNLO/pp_tt_nlo_HE/pp_tt_nlo_HE_gridpack/work/MG5_aMC_v2_5_5/HEPTools/collier/COLLIER-1.2.1/build/CMakeFiles/CMakeTmp'


Parsed C implicit link information from above output:
  link line regex: [^( *|.*[/\])(ld|([^/\]+-)?ld|collect2)[^/\]*( |$)]
  ignore line: [Change Dir: /afs/cern.ch/user/a/areigoto/developing/FCC/Gridpack_Producer_Folders/GridPackProducer/MG5_aMCatNLO/pp_tt_nlo_HE/pp_tt_nlo_HE_gridpack/work/MG5_aMC_v2_5_5/HEPTools/collier/COLLIER-1.2.1/build/CMakeFiles/CMakeTmp]
  ignore line: []
  ignore line: [Run Build Command:/usr/bin/gmake "cmTryCompileExec2492159646/fast"]
  ignore line: [/usr/bin/gmake -f CMakeFiles/cmTryCompileExec2492159646.dir/build.make CMakeFiles/cmTryCompileExec2492159646.dir/build]
  ignore line: [gmake[1]: Entering directory `/afs/cern.ch/user/a/areigoto/developing/FCC/Gridpack_Producer_Folders/GridPackProducer/MG5_aMCatNLO/pp_tt_nlo_HE/pp_tt_nlo_HE_gridpack/work/MG5_aMC_v2_5_5/HEPTools/collier/COLLIER-1.2.1/build/CMakeFiles/CMakeTmp']
  ignore line: [/usr/bin/cmake -E cmake_progress_report /afs/cern.ch/user/a/areigoto/developing/FCC/Gridpack_Producer_Folders/GridPackProducer/MG5_aMCatNLO/pp_tt_nlo_HE/pp_tt_nlo_HE_gridpack/work/MG5_aMC_v2_5_5/HEPTools/collier/COLLIER-1.2.1/build/CMakeFiles/CMakeTmp/CMakeFiles 1]
  ignore line: [Building C object CMakeFiles/cmTryCompileExec2492159646.dir/CMakeCCompilerABI.c.o]
  ignore line: [/cvmfs/sft.cern.ch/lcg/releases/LCG_88/gcc/4.9.1/x86_64-slc6/bin/gcc    -o CMakeFiles/cmTryCompileExec2492159646.dir/CMakeCCompilerABI.c.o   -c /usr/share/cmake/Modules/CMakeCCompilerABI.c]
  ignore line: [Linking C executable cmTryCompileExec2492159646]
  ignore line: [/usr/bin/cmake -E cmake_link_script CMakeFiles/cmTryCompileExec2492159646.dir/link.txt --verbose=1]
  ignore line: [/cvmfs/sft.cern.ch/lcg/releases/LCG_88/gcc/4.9.1/x86_64-slc6/bin/gcc     -v CMakeFiles/cmTryCompileExec2492159646.dir/CMakeCCompilerABI.c.o  -o cmTryCompileExec2492159646 -rdynamic  ]
  ignore line: [Using built-in specs.]
  ignore line: [COLLECT_GCC=/cvmfs/sft.cern.ch/lcg/releases/LCG_88/gcc/4.9.1/x86_64-slc6/bin/gcc]
  ignore line: [COLLECT_LTO_WRAPPER=/cvmfs/sft.cern.ch/lcg/contrib/gcc/4.9.3/x86_64-slc6/bin/../libexec/gcc/x86_64-unknown-linux-gnu/4.9.3/lto-wrapper]
  ignore line: [Target: x86_64-unknown-linux-gnu]
  ignore line: [Configured with: ../gcc-4.9.3/configure --prefix=/build/pmendez-sftnight/install-493/ --with-system-zlib --disable-multilib --enable-languages=all]
  ignore line: [Thread model: posix]
  ignore line: [gcc version 4.9.3 (GCC) ]
  ignore line: [COMPILER_PATH=/cvmfs/sft.cern.ch/lcg/contrib/gcc/4.9.3/x86_64-slc6/bin/../libexec/gcc/x86_64-unknown-linux-gnu/4.9.3/:/cvmfs/sft.cern.ch/lcg/contrib/gcc/4.9.3/x86_64-slc6/bin/../libexec/gcc/:/cvmfs/sft.cern.ch/lcg/releases/LCG_88/gcc/4.9.1/x86_64-slc6/lib/gcc/x86_64-unknown-linux-gnu/4.9.3/]
  ignore line: [LIBRARY_PATH=/cvmfs/sft.cern.ch/lcg/contrib/gcc/4.9.3/x86_64-slc6/bin/../lib/gcc/x86_64-unknown-linux-gnu/4.9.3/:/cvmfs/sft.cern.ch/lcg/contrib/gcc/4.9.3/x86_64-slc6/bin/../lib/gcc/:/cvmfs/sft.cern.ch/lcg/contrib/gcc/4.9.3/x86_64-slc6/bin/../lib/gcc/x86_64-unknown-linux-gnu/4.9.3/../../../../lib64/:/lib/../lib64/:/usr/lib/../lib64/:/cvmfs/sft.cern.ch/lcg/contrib/gcc/4.9.3/x86_64-slc6/bin/../lib/gcc/x86_64-unknown-linux-gnu/4.9.3/../../../:/lib/:/usr/lib/]
  ignore line: [COLLECT_GCC_OPTIONS='-v' '-o' 'cmTryCompileExec2492159646' '-rdynamic' '-mtune=generic' '-march=x86-64']
  link line: [ /cvmfs/sft.cern.ch/lcg/contrib/gcc/4.9.3/x86_64-slc6/bin/../libexec/gcc/x86_64-unknown-linux-gnu/4.9.3/collect2 --eh-frame-hdr -m elf_x86_64 -export-dynamic -dynamic-linker /lib64/ld-linux-x86-64.so.2 -o cmTryCompileExec2492159646 /usr/lib/../lib64/crt1.o /usr/lib/../lib64/crti.o /cvmfs/sft.cern.ch/lcg/contrib/gcc/4.9.3/x86_64-slc6/bin/../lib/gcc/x86_64-unknown-linux-gnu/4.9.3/crtbegin.o -L/cvmfs/sft.cern.ch/lcg/contrib/gcc/4.9.3/x86_64-slc6/bin/../lib/gcc/x86_64-unknown-linux-gnu/4.9.3 -L/cvmfs/sft.cern.ch/lcg/contrib/gcc/4.9.3/x86_64-slc6/bin/../lib/gcc -L/cvmfs/sft.cern.ch/lcg/contrib/gcc/4.9.3/x86_64-slc6/bin/../lib/gcc/x86_64-unknown-linux-gnu/4.9.3/../../../../lib64 -L/lib/../lib64 -L/usr/lib/../lib64 -L/cvmfs/sft.cern.ch/lcg/contrib/gcc/4.9.3/x86_64-slc6/bin/../lib/gcc/x86_64-unknown-linux-gnu/4.9.3/../../.. CMakeFiles/cmTryCompileExec2492159646.dir/CMakeCCompilerABI.c.o -lgcc --as-needed -lgcc_s --no-as-needed -lc -lgcc --as-needed -lgcc_s --no-as-needed /cvmfs/sft.cern.ch/lcg/contrib/gcc/4.9.3/x86_64-slc6/bin/../lib/gcc/x86_64-unknown-linux-gnu/4.9.3/crtend.o /usr/lib/../lib64/crtn.o]
    arg [/cvmfs/sft.cern.ch/lcg/contrib/gcc/4.9.3/x86_64-slc6/bin/../libexec/gcc/x86_64-unknown-linux-gnu/4.9.3/collect2] ==> ignore
    arg [--eh-frame-hdr] ==> ignore
    arg [-m] ==> ignore
    arg [elf_x86_64] ==> ignore
    arg [-export-dynamic] ==> ignore
    arg [-dynamic-linker] ==> ignore
    arg [/lib64/ld-linux-x86-64.so.2] ==> ignore
    arg [-o] ==> ignore
    arg [cmTryCompileExec2492159646] ==> ignore
    arg [/usr/lib/../lib64/crt1.o] ==> ignore
    arg [/usr/lib/../lib64/crti.o] ==> ignore
    arg [/cvmfs/sft.cern.ch/lcg/contrib/gcc/4.9.3/x86_64-slc6/bin/../lib/gcc/x86_64-unknown-linux-gnu/4.9.3/crtbegin.o] ==> ignore
    arg [-L/cvmfs/sft.cern.ch/lcg/contrib/gcc/4.9.3/x86_64-slc6/bin/../lib/gcc/x86_64-unknown-linux-gnu/4.9.3] ==> dir [/cvmfs/sft.cern.ch/lcg/contrib/gcc/4.9.3/x86_64-slc6/bin/../lib/gcc/x86_64-unknown-linux-gnu/4.9.3]
    arg [-L/cvmfs/sft.cern.ch/lcg/contrib/gcc/4.9.3/x86_64-slc6/bin/../lib/gcc] ==> dir [/cvmfs/sft.cern.ch/lcg/contrib/gcc/4.9.3/x86_64-slc6/bin/../lib/gcc]
    arg [-L/cvmfs/sft.cern.ch/lcg/contrib/gcc/4.9.3/x86_64-slc6/bin/../lib/gcc/x86_64-unknown-linux-gnu/4.9.3/../../../../lib64] ==> dir [/cvmfs/sft.cern.ch/lcg/contrib/gcc/4.9.3/x86_64-slc6/bin/../lib/gcc/x86_64-unknown-linux-gnu/4.9.3/../../../../lib64]
    arg [-L/lib/../lib64] ==> dir [/lib/../lib64]
    arg [-L/usr/lib/../lib64] ==> dir [/usr/lib/../lib64]
    arg [-L/cvmfs/sft.cern.ch/lcg/contrib/gcc/4.9.3/x86_64-slc6/bin/../lib/gcc/x86_64-unknown-linux-gnu/4.9.3/../../..] ==> dir [/cvmfs/sft.cern.ch/lcg/contrib/gcc/4.9.3/x86_64-slc6/bin/../lib/gcc/x86_64-unknown-linux-gnu/4.9.3/../../..]
    arg [CMakeFiles/cmTryCompileExec2492159646.dir/CMakeCCompilerABI.c.o] ==> ignore
    arg [-lgcc] ==> lib [gcc]
    arg [--as-needed] ==> ignore
    arg [-lgcc_s] ==> lib [gcc_s]
    arg [--no-as-needed] ==> ignore
    arg [-lc] ==> lib [c]
    arg [-lgcc] ==> lib [gcc]
    arg [--as-needed] ==> ignore
    arg [-lgcc_s] ==> lib [gcc_s]
    arg [--no-as-needed] ==> ignore
    arg [/cvmfs/sft.cern.ch/lcg/contrib/gcc/4.9.3/x86_64-slc6/bin/../lib/gcc/x86_64-unknown-linux-gnu/4.9.3/crtend.o] ==> ignore
    arg [/usr/lib/../lib64/crtn.o] ==> ignore
  remove lib [gcc]
  remove lib [gcc_s]
  remove lib [gcc]
  remove lib [gcc_s]
  collapse library dir [/cvmfs/sft.cern.ch/lcg/contrib/gcc/4.9.3/x86_64-slc6/bin/../lib/gcc/x86_64-unknown-linux-gnu/4.9.3] ==> [/cvmfs/sft.cern.ch/lcg/contrib/gcc/4.9.3/x86_64-slc6/lib/gcc/x86_64-unknown-linux-gnu/4.9.3]
  collapse library dir [/cvmfs/sft.cern.ch/lcg/contrib/gcc/4.9.3/x86_64-slc6/bin/../lib/gcc] ==> [/cvmfs/sft.cern.ch/lcg/contrib/gcc/4.9.3/x86_64-slc6/lib/gcc]
  collapse library dir [/cvmfs/sft.cern.ch/lcg/contrib/gcc/4.9.3/x86_64-slc6/bin/../lib/gcc/x86_64-unknown-linux-gnu/4.9.3/../../../../lib64] ==> [/cvmfs/sft.cern.ch/lcg/contrib/gcc/4.9.3/x86_64-slc6/lib64]
  collapse library dir [/lib/../lib64] ==> [/lib64]
  collapse library dir [/usr/lib/../lib64] ==> [/usr/lib64]
  collapse library dir [/cvmfs/sft.cern.ch/lcg/contrib/gcc/4.9.3/x86_64-slc6/bin/../lib/gcc/x86_64-unknown-linux-gnu/4.9.3/../../..] ==> [/cvmfs/sft.cern.ch/lcg/contrib/gcc/4.9.3/x86_64-slc6/lib]
  implicit libs: [c]
  implicit dirs: [/cvmfs/sft.cern.ch/lcg/contrib/gcc/4.9.3/x86_64-slc6/lib/gcc/x86_64-unknown-linux-gnu/4.9.3;/cvmfs/sft.cern.ch/lcg/contrib/gcc/4.9.3/x86_64-slc6/lib/gcc;/cvmfs/sft.cern.ch/lcg/contrib/gcc/4.9.3/x86_64-slc6/lib64;/lib64;/usr/lib64;/cvmfs/sft.cern.ch/lcg/contrib/gcc/4.9.3/x86_64-slc6/lib]
  implicit fwks: []


Determining if the CXX compiler works passed with the following output:
Change Dir: /afs/cern.ch/user/a/areigoto/developing/FCC/Gridpack_Producer_Folders/GridPackProducer/MG5_aMCatNLO/pp_tt_nlo_HE/pp_tt_nlo_HE_gridpack/work/MG5_aMC_v2_5_5/HEPTools/collier/COLLIER-1.2.1/build/CMakeFiles/CMakeTmp

Run Build Command:/usr/bin/gmake "cmTryCompileExec4257043770/fast"
/usr/bin/gmake -f CMakeFiles/cmTryCompileExec4257043770.dir/build.make CMakeFiles/cmTryCompileExec4257043770.dir/build
gmake[1]: Entering directory `/afs/cern.ch/user/a/areigoto/developing/FCC/Gridpack_Producer_Folders/GridPackProducer/MG5_aMCatNLO/pp_tt_nlo_HE/pp_tt_nlo_HE_gridpack/work/MG5_aMC_v2_5_5/HEPTools/collier/COLLIER-1.2.1/build/CMakeFiles/CMakeTmp'
/usr/bin/cmake -E cmake_progress_report /afs/cern.ch/user/a/areigoto/developing/FCC/Gridpack_Producer_Folders/GridPackProducer/MG5_aMCatNLO/pp_tt_nlo_HE/pp_tt_nlo_HE_gridpack/work/MG5_aMC_v2_5_5/HEPTools/collier/COLLIER-1.2.1/build/CMakeFiles/CMakeTmp/CMakeFiles 1
Building CXX object CMakeFiles/cmTryCompileExec4257043770.dir/testCXXCompiler.cxx.o
/cvmfs/sft.cern.ch/lcg/releases/LCG_88/gcc/4.9.1/x86_64-slc6/bin/g++     -o CMakeFiles/cmTryCompileExec4257043770.dir/testCXXCompiler.cxx.o -c /afs/cern.ch/user/a/areigoto/developing/FCC/Gridpack_Producer_Folders/GridPackProducer/MG5_aMCatNLO/pp_tt_nlo_HE/pp_tt_nlo_HE_gridpack/work/MG5_aMC_v2_5_5/HEPTools/collier/COLLIER-1.2.1/build/CMakeFiles/CMakeTmp/testCXXCompiler.cxx
Linking CXX executable cmTryCompileExec4257043770
/usr/bin/cmake -E cmake_link_script CMakeFiles/cmTryCompileExec4257043770.dir/link.txt --verbose=1
/cvmfs/sft.cern.ch/lcg/releases/LCG_88/gcc/4.9.1/x86_64-slc6/bin/g++        CMakeFiles/cmTryCompileExec4257043770.dir/testCXXCompiler.cxx.o  -o cmTryCompileExec4257043770 -rdynamic 
gmake[1]: Leaving directory `/afs/cern.ch/user/a/areigoto/developing/FCC/Gridpack_Producer_Folders/GridPackProducer/MG5_aMCatNLO/pp_tt_nlo_HE/pp_tt_nlo_HE_gridpack/work/MG5_aMC_v2_5_5/HEPTools/collier/COLLIER-1.2.1/build/CMakeFiles/CMakeTmp'


Detecting CXX compiler ABI info compiled with the following output:
Change Dir: /afs/cern.ch/user/a/areigoto/developing/FCC/Gridpack_Producer_Folders/GridPackProducer/MG5_aMCatNLO/pp_tt_nlo_HE/pp_tt_nlo_HE_gridpack/work/MG5_aMC_v2_5_5/HEPTools/collier/COLLIER-1.2.1/build/CMakeFiles/CMakeTmp

Run Build Command:/usr/bin/gmake "cmTryCompileExec1687090186/fast"
/usr/bin/gmake -f CMakeFiles/cmTryCompileExec1687090186.dir/build.make CMakeFiles/cmTryCompileExec1687090186.dir/build
gmake[1]: Entering directory `/afs/cern.ch/user/a/areigoto/developing/FCC/Gridpack_Producer_Folders/GridPackProducer/MG5_aMCatNLO/pp_tt_nlo_HE/pp_tt_nlo_HE_gridpack/work/MG5_aMC_v2_5_5/HEPTools/collier/COLLIER-1.2.1/build/CMakeFiles/CMakeTmp'
/usr/bin/cmake -E cmake_progress_report /afs/cern.ch/user/a/areigoto/developing/FCC/Gridpack_Producer_Folders/GridPackProducer/MG5_aMCatNLO/pp_tt_nlo_HE/pp_tt_nlo_HE_gridpack/work/MG5_aMC_v2_5_5/HEPTools/collier/COLLIER-1.2.1/build/CMakeFiles/CMakeTmp/CMakeFiles 1
Building CXX object CMakeFiles/cmTryCompileExec1687090186.dir/CMakeCXXCompilerABI.cpp.o
/cvmfs/sft.cern.ch/lcg/releases/LCG_88/gcc/4.9.1/x86_64-slc6/bin/g++     -o CMakeFiles/cmTryCompileExec1687090186.dir/CMakeCXXCompilerABI.cpp.o -c /usr/share/cmake/Modules/CMakeCXXCompilerABI.cpp
Linking CXX executable cmTryCompileExec1687090186
/usr/bin/cmake -E cmake_link_script CMakeFiles/cmTryCompileExec1687090186.dir/link.txt --verbose=1
/cvmfs/sft.cern.ch/lcg/releases/LCG_88/gcc/4.9.1/x86_64-slc6/bin/g++      -v CMakeFiles/cmTryCompileExec1687090186.dir/CMakeCXXCompilerABI.cpp.o  -o cmTryCompileExec1687090186 -rdynamic  
Using built-in specs.
COLLECT_GCC=/cvmfs/sft.cern.ch/lcg/releases/LCG_88/gcc/4.9.1/x86_64-slc6/bin/g++
COLLECT_LTO_WRAPPER=/cvmfs/sft.cern.ch/lcg/contrib/gcc/4.9.3/x86_64-slc6/bin/../libexec/gcc/x86_64-unknown-linux-gnu/4.9.3/lto-wrapper
Target: x86_64-unknown-linux-gnu
Configured with: ../gcc-4.9.3/configure --prefix=/build/pmendez-sftnight/install-493/ --with-system-zlib --disable-multilib --enable-languages=all
Thread model: posix
gcc version 4.9.3 (GCC) 
COMPILER_PATH=/cvmfs/sft.cern.ch/lcg/contrib/gcc/4.9.3/x86_64-slc6/bin/../libexec/gcc/x86_64-unknown-linux-gnu/4.9.3/:/cvmfs/sft.cern.ch/lcg/contrib/gcc/4.9.3/x86_64-slc6/bin/../libexec/gcc/:/cvmfs/sft.cern.ch/lcg/releases/LCG_88/gcc/4.9.1/x86_64-slc6/lib/gcc/x86_64-unknown-linux-gnu/4.9.3/
LIBRARY_PATH=/cvmfs/sft.cern.ch/lcg/contrib/gcc/4.9.3/x86_64-slc6/bin/../lib/gcc/x86_64-unknown-linux-gnu/4.9.3/:/cvmfs/sft.cern.ch/lcg/contrib/gcc/4.9.3/x86_64-slc6/bin/../lib/gcc/:/cvmfs/sft.cern.ch/lcg/contrib/gcc/4.9.3/x86_64-slc6/bin/../lib/gcc/x86_64-unknown-linux-gnu/4.9.3/../../../../lib64/:/lib/../lib64/:/usr/lib/../lib64/:/cvmfs/sft.cern.ch/lcg/contrib/gcc/4.9.3/x86_64-slc6/bin/../lib/gcc/x86_64-unknown-linux-gnu/4.9.3/../../../:/lib/:/usr/lib/
COLLECT_GCC_OPTIONS='-v' '-o' 'cmTryCompileExec1687090186' '-rdynamic' '-shared-libgcc' '-mtune=generic' '-march=x86-64'
 /cvmfs/sft.cern.ch/lcg/contrib/gcc/4.9.3/x86_64-slc6/bin/../libexec/gcc/x86_64-unknown-linux-gnu/4.9.3/collect2 --eh-frame-hdr -m elf_x86_64 -export-dynamic -dynamic-linker /lib64/ld-linux-x86-64.so.2 -o cmTryCompileExec1687090186 /usr/lib/../lib64/crt1.o /usr/lib/../lib64/crti.o /cvmfs/sft.cern.ch/lcg/contrib/gcc/4.9.3/x86_64-slc6/bin/../lib/gcc/x86_64-unknown-linux-gnu/4.9.3/crtbegin.o -L/cvmfs/sft.cern.ch/lcg/contrib/gcc/4.9.3/x86_64-slc6/bin/../lib/gcc/x86_64-unknown-linux-gnu/4.9.3 -L/cvmfs/sft.cern.ch/lcg/contrib/gcc/4.9.3/x86_64-slc6/bin/../lib/gcc -L/cvmfs/sft.cern.ch/lcg/contrib/gcc/4.9.3/x86_64-slc6/bin/../lib/gcc/x86_64-unknown-linux-gnu/4.9.3/../../../../lib64 -L/lib/../lib64 -L/usr/lib/../lib64 -L/cvmfs/sft.cern.ch/lcg/contrib/gcc/4.9.3/x86_64-slc6/bin/../lib/gcc/x86_64-unknown-linux-gnu/4.9.3/../../.. CMakeFiles/cmTryCompileExec1687090186.dir/CMakeCXXCompilerABI.cpp.o -lstdc++ -lm -lgcc_s -lgcc -lc -lgcc_s -lgcc /cvmfs/sft.cern.ch/lcg/contrib/gcc/4.9.3/x86_64-slc6/bin/../lib/gcc/x86_64-unknown-linux-gnu/4.9.3/crtend.o /usr/lib/../lib64/crtn.o
gmake[1]: Leaving directory `/afs/cern.ch/user/a/areigoto/developing/FCC/Gridpack_Producer_Folders/GridPackProducer/MG5_aMCatNLO/pp_tt_nlo_HE/pp_tt_nlo_HE_gridpack/work/MG5_aMC_v2_5_5/HEPTools/collier/COLLIER-1.2.1/build/CMakeFiles/CMakeTmp'


Parsed CXX implicit link information from above output:
  link line regex: [^( *|.*[/\])(ld|([^/\]+-)?ld|collect2)[^/\]*( |$)]
  ignore line: [Change Dir: /afs/cern.ch/user/a/areigoto/developing/FCC/Gridpack_Producer_Folders/GridPackProducer/MG5_aMCatNLO/pp_tt_nlo_HE/pp_tt_nlo_HE_gridpack/work/MG5_aMC_v2_5_5/HEPTools/collier/COLLIER-1.2.1/build/CMakeFiles/CMakeTmp]
  ignore line: []
  ignore line: [Run Build Command:/usr/bin/gmake "cmTryCompileExec1687090186/fast"]
  ignore line: [/usr/bin/gmake -f CMakeFiles/cmTryCompileExec1687090186.dir/build.make CMakeFiles/cmTryCompileExec1687090186.dir/build]
  ignore line: [gmake[1]: Entering directory `/afs/cern.ch/user/a/areigoto/developing/FCC/Gridpack_Producer_Folders/GridPackProducer/MG5_aMCatNLO/pp_tt_nlo_HE/pp_tt_nlo_HE_gridpack/work/MG5_aMC_v2_5_5/HEPTools/collier/COLLIER-1.2.1/build/CMakeFiles/CMakeTmp']
  ignore line: [/usr/bin/cmake -E cmake_progress_report /afs/cern.ch/user/a/areigoto/developing/FCC/Gridpack_Producer_Folders/GridPackProducer/MG5_aMCatNLO/pp_tt_nlo_HE/pp_tt_nlo_HE_gridpack/work/MG5_aMC_v2_5_5/HEPTools/collier/COLLIER-1.2.1/build/CMakeFiles/CMakeTmp/CMakeFiles 1]
  ignore line: [Building CXX object CMakeFiles/cmTryCompileExec1687090186.dir/CMakeCXXCompilerABI.cpp.o]
  ignore line: [/cvmfs/sft.cern.ch/lcg/releases/LCG_88/gcc/4.9.1/x86_64-slc6/bin/g++     -o CMakeFiles/cmTryCompileExec1687090186.dir/CMakeCXXCompilerABI.cpp.o -c /usr/share/cmake/Modules/CMakeCXXCompilerABI.cpp]
  ignore line: [Linking CXX executable cmTryCompileExec1687090186]
  ignore line: [/usr/bin/cmake -E cmake_link_script CMakeFiles/cmTryCompileExec1687090186.dir/link.txt --verbose=1]
  ignore line: [/cvmfs/sft.cern.ch/lcg/releases/LCG_88/gcc/4.9.1/x86_64-slc6/bin/g++      -v CMakeFiles/cmTryCompileExec1687090186.dir/CMakeCXXCompilerABI.cpp.o  -o cmTryCompileExec1687090186 -rdynamic  ]
  ignore line: [Using built-in specs.]
  ignore line: [COLLECT_GCC=/cvmfs/sft.cern.ch/lcg/releases/LCG_88/gcc/4.9.1/x86_64-slc6/bin/g++]
  ignore line: [COLLECT_LTO_WRAPPER=/cvmfs/sft.cern.ch/lcg/contrib/gcc/4.9.3/x86_64-slc6/bin/../libexec/gcc/x86_64-unknown-linux-gnu/4.9.3/lto-wrapper]
  ignore line: [Target: x86_64-unknown-linux-gnu]
  ignore line: [Configured with: ../gcc-4.9.3/configure --prefix=/build/pmendez-sftnight/install-493/ --with-system-zlib --disable-multilib --enable-languages=all]
  ignore line: [Thread model: posix]
  ignore line: [gcc version 4.9.3 (GCC) ]
  ignore line: [COMPILER_PATH=/cvmfs/sft.cern.ch/lcg/contrib/gcc/4.9.3/x86_64-slc6/bin/../libexec/gcc/x86_64-unknown-linux-gnu/4.9.3/:/cvmfs/sft.cern.ch/lcg/contrib/gcc/4.9.3/x86_64-slc6/bin/../libexec/gcc/:/cvmfs/sft.cern.ch/lcg/releases/LCG_88/gcc/4.9.1/x86_64-slc6/lib/gcc/x86_64-unknown-linux-gnu/4.9.3/]
  ignore line: [LIBRARY_PATH=/cvmfs/sft.cern.ch/lcg/contrib/gcc/4.9.3/x86_64-slc6/bin/../lib/gcc/x86_64-unknown-linux-gnu/4.9.3/:/cvmfs/sft.cern.ch/lcg/contrib/gcc/4.9.3/x86_64-slc6/bin/../lib/gcc/:/cvmfs/sft.cern.ch/lcg/contrib/gcc/4.9.3/x86_64-slc6/bin/../lib/gcc/x86_64-unknown-linux-gnu/4.9.3/../../../../lib64/:/lib/../lib64/:/usr/lib/../lib64/:/cvmfs/sft.cern.ch/lcg/contrib/gcc/4.9.3/x86_64-slc6/bin/../lib/gcc/x86_64-unknown-linux-gnu/4.9.3/../../../:/lib/:/usr/lib/]
  ignore line: [COLLECT_GCC_OPTIONS='-v' '-o' 'cmTryCompileExec1687090186' '-rdynamic' '-shared-libgcc' '-mtune=generic' '-march=x86-64']
  link line: [ /cvmfs/sft.cern.ch/lcg/contrib/gcc/4.9.3/x86_64-slc6/bin/../libexec/gcc/x86_64-unknown-linux-gnu/4.9.3/collect2 --eh-frame-hdr -m elf_x86_64 -export-dynamic -dynamic-linker /lib64/ld-linux-x86-64.so.2 -o cmTryCompileExec1687090186 /usr/lib/../lib64/crt1.o /usr/lib/../lib64/crti.o /cvmfs/sft.cern.ch/lcg/contrib/gcc/4.9.3/x86_64-slc6/bin/../lib/gcc/x86_64-unknown-linux-gnu/4.9.3/crtbegin.o -L/cvmfs/sft.cern.ch/lcg/contrib/gcc/4.9.3/x86_64-slc6/bin/../lib/gcc/x86_64-unknown-linux-gnu/4.9.3 -L/cvmfs/sft.cern.ch/lcg/contrib/gcc/4.9.3/x86_64-slc6/bin/../lib/gcc -L/cvmfs/sft.cern.ch/lcg/contrib/gcc/4.9.3/x86_64-slc6/bin/../lib/gcc/x86_64-unknown-linux-gnu/4.9.3/../../../../lib64 -L/lib/../lib64 -L/usr/lib/../lib64 -L/cvmfs/sft.cern.ch/lcg/contrib/gcc/4.9.3/x86_64-slc6/bin/../lib/gcc/x86_64-unknown-linux-gnu/4.9.3/../../.. CMakeFiles/cmTryCompileExec1687090186.dir/CMakeCXXCompilerABI.cpp.o -lstdc++ -lm -lgcc_s -lgcc -lc -lgcc_s -lgcc /cvmfs/sft.cern.ch/lcg/contrib/gcc/4.9.3/x86_64-slc6/bin/../lib/gcc/x86_64-unknown-linux-gnu/4.9.3/crtend.o /usr/lib/../lib64/crtn.o]
    arg [/cvmfs/sft.cern.ch/lcg/contrib/gcc/4.9.3/x86_64-slc6/bin/../libexec/gcc/x86_64-unknown-linux-gnu/4.9.3/collect2] ==> ignore
    arg [--eh-frame-hdr] ==> ignore
    arg [-m] ==> ignore
    arg [elf_x86_64] ==> ignore
    arg [-export-dynamic] ==> ignore
    arg [-dynamic-linker] ==> ignore
    arg [/lib64/ld-linux-x86-64.so.2] ==> ignore
    arg [-o] ==> ignore
    arg [cmTryCompileExec1687090186] ==> ignore
    arg [/usr/lib/../lib64/crt1.o] ==> ignore
    arg [/usr/lib/../lib64/crti.o] ==> ignore
    arg [/cvmfs/sft.cern.ch/lcg/contrib/gcc/4.9.3/x86_64-slc6/bin/../lib/gcc/x86_64-unknown-linux-gnu/4.9.3/crtbegin.o] ==> ignore
    arg [-L/cvmfs/sft.cern.ch/lcg/contrib/gcc/4.9.3/x86_64-slc6/bin/../lib/gcc/x86_64-unknown-linux-gnu/4.9.3] ==> dir [/cvmfs/sft.cern.ch/lcg/contrib/gcc/4.9.3/x86_64-slc6/bin/../lib/gcc/x86_64-unknown-linux-gnu/4.9.3]
    arg [-L/cvmfs/sft.cern.ch/lcg/contrib/gcc/4.9.3/x86_64-slc6/bin/../lib/gcc] ==> dir [/cvmfs/sft.cern.ch/lcg/contrib/gcc/4.9.3/x86_64-slc6/bin/../lib/gcc]
    arg [-L/cvmfs/sft.cern.ch/lcg/contrib/gcc/4.9.3/x86_64-slc6/bin/../lib/gcc/x86_64-unknown-linux-gnu/4.9.3/../../../../lib64] ==> dir [/cvmfs/sft.cern.ch/lcg/contrib/gcc/4.9.3/x86_64-slc6/bin/../lib/gcc/x86_64-unknown-linux-gnu/4.9.3/../../../../lib64]
    arg [-L/lib/../lib64] ==> dir [/lib/../lib64]
    arg [-L/usr/lib/../lib64] ==> dir [/usr/lib/../lib64]
    arg [-L/cvmfs/sft.cern.ch/lcg/contrib/gcc/4.9.3/x86_64-slc6/bin/../lib/gcc/x86_64-unknown-linux-gnu/4.9.3/../../..] ==> dir [/cvmfs/sft.cern.ch/lcg/contrib/gcc/4.9.3/x86_64-slc6/bin/../lib/gcc/x86_64-unknown-linux-gnu/4.9.3/../../..]
    arg [CMakeFiles/cmTryCompileExec1687090186.dir/CMakeCXXCompilerABI.cpp.o] ==> ignore
    arg [-lstdc++] ==> lib [stdc++]
    arg [-lm] ==> lib [m]
    arg [-lgcc_s] ==> lib [gcc_s]
    arg [-lgcc] ==> lib [gcc]
    arg [-lc] ==> lib [c]
    arg [-lgcc_s] ==> lib [gcc_s]
    arg [-lgcc] ==> lib [gcc]
    arg [/cvmfs/sft.cern.ch/lcg/contrib/gcc/4.9.3/x86_64-slc6/bin/../lib/gcc/x86_64-unknown-linux-gnu/4.9.3/crtend.o] ==> ignore
    arg [/usr/lib/../lib64/crtn.o] ==> ignore
  remove lib [gcc_s]
  remove lib [gcc]
  remove lib [gcc_s]
  remove lib [gcc]
  collapse library dir [/cvmfs/sft.cern.ch/lcg/contrib/gcc/4.9.3/x86_64-slc6/bin/../lib/gcc/x86_64-unknown-linux-gnu/4.9.3] ==> [/cvmfs/sft.cern.ch/lcg/contrib/gcc/4.9.3/x86_64-slc6/lib/gcc/x86_64-unknown-linux-gnu/4.9.3]
  collapse library dir [/cvmfs/sft.cern.ch/lcg/contrib/gcc/4.9.3/x86_64-slc6/bin/../lib/gcc] ==> [/cvmfs/sft.cern.ch/lcg/contrib/gcc/4.9.3/x86_64-slc6/lib/gcc]
  collapse library dir [/cvmfs/sft.cern.ch/lcg/contrib/gcc/4.9.3/x86_64-slc6/bin/../lib/gcc/x86_64-unknown-linux-gnu/4.9.3/../../../../lib64] ==> [/cvmfs/sft.cern.ch/lcg/contrib/gcc/4.9.3/x86_64-slc6/lib64]
  collapse library dir [/lib/../lib64] ==> [/lib64]
  collapse library dir [/usr/lib/../lib64] ==> [/usr/lib64]
  collapse library dir [/cvmfs/sft.cern.ch/lcg/contrib/gcc/4.9.3/x86_64-slc6/bin/../lib/gcc/x86_64-unknown-linux-gnu/4.9.3/../../..] ==> [/cvmfs/sft.cern.ch/lcg/contrib/gcc/4.9.3/x86_64-slc6/lib]
  implicit libs: [stdc++;m;c]
  implicit dirs: [/cvmfs/sft.cern.ch/lcg/contrib/gcc/4.9.3/x86_64-slc6/lib/gcc/x86_64-unknown-linux-gnu/4.9.3;/cvmfs/sft.cern.ch/lcg/contrib/gcc/4.9.3/x86_64-slc6/lib/gcc;/cvmfs/sft.cern.ch/lcg/contrib/gcc/4.9.3/x86_64-slc6/lib64;/lib64;/usr/lib64;/cvmfs/sft.cern.ch/lcg/contrib/gcc/4.9.3/x86_64-slc6/lib]
  implicit fwks: []


Compiling the Fortran compiler identification source file "CMakeFortranCompilerId.F" succeeded.
Compiler: /cvmfs/sft.cern.ch/lcg/releases/LCG_88/gcc/4.9.1/x86_64-slc6/bin/gfortran 
Build flags: 
Id flags: 

The output was:
0


Compilation of the Fortran compiler identification source "CMakeFortranCompilerId.F" produced "a.out"

The Fortran compiler identification is GNU, found in "/afs/cern.ch/user/a/areigoto/developing/FCC/Gridpack_Producer_Folders/GridPackProducer/MG5_aMCatNLO/pp_tt_nlo_HE/pp_tt_nlo_HE_gridpack/work/MG5_aMC_v2_5_5/HEPTools/collier/COLLIER-1.2.1/build/CMakeFiles/2.8.12.2/CompilerIdFortran/a.out"

Determining if the Fortran compiler works passed with the following output:
Change Dir: /afs/cern.ch/user/a/areigoto/developing/FCC/Gridpack_Producer_Folders/GridPackProducer/MG5_aMCatNLO/pp_tt_nlo_HE/pp_tt_nlo_HE_gridpack/work/MG5_aMC_v2_5_5/HEPTools/collier/COLLIER-1.2.1/build/CMakeFiles/CMakeTmp

Run Build Command:/usr/bin/gmake "cmTryCompileExec867486818/fast"
/usr/bin/gmake -f CMakeFiles/cmTryCompileExec867486818.dir/build.make CMakeFiles/cmTryCompileExec867486818.dir/build
gmake[1]: Entering directory `/afs/cern.ch/user/a/areigoto/developing/FCC/Gridpack_Producer_Folders/GridPackProducer/MG5_aMCatNLO/pp_tt_nlo_HE/pp_tt_nlo_HE_gridpack/work/MG5_aMC_v2_5_5/HEPTools/collier/COLLIER-1.2.1/build/CMakeFiles/CMakeTmp'
/usr/bin/cmake -E cmake_progress_report /afs/cern.ch/user/a/areigoto/developing/FCC/Gridpack_Producer_Folders/GridPackProducer/MG5_aMCatNLO/pp_tt_nlo_HE/pp_tt_nlo_HE_gridpack/work/MG5_aMC_v2_5_5/HEPTools/collier/COLLIER-1.2.1/build/CMakeFiles/CMakeTmp/CMakeFiles 1
Building Fortran object CMakeFiles/cmTryCompileExec867486818.dir/testFortranCompiler.f.o
/cvmfs/sft.cern.ch/lcg/releases/LCG_88/gcc/4.9.1/x86_64-slc6/bin/gfortran    -c /afs/cern.ch/user/a/areigoto/developing/FCC/Gridpack_Producer_Folders/GridPackProducer/MG5_aMCatNLO/pp_tt_nlo_HE/pp_tt_nlo_HE_gridpack/work/MG5_aMC_v2_5_5/HEPTools/collier/COLLIER-1.2.1/build/CMakeFiles/CMakeTmp/testFortranCompiler.f -o CMakeFiles/cmTryCompileExec867486818.dir/testFortranCompiler.f.o
Linking Fortran executable cmTryCompileExec867486818
/usr/bin/cmake -E cmake_link_script CMakeFiles/cmTryCompileExec867486818.dir/link.txt --verbose=1
/cvmfs/sft.cern.ch/lcg/releases/LCG_88/gcc/4.9.1/x86_64-slc6/bin/gfortran       CMakeFiles/cmTryCompileExec867486818.dir/testFortranCompiler.f.o  -o cmTryCompileExec867486818 -rdynamic 
gmake[1]: Leaving directory `/afs/cern.ch/user/a/areigoto/developing/FCC/Gridpack_Producer_Folders/GridPackProducer/MG5_aMCatNLO/pp_tt_nlo_HE/pp_tt_nlo_HE_gridpack/work/MG5_aMC_v2_5_5/HEPTools/collier/COLLIER-1.2.1/build/CMakeFiles/CMakeTmp'


Detecting Fortran compiler ABI info compiled with the following output:
Change Dir: /afs/cern.ch/user/a/areigoto/developing/FCC/Gridpack_Producer_Folders/GridPackProducer/MG5_aMCatNLO/pp_tt_nlo_HE/pp_tt_nlo_HE_gridpack/work/MG5_aMC_v2_5_5/HEPTools/collier/COLLIER-1.2.1/build/CMakeFiles/CMakeTmp

Run Build Command:/usr/bin/gmake "cmTryCompileExec2271277479/fast"
/usr/bin/gmake -f CMakeFiles/cmTryCompileExec2271277479.dir/build.make CMakeFiles/cmTryCompileExec2271277479.dir/build
gmake[1]: Entering directory `/afs/cern.ch/user/a/areigoto/developing/FCC/Gridpack_Producer_Folders/GridPackProducer/MG5_aMCatNLO/pp_tt_nlo_HE/pp_tt_nlo_HE_gridpack/work/MG5_aMC_v2_5_5/HEPTools/collier/COLLIER-1.2.1/build/CMakeFiles/CMakeTmp'
/usr/bin/cmake -E cmake_progress_report /afs/cern.ch/user/a/areigoto/developing/FCC/Gridpack_Producer_Folders/GridPackProducer/MG5_aMCatNLO/pp_tt_nlo_HE/pp_tt_nlo_HE_gridpack/work/MG5_aMC_v2_5_5/HEPTools/collier/COLLIER-1.2.1/build/CMakeFiles/CMakeTmp/CMakeFiles 1
Building Fortran object CMakeFiles/cmTryCompileExec2271277479.dir/CMakeFortranCompilerABI.F.o
/cvmfs/sft.cern.ch/lcg/releases/LCG_88/gcc/4.9.1/x86_64-slc6/bin/gfortran    -c /usr/share/cmake/Modules/CMakeFortranCompilerABI.F -o CMakeFiles/cmTryCompileExec2271277479.dir/CMakeFortranCompilerABI.F.o
Linking Fortran executable cmTryCompileExec2271277479
/usr/bin/cmake -E cmake_link_script CMakeFiles/cmTryCompileExec2271277479.dir/link.txt --verbose=1
/cvmfs/sft.cern.ch/lcg/releases/LCG_88/gcc/4.9.1/x86_64-slc6/bin/gfortran   -v   CMakeFiles/cmTryCompileExec2271277479.dir/CMakeFortranCompilerABI.F.o  -o cmTryCompileExec2271277479 -rdynamic  
Driving: /cvmfs/sft.cern.ch/lcg/releases/LCG_88/gcc/4.9.1/x86_64-slc6/bin/gfortran -v CMakeFiles/cmTryCompileExec2271277479.dir/CMakeFortranCompilerABI.F.o -o cmTryCompileExec2271277479 -rdynamic -l gfortran -l m -shared-libgcc
Using built-in specs.
COLLECT_GCC=/cvmfs/sft.cern.ch/lcg/releases/LCG_88/gcc/4.9.1/x86_64-slc6/bin/gfortran
COLLECT_LTO_WRAPPER=/cvmfs/sft.cern.ch/lcg/contrib/gcc/4.9.3/x86_64-slc6/bin/../libexec/gcc/x86_64-unknown-linux-gnu/4.9.3/lto-wrapper
Target: x86_64-unknown-linux-gnu
Configured with: ../gcc-4.9.3/configure --prefix=/build/pmendez-sftnight/install-493/ --with-system-zlib --disable-multilib --enable-languages=all
Thread model: posix
gcc version 4.9.3 (GCC) 
Reading specs from /cvmfs/sft.cern.ch/lcg/contrib/gcc/4.9.3/x86_64-slc6/bin/../lib/gcc/x86_64-unknown-linux-gnu/4.9.3/../../../../lib64/libgfortran.spec
rename spec lib to liborig
COLLECT_GCC_OPTIONS='-v' '-o' 'cmTryCompileExec2271277479' '-rdynamic' '-shared-libgcc' '-mtune=generic' '-march=x86-64'
COMPILER_PATH=/cvmfs/sft.cern.ch/lcg/contrib/gcc/4.9.3/x86_64-slc6/bin/../libexec/gcc/x86_64-unknown-linux-gnu/4.9.3/:/cvmfs/sft.cern.ch/lcg/contrib/gcc/4.9.3/x86_64-slc6/bin/../libexec/gcc/:/cvmfs/sft.cern.ch/lcg/releases/LCG_88/gcc/4.9.1/x86_64-slc6/lib/gcc/x86_64-unknown-linux-gnu/4.9.3/
LIBRARY_PATH=/cvmfs/sft.cern.ch/lcg/contrib/gcc/4.9.3/x86_64-slc6/bin/../lib/gcc/x86_64-unknown-linux-gnu/4.9.3/:/cvmfs/sft.cern.ch/lcg/contrib/gcc/4.9.3/x86_64-slc6/bin/../lib/gcc/:/cvmfs/sft.cern.ch/lcg/contrib/gcc/4.9.3/x86_64-slc6/bin/../lib/gcc/x86_64-unknown-linux-gnu/4.9.3/../../../../lib64/:/lib/../lib64/:/usr/lib/../lib64/:/cvmfs/sft.cern.ch/lcg/contrib/gcc/4.9.3/x86_64-slc6/bin/../lib/gcc/x86_64-unknown-linux-gnu/4.9.3/../../../:/lib/:/usr/lib/
COLLECT_GCC_OPTIONS='-v' '-o' 'cmTryCompileExec2271277479' '-rdynamic' '-shared-libgcc' '-mtune=generic' '-march=x86-64'
 /cvmfs/sft.cern.ch/lcg/contrib/gcc/4.9.3/x86_64-slc6/bin/../libexec/gcc/x86_64-unknown-linux-gnu/4.9.3/collect2 --eh-frame-hdr -m elf_x86_64 -export-dynamic -dynamic-linker /lib64/ld-linux-x86-64.so.2 -o cmTryCompileExec2271277479 /usr/lib/../lib64/crt1.o /usr/lib/../lib64/crti.o /cvmfs/sft.cern.ch/lcg/contrib/gcc/4.9.3/x86_64-slc6/bin/../lib/gcc/x86_64-unknown-linux-gnu/4.9.3/crtbegin.o -L/cvmfs/sft.cern.ch/lcg/contrib/gcc/4.9.3/x86_64-slc6/bin/../lib/gcc/x86_64-unknown-linux-gnu/4.9.3 -L/cvmfs/sft.cern.ch/lcg/contrib/gcc/4.9.3/x86_64-slc6/bin/../lib/gcc -L/cvmfs/sft.cern.ch/lcg/contrib/gcc/4.9.3/x86_64-slc6/bin/../lib/gcc/x86_64-unknown-linux-gnu/4.9.3/../../../../lib64 -L/lib/../lib64 -L/usr/lib/../lib64 -L/cvmfs/sft.cern.ch/lcg/contrib/gcc/4.9.3/x86_64-slc6/bin/../lib/gcc/x86_64-unknown-linux-gnu/4.9.3/../../.. CMakeFiles/cmTryCompileExec2271277479.dir/CMakeFortranCompilerABI.F.o -lgfortran -lm -lgcc_s -lgcc -lquadmath -lm -lgcc_s -lgcc -lc -lgcc_s -lgcc /cvmfs/sft.cern.ch/lcg/contrib/gcc/4.9.3/x86_64-slc6/bin/../lib/gcc/x86_64-unknown-linux-gnu/4.9.3/crtend.o /usr/lib/../lib64/crtn.o
gmake[1]: Leaving directory `/afs/cern.ch/user/a/areigoto/developing/FCC/Gridpack_Producer_Folders/GridPackProducer/MG5_aMCatNLO/pp_tt_nlo_HE/pp_tt_nlo_HE_gridpack/work/MG5_aMC_v2_5_5/HEPTools/collier/COLLIER-1.2.1/build/CMakeFiles/CMakeTmp'


Parsed Fortran implicit link information from above output:
  link line regex: [^( *|.*[/\])(ld|([^/\]+-)?ld|collect2)[^/\]*( |$)]
  ignore line: [Change Dir: /afs/cern.ch/user/a/areigoto/developing/FCC/Gridpack_Producer_Folders/GridPackProducer/MG5_aMCatNLO/pp_tt_nlo_HE/pp_tt_nlo_HE_gridpack/work/MG5_aMC_v2_5_5/HEPTools/collier/COLLIER-1.2.1/build/CMakeFiles/CMakeTmp]
  ignore line: []
  ignore line: [Run Build Command:/usr/bin/gmake "cmTryCompileExec2271277479/fast"]
  ignore line: [/usr/bin/gmake -f CMakeFiles/cmTryCompileExec2271277479.dir/build.make CMakeFiles/cmTryCompileExec2271277479.dir/build]
  ignore line: [gmake[1]: Entering directory `/afs/cern.ch/user/a/areigoto/developing/FCC/Gridpack_Producer_Folders/GridPackProducer/MG5_aMCatNLO/pp_tt_nlo_HE/pp_tt_nlo_HE_gridpack/work/MG5_aMC_v2_5_5/HEPTools/collier/COLLIER-1.2.1/build/CMakeFiles/CMakeTmp']
  ignore line: [/usr/bin/cmake -E cmake_progress_report /afs/cern.ch/user/a/areigoto/developing/FCC/Gridpack_Producer_Folders/GridPackProducer/MG5_aMCatNLO/pp_tt_nlo_HE/pp_tt_nlo_HE_gridpack/work/MG5_aMC_v2_5_5/HEPTools/collier/COLLIER-1.2.1/build/CMakeFiles/CMakeTmp/CMakeFiles 1]
  ignore line: [Building Fortran object CMakeFiles/cmTryCompileExec2271277479.dir/CMakeFortranCompilerABI.F.o]
  ignore line: [/cvmfs/sft.cern.ch/lcg/releases/LCG_88/gcc/4.9.1/x86_64-slc6/bin/gfortran    -c /usr/share/cmake/Modules/CMakeFortranCompilerABI.F -o CMakeFiles/cmTryCompileExec2271277479.dir/CMakeFortranCompilerABI.F.o]
  ignore line: [Linking Fortran executable cmTryCompileExec2271277479]
  ignore line: [/usr/bin/cmake -E cmake_link_script CMakeFiles/cmTryCompileExec2271277479.dir/link.txt --verbose=1]
  ignore line: [/cvmfs/sft.cern.ch/lcg/releases/LCG_88/gcc/4.9.1/x86_64-slc6/bin/gfortran   -v   CMakeFiles/cmTryCompileExec2271277479.dir/CMakeFortranCompilerABI.F.o  -o cmTryCompileExec2271277479 -rdynamic  ]
  ignore line: [Driving: /cvmfs/sft.cern.ch/lcg/releases/LCG_88/gcc/4.9.1/x86_64-slc6/bin/gfortran -v CMakeFiles/cmTryCompileExec2271277479.dir/CMakeFortranCompilerABI.F.o -o cmTryCompileExec2271277479 -rdynamic -l gfortran -l m -shared-libgcc]
  ignore line: [Using built-in specs.]
  ignore line: [COLLECT_GCC=/cvmfs/sft.cern.ch/lcg/releases/LCG_88/gcc/4.9.1/x86_64-slc6/bin/gfortran]
  ignore line: [COLLECT_LTO_WRAPPER=/cvmfs/sft.cern.ch/lcg/contrib/gcc/4.9.3/x86_64-slc6/bin/../libexec/gcc/x86_64-unknown-linux-gnu/4.9.3/lto-wrapper]
  ignore line: [Target: x86_64-unknown-linux-gnu]
  ignore line: [Configured with: ../gcc-4.9.3/configure --prefix=/build/pmendez-sftnight/install-493/ --with-system-zlib --disable-multilib --enable-languages=all]
  ignore line: [Thread model: posix]
  ignore line: [gcc version 4.9.3 (GCC) ]
  ignore line: [Reading specs from /cvmfs/sft.cern.ch/lcg/contrib/gcc/4.9.3/x86_64-slc6/bin/../lib/gcc/x86_64-unknown-linux-gnu/4.9.3/../../../../lib64/libgfortran.spec]
  ignore line: [rename spec lib to liborig]
  ignore line: [COLLECT_GCC_OPTIONS='-v' '-o' 'cmTryCompileExec2271277479' '-rdynamic' '-shared-libgcc' '-mtune=generic' '-march=x86-64']
  ignore line: [COMPILER_PATH=/cvmfs/sft.cern.ch/lcg/contrib/gcc/4.9.3/x86_64-slc6/bin/../libexec/gcc/x86_64-unknown-linux-gnu/4.9.3/:/cvmfs/sft.cern.ch/lcg/contrib/gcc/4.9.3/x86_64-slc6/bin/../libexec/gcc/:/cvmfs/sft.cern.ch/lcg/releases/LCG_88/gcc/4.9.1/x86_64-slc6/lib/gcc/x86_64-unknown-linux-gnu/4.9.3/]
  ignore line: [LIBRARY_PATH=/cvmfs/sft.cern.ch/lcg/contrib/gcc/4.9.3/x86_64-slc6/bin/../lib/gcc/x86_64-unknown-linux-gnu/4.9.3/:/cvmfs/sft.cern.ch/lcg/contrib/gcc/4.9.3/x86_64-slc6/bin/../lib/gcc/:/cvmfs/sft.cern.ch/lcg/contrib/gcc/4.9.3/x86_64-slc6/bin/../lib/gcc/x86_64-unknown-linux-gnu/4.9.3/../../../../lib64/:/lib/../lib64/:/usr/lib/../lib64/:/cvmfs/sft.cern.ch/lcg/contrib/gcc/4.9.3/x86_64-slc6/bin/../lib/gcc/x86_64-unknown-linux-gnu/4.9.3/../../../:/lib/:/usr/lib/]
  ignore line: [COLLECT_GCC_OPTIONS='-v' '-o' 'cmTryCompileExec2271277479' '-rdynamic' '-shared-libgcc' '-mtune=generic' '-march=x86-64']
  link line: [ /cvmfs/sft.cern.ch/lcg/contrib/gcc/4.9.3/x86_64-slc6/bin/../libexec/gcc/x86_64-unknown-linux-gnu/4.9.3/collect2 --eh-frame-hdr -m elf_x86_64 -export-dynamic -dynamic-linker /lib64/ld-linux-x86-64.so.2 -o cmTryCompileExec2271277479 /usr/lib/../lib64/crt1.o /usr/lib/../lib64/crti.o /cvmfs/sft.cern.ch/lcg/contrib/gcc/4.9.3/x86_64-slc6/bin/../lib/gcc/x86_64-unknown-linux-gnu/4.9.3/crtbegin.o -L/cvmfs/sft.cern.ch/lcg/contrib/gcc/4.9.3/x86_64-slc6/bin/../lib/gcc/x86_64-unknown-linux-gnu/4.9.3 -L/cvmfs/sft.cern.ch/lcg/contrib/gcc/4.9.3/x86_64-slc6/bin/../lib/gcc -L/cvmfs/sft.cern.ch/lcg/contrib/gcc/4.9.3/x86_64-slc6/bin/../lib/gcc/x86_64-unknown-linux-gnu/4.9.3/../../../../lib64 -L/lib/../lib64 -L/usr/lib/../lib64 -L/cvmfs/sft.cern.ch/lcg/contrib/gcc/4.9.3/x86_64-slc6/bin/../lib/gcc/x86_64-unknown-linux-gnu/4.9.3/../../.. CMakeFiles/cmTryCompileExec2271277479.dir/CMakeFortranCompilerABI.F.o -lgfortran -lm -lgcc_s -lgcc -lquadmath -lm -lgcc_s -lgcc -lc -lgcc_s -lgcc /cvmfs/sft.cern.ch/lcg/contrib/gcc/4.9.3/x86_64-slc6/bin/../lib/gcc/x86_64-unknown-linux-gnu/4.9.3/crtend.o /usr/lib/../lib64/crtn.o]
    arg [/cvmfs/sft.cern.ch/lcg/contrib/gcc/4.9.3/x86_64-slc6/bin/../libexec/gcc/x86_64-unknown-linux-gnu/4.9.3/collect2] ==> ignore
    arg [--eh-frame-hdr] ==> ignore
    arg [-m] ==> ignore
    arg [elf_x86_64] ==> ignore
    arg [-export-dynamic] ==> ignore
    arg [-dynamic-linker] ==> ignore
    arg [/lib64/ld-linux-x86-64.so.2] ==> ignore
    arg [-o] ==> ignore
    arg [cmTryCompileExec2271277479] ==> ignore
    arg [/usr/lib/../lib64/crt1.o] ==> ignore
    arg [/usr/lib/../lib64/crti.o] ==> ignore
    arg [/cvmfs/sft.cern.ch/lcg/contrib/gcc/4.9.3/x86_64-slc6/bin/../lib/gcc/x86_64-unknown-linux-gnu/4.9.3/crtbegin.o] ==> ignore
    arg [-L/cvmfs/sft.cern.ch/lcg/contrib/gcc/4.9.3/x86_64-slc6/bin/../lib/gcc/x86_64-unknown-linux-gnu/4.9.3] ==> dir [/cvmfs/sft.cern.ch/lcg/contrib/gcc/4.9.3/x86_64-slc6/bin/../lib/gcc/x86_64-unknown-linux-gnu/4.9.3]
    arg [-L/cvmfs/sft.cern.ch/lcg/contrib/gcc/4.9.3/x86_64-slc6/bin/../lib/gcc] ==> dir [/cvmfs/sft.cern.ch/lcg/contrib/gcc/4.9.3/x86_64-slc6/bin/../lib/gcc]
    arg [-L/cvmfs/sft.cern.ch/lcg/contrib/gcc/4.9.3/x86_64-slc6/bin/../lib/gcc/x86_64-unknown-linux-gnu/4.9.3/../../../../lib64] ==> dir [/cvmfs/sft.cern.ch/lcg/contrib/gcc/4.9.3/x86_64-slc6/bin/../lib/gcc/x86_64-unknown-linux-gnu/4.9.3/../../../../lib64]
    arg [-L/lib/../lib64] ==> dir [/lib/../lib64]
    arg [-L/usr/lib/../lib64] ==> dir [/usr/lib/../lib64]
    arg [-L/cvmfs/sft.cern.ch/lcg/contrib/gcc/4.9.3/x86_64-slc6/bin/../lib/gcc/x86_64-unknown-linux-gnu/4.9.3/../../..] ==> dir [/cvmfs/sft.cern.ch/lcg/contrib/gcc/4.9.3/x86_64-slc6/bin/../lib/gcc/x86_64-unknown-linux-gnu/4.9.3/../../..]
    arg [CMakeFiles/cmTryCompileExec2271277479.dir/CMakeFortranCompilerABI.F.o] ==> ignore
    arg [-lgfortran] ==> lib [gfortran]
    arg [-lm] ==> lib [m]
    arg [-lgcc_s] ==> lib [gcc_s]
    arg [-lgcc] ==> lib [gcc]
    arg [-lquadmath] ==> lib [quadmath]
    arg [-lm] ==> lib [m]
    arg [-lgcc_s] ==> lib [gcc_s]
    arg [-lgcc] ==> lib [gcc]
    arg [-lc] ==> lib [c]
    arg [-lgcc_s] ==> lib [gcc_s]
    arg [-lgcc] ==> lib [gcc]
    arg [/cvmfs/sft.cern.ch/lcg/contrib/gcc/4.9.3/x86_64-slc6/bin/../lib/gcc/x86_64-unknown-linux-gnu/4.9.3/crtend.o] ==> ignore
    arg [/usr/lib/../lib64/crtn.o] ==> ignore
  remove lib [gcc_s]
  remove lib [gcc]
  remove lib [gcc_s]
  remove lib [gcc]
  remove lib [gcc_s]
  remove lib [gcc]
  collapse library dir [/cvmfs/sft.cern.ch/lcg/contrib/gcc/4.9.3/x86_64-slc6/bin/../lib/gcc/x86_64-unknown-linux-gnu/4.9.3] ==> [/cvmfs/sft.cern.ch/lcg/contrib/gcc/4.9.3/x86_64-slc6/lib/gcc/x86_64-unknown-linux-gnu/4.9.3]
  collapse library dir [/cvmfs/sft.cern.ch/lcg/contrib/gcc/4.9.3/x86_64-slc6/bin/../lib/gcc] ==> [/cvmfs/sft.cern.ch/lcg/contrib/gcc/4.9.3/x86_64-slc6/lib/gcc]
  collapse library dir [/cvmfs/sft.cern.ch/lcg/contrib/gcc/4.9.3/x86_64-slc6/bin/../lib/gcc/x86_64-unknown-linux-gnu/4.9.3/../../../../lib64] ==> [/cvmfs/sft.cern.ch/lcg/contrib/gcc/4.9.3/x86_64-slc6/lib64]
  collapse library dir [/lib/../lib64] ==> [/lib64]
  collapse library dir [/usr/lib/../lib64] ==> [/usr/lib64]
  collapse library dir [/cvmfs/sft.cern.ch/lcg/contrib/gcc/4.9.3/x86_64-slc6/bin/../lib/gcc/x86_64-unknown-linux-gnu/4.9.3/../../..] ==> [/cvmfs/sft.cern.ch/lcg/contrib/gcc/4.9.3/x86_64-slc6/lib]
  implicit libs: [gfortran;m;quadmath;m;c]
  implicit dirs: [/cvmfs/sft.cern.ch/lcg/contrib/gcc/4.9.3/x86_64-slc6/lib/gcc/x86_64-unknown-linux-gnu/4.9.3;/cvmfs/sft.cern.ch/lcg/contrib/gcc/4.9.3/x86_64-slc6/lib/gcc;/cvmfs/sft.cern.ch/lcg/contrib/gcc/4.9.3/x86_64-slc6/lib64;/lib64;/usr/lib64;/cvmfs/sft.cern.ch/lcg/contrib/gcc/4.9.3/x86_64-slc6/lib]
  implicit fwks: []


Determining if the Fortran compiler supports Fortran 90 passed with the following output:
Change Dir: /afs/cern.ch/user/a/areigoto/developing/FCC/Gridpack_Producer_Folders/GridPackProducer/MG5_aMCatNLO/pp_tt_nlo_HE/pp_tt_nlo_HE_gridpack/work/MG5_aMC_v2_5_5/HEPTools/collier/COLLIER-1.2.1/build/CMakeFiles/CMakeTmp

Run Build Command:/usr/bin/gmake "cmTryCompileExec357329446/fast"
/usr/bin/gmake -f CMakeFiles/cmTryCompileExec357329446.dir/build.make CMakeFiles/cmTryCompileExec357329446.dir/build
gmake[1]: Entering directory `/afs/cern.ch/user/a/areigoto/developing/FCC/Gridpack_Producer_Folders/GridPackProducer/MG5_aMCatNLO/pp_tt_nlo_HE/pp_tt_nlo_HE_gridpack/work/MG5_aMC_v2_5_5/HEPTools/collier/COLLIER-1.2.1/build/CMakeFiles/CMakeTmp'
/usr/bin/cmake -E cmake_progress_report /afs/cern.ch/user/a/areigoto/developing/FCC/Gridpack_Producer_Folders/GridPackProducer/MG5_aMCatNLO/pp_tt_nlo_HE/pp_tt_nlo_HE_gridpack/work/MG5_aMC_v2_5_5/HEPTools/collier/COLLIER-1.2.1/build/CMakeFiles/CMakeTmp/CMakeFiles 1
Building Fortran object CMakeFiles/cmTryCompileExec357329446.dir/testFortranCompilerF90.f90.o
/cvmfs/sft.cern.ch/lcg/releases/LCG_88/gcc/4.9.1/x86_64-slc6/bin/gfortran    -c /afs/cern.ch/user/a/areigoto/developing/FCC/Gridpack_Producer_Folders/GridPackProducer/MG5_aMCatNLO/pp_tt_nlo_HE/pp_tt_nlo_HE_gridpack/work/MG5_aMC_v2_5_5/HEPTools/collier/COLLIER-1.2.1/build/CMakeFiles/CMakeTmp/testFortranCompilerF90.f90 -o CMakeFiles/cmTryCompileExec357329446.dir/testFortranCompilerF90.f90.o
Linking Fortran executable cmTryCompileExec357329446
/usr/bin/cmake -E cmake_link_script CMakeFiles/cmTryCompileExec357329446.dir/link.txt --verbose=1
/cvmfs/sft.cern.ch/lcg/releases/LCG_88/gcc/4.9.1/x86_64-slc6/bin/gfortran       CMakeFiles/cmTryCompileExec357329446.dir/testFortranCompilerF90.f90.o  -o cmTryCompileExec357329446 -rdynamic 
gmake[1]: Leaving directory `/afs/cern.ch/user/a/areigoto/developing/FCC/Gridpack_Producer_Folders/GridPackProducer/MG5_aMCatNLO/pp_tt_nlo_HE/pp_tt_nlo_HE_gridpack/work/MG5_aMC_v2_5_5/HEPTools/collier/COLLIER-1.2.1/build/CMakeFiles/CMakeTmp'


