==== LHAPDF6 USING DEFAULT-TYPE LHAGLUE INTERFACE ====
LHAPDF 6.1.6 loading /afs/cern.ch/work/s/selvaggi/public/LHAPDF-6.1.6/build/share/LHAPDF/NNPDF30_nlo_as_0118/NNPDF30_nlo_as_0118_0000.dat
NNPDF30_nlo_as_0118 PDF set, member #0, version 2; LHAPDF ID = 260000
 A PDF is used, so alpha_s(MZ) is going to be modified
 Old value of alpha_s from param_card:   0.11799999999999999     
 New value of alpha_s from PDF lhapdf :  0.11800222660863767     
 using LHAPDF
 *****************************************************
 *               MadGraph/MadEvent                   *
 *        --------------------------------           *
 *          http://madgraph.hep.uiuc.edu             *
 *          http://madgraph.phys.ucl.ac.be           *
 *          http://madgraph.roma2.infn.it            *
 *        --------------------------------           *
 *                                                   *
 *          PARAMETER AND COUPLING VALUES            *
 *                                                   *
 *****************************************************

  External Params
  ---------------------------------
  
 MU_R =    91.188000000000002     
 aEWM1 =    132.50700000000001     
 mdl_Gf =    1.1663900000000000E-005
 aS =   0.11799999999999999     
 mdl_ymb =    4.7000000000000002     
 mdl_ymt =    173.00000000000000     
 mdl_ymtau =    1.7769999999999999     
 mdl_MT =    173.00000000000000     
 mdl_MB =    4.7000000000000002     
 mdl_MZ =    91.188000000000002     
 mdl_MH =    125.00000000000000     
 mdl_MTA =    1.7769999999999999     
 mdl_WT =    0.0000000000000000     
 mdl_WZ =    2.4414039999999999     
 mdl_WW =    2.0476000000000001     
 mdl_WH =    6.3823389999999999E-003
  Internal Params
  ---------------------------------
  
 mdl_conjg__CKM3x3 =    1.0000000000000000     
 mdl_CKM22 =    1.0000000000000000     
 mdl_lhv =    1.0000000000000000     
 mdl_CKM3x3 =    1.0000000000000000     
 mdl_conjg__CKM22 =    1.0000000000000000     
 mdl_conjg__CKM33 =    1.0000000000000000     
 mdl_Ncol =    3.0000000000000000     
 mdl_CA =    3.0000000000000000     
 mdl_TF =   0.50000000000000000     
 mdl_CF =    1.3333333333333333     
 mdl_complexi =  (  0.0000000000000000     ,  1.0000000000000000     )
 mdl_MZ__exp__2 =    8315.2513440000002     
 mdl_MZ__exp__4 =    69143404.913893804     
 mdl_sqrt__2 =    1.4142135623730951     
 mdl_MH__exp__2 =    15625.000000000000     
 mdl_Ncol__exp__2 =    9.0000000000000000     
 mdl_MB__exp__2 =    22.090000000000003     
 mdl_MT__exp__2 =    29929.000000000000     
 mdl_aEW =    7.5467711139788835E-003
 mdl_MW =    80.419002445756163     
 mdl_sqrt__aEW =    8.6872153846781555E-002
 mdl_ee =   0.30795376724436879     
 mdl_MW__exp__2 =    6467.2159543705357     
 mdl_sw2 =   0.22224648578577766     
 mdl_cw =   0.88190334743339216     
 mdl_sqrt__sw2 =   0.47143025548407230     
 mdl_sw =   0.47143025548407230     
 mdl_g1 =   0.34919219678733299     
 mdl_gw =   0.65323293034757990     
 mdl_v =    246.21845810181637     
 mdl_v__exp__2 =    60623.529110035903     
 mdl_lam =   0.12886910601690263     
 mdl_yb =    2.6995554250465490E-002
 mdl_yt =   0.99366614581500623     
 mdl_ytau =    1.0206617000654717E-002
 mdl_muH =    88.388347648318430     
 mdl_AxialZUp =  -0.18517701861793787     
 mdl_AxialZDown =   0.18517701861793787     
 mdl_VectorZUp =    7.5430507588273299E-002
 mdl_VectorZDown =  -0.13030376310310560     
 mdl_VectorAUp =   0.20530251149624587     
 mdl_VectorADown =  -0.10265125574812294     
 mdl_VectorWmDxU =   0.23095271737156670     
 mdl_AxialWmDxU =  -0.23095271737156670     
 mdl_VectorWpUxD =   0.23095271737156670     
 mdl_AxialWpUxD =  -0.23095271737156670     
 mdl_I1x33 =  (  2.6995554250465490E-002,  0.0000000000000000     )
 mdl_I2x33 =  ( 0.99366614581500623     ,  0.0000000000000000     )
 mdl_I3x33 =  ( 0.99366614581500623     ,  0.0000000000000000     )
 mdl_I4x33 =  (  2.6995554250465490E-002,  0.0000000000000000     )
 mdl_Vector_tbGp =  (-0.96667059156454072     ,  0.0000000000000000     )
 mdl_Axial_tbGp =  ( -1.0206617000654716     , -0.0000000000000000     )
 mdl_Vector_tbGm =  ( 0.96667059156454072     ,  0.0000000000000000     )
 mdl_Axial_tbGm =  ( -1.0206617000654716     , -0.0000000000000000     )
 mdl_gw__exp__2 =   0.42671326129048615     
 mdl_cw__exp__2 =   0.77775351421422245     
 mdl_ee__exp__2 =    9.4835522759998875E-002
 mdl_sw__exp__2 =   0.22224648578577769     
 mdl_yb__exp__2 =    7.2875994928982540E-004
 mdl_yt__exp__2 =   0.98737240933884918     
  Internal Params evaluated point by point
  ----------------------------------------
  
 mdl_sqrt__aS =   0.34351128074635334     
 mdl_G__exp__4 =    2.1987899468922913     
 mdl_G__exp__2 =    1.4828317324943823     
 mdl_G_UVg_1EPS_ =   -5.1645779033320030E-002
 mdl_G_UVq_1EPS_ =    3.1300472141406080E-003
 mdl_G_UVb_1EPS_ =    3.1300472141406080E-003
 mdl_GWcft_UV_b_1EPS_ =   -3.1300472141406080E-003
 mdl_GWcft_UV_t_1EPS_ =   -3.1300472141406080E-003
 mdl_bWcft_UV_1EPS_ =   -1.8780283284843650E-002
 mdl_tWcft_UV_1EPS_ =   -1.8780283284843650E-002
 mdl_tMass_UV_1EPS_ =  (  0.0000000000000000     ,  6.4979780165559031     )
 mdl_G__exp__3 =    1.8056676068262196     
 mdl_MU_R__exp__2 =    8315.2513440000002     
 mdl_G_UVb_FIN_ =    1.8563438626678915E-002
 mdl_G_UVt_FIN_ =   -4.0087659331150384E-003
 mdl_GWcft_UV_b_FIN_ =   -1.8563438626678915E-002
 mdl_GWcft_UV_t_FIN_ =    4.0087659331150384E-003
 mdl_bWcft_UV_FIN_ =  -0.13642100947319838     
 mdl_tWcft_UV_FIN_ =   -9.8778211443463623E-004
 mdl_tMass_UV_FIN_ =  (  0.0000000000000000     , 0.34177261159438416     )
  Couplings of loop_sm
  ---------------------------------
  
       UV_3Gb =  -0.22605E-01   0.00000E+00
       UV_3Gt =   0.48815E-02   0.00000E+00
      UV_GQQb =   0.00000E+00   0.22605E-01
      UV_GQQt =   0.00000E+00  -0.48815E-02
     UV_tMass =   0.00000E+00   0.34177E+00
   UVWfct_t_0 =  -0.98778E-03  -0.00000E+00
   UVWfct_G_2 =   0.40088E-02   0.00000E+00
   UVWfct_G_1 =  -0.18563E-01   0.00000E+00
         GC_4 =  -0.12177E+01   0.00000E+00
         GC_5 =   0.00000E+00   0.12177E+01
         GC_6 =   0.00000E+00   0.14828E+01
       R2_3Gq =   0.76230E-02   0.00000E+00
       R2_3Gg =   0.31445E-01   0.00000E+00
       R2_GQQ =  -0.00000E+00  -0.30492E-01
       R2_GGq =   0.00000E+00   0.62601E-02
       R2_GGb =  -0.00000E+00  -0.82971E+00
       R2_GGt =  -0.00000E+00  -0.11242E+04
     R2_GGg_1 =   0.00000E+00   0.28170E-01
     R2_GGg_2 =  -0.00000E+00  -0.18780E-01
       R2_QQq =   0.00000E+00   0.12520E-01
       R2_QQt =   0.00000E+00   0.43320E+01
  UV_3Gg_1eps =   0.62890E-01   0.00000E+00
  UV_3Gb_1eps =  -0.38115E-02   0.00000E+00
 UV_GQQg_1eps =   0.00000E+00  -0.62890E-01
 UV_GQQq_1eps =   0.00000E+00   0.38115E-02
 UV_tMass_1eps =  0.00000E+00   0.64980E+01
 UVWfct_b_0_1eps -0.18780E-01   0.00000E+00
 UVWfct_G_2_1eps -0.31300E-02   0.00000E+00

 Collider parameters:
 --------------------

 Running at P P   machine @    27000.000000000000       GeV
 PDF set = lhapdf 
 alpha_s(Mz)= 0.1180 running at 2 loops.
 alpha_s(Mz)= 0.1180 running at 2 loops.
 Renormalization scale set on event-by-event basis
 Factorization   scale set on event-by-event basis


 ===============================================================
 INFO: MadFKS read these parameters from FKS_params.dat
 ===============================================================
  > IRPoleCheckThreshold      =    1.0000000000000001E-005
  > PrecisionVirtualAtRunTime =    1.0000000000000000E-003
  > NHelForMCoverHels         =            4
  > VirtualFraction           =    1.0000000000000000     
  > MinVirtualFraction        =    5.0000000000000001E-003
 ===============================================================
  Insert the number of points to test
 Insert the relative tolerance
  A negative number will mean use the default one:    1.0000000000000001E-005
Using random seed offsets:     1 ,      3 ,      0
  with seed                   32
 Ranmar initialization seeds       10730        9409
  ========================================================================================== 
 {                                                                                          }
 {       [32m                                                                            [0m       }

  +----------------------------------------------------------------+
  |                                                                |
  |  Ninja - version 1.2.0                                         |
  |                                                                |
  |  Author: Tiziano Peraro                                        |
  |                                                                |
  |  Based on:                                                     |
  |                                                                |
  |      P. Mastrolia, E. Mirabella and T. Peraro,                 |
  |      "Integrand reduction of one-loop scattering amplitudes    |
  |      through Laurent series expansion,"                        |
  |      JHEP 1206 (2012) 095  [arXiv:1203.0291 [hep-ph]].         |
  |                                                                |
  |      T. Peraro,                                                |
  |      "Ninja: Automated Integrand Reduction via Laurent         |
  |      Expansion for One-Loop Amplitudes,"                       |
  |      Comput.Phys.Commun. 185 (2014) [arXiv:1403.1229 [hep-ph]] |
  |                                                                |
  +----------------------------------------------------------------+


 {       [32m                               ,,                                           [0m       }
 {       [32m`7MMM.     ,MMF'             `7MM  `7MMF'                                   [0m       }
 {       [32m  MMMb    dPMM                 MM    MM                                     [0m       }
 {       [32m  M YM   ,M MM   ,6"Yb.   ,M""bMM    MM         ,pW"Wq.   ,pW"Wq.`7MMpdMAo. [0m       }
 {       [32m  M  Mb  M' MM  8)   MM ,AP    MM    MM        6W'   `Wb 6W'   `Wb MM   `Wb [0m       }
 {       [32m  M  YM.P'  MM   ,pm9MM 8MI    MM    MM      , 8M     M8 8M     M8 MM    M8 [0m       }
 {       [32m  M  `YM'   MM  8M   MM `Mb    MM    MM     ,M YA.   ,A9 YA.   ,A9 MM   ,AP [0m       }
 {       [32m.JML. `'  .JMML.`Moo9^Yo.`Wbmd"MML..JMMmmmmMMM  `Ybmd9'   `Ybmd9'  MMbmmd'  [0m       }
 {       [32m                                                                   MM       [0m       }
 {       [32m                                                                 .JMML.     [0m       }
 {       [32m[0mv2.5.5 (2017-05-26), Ref: arXiv:1103.0621v2, arXiv:1405.0301[32m                [0m       }
 {       [32m                                                                            [0m       }
 {                                                                                          }
  ========================================================================================== 
 ===============================================================
 INFO: MadLoop read these parameters from ./MadLoop5_resources/MadLoopParams.dat                                                                                                                                                                                                                                                                                                                                                                                                                                                                                          
 ===============================================================
  > MLReductionLib            = 6|7|1
  > CTModeRun                 =           -1
  > MLStabThres               =    1.0000000000000000E-003
  > NRotations_DP             =            0
  > NRotations_QP             =            0
  > CTStabThres               =    1.0000000000000000E-002
  > CTLoopLibrary             =            2
  > CTModeInit                =            1
  > CheckCycle                =            3
  > MaxAttempts               =           10
  > UseLoopFilter             =  F
  > HelicityFilterLevel       =            2
  > ImprovePSPoint            =            2
  > DoubleCheckHelicityFilter =  T
  > LoopInitStartOver         =  F
  > HelInitStartOver          =  F
  > ZeroThres                 =    1.0000000000000001E-009
  > OSThres                   =    1.0000000000000000E-008
  > WriteOutFilters           =  T
  > UseQPIntegrandForNinja    =  T
  > UseQPIntegrandForCutTools =  T
  > IREGIMODE                 =            2
  > IREGIRECY                 =  T
  > COLLIERMode               =            1
  > COLLIERRequiredAccuracy   =    1.0000000000000000E-008
  > COLLIERCanOutput          =  F
  > COLLIERComputeUVpoles     =  T
  > COLLIERComputeIRpoles     =  T
  > COLLIERGlobalCache        =           -1
  > COLLIERUseCacheForPoles   =  F
  > COLLIERUseInternalStabilityTest =  T
 ===============================================================
  
------------------------------------------------------------------------
|              You are using CutTools - Version 1.9.3                  |
|              Authors: G. Ossola, C. Papadopoulos, R. Pittau          |
|              Published in JHEP 0803:042,2008                         |
|              http://www.ugr.es/~pittau/CutTools                      |
|                                                                      |
|              Compiler with  34  significant digits detetected        |
 ---------------------------------------------------------------------- 
   
########################################################################
#                                                                      #
#                      You are using OneLOop-3.6                       #
#                                                                      #
# for the evaluation of 1-loop scalar 1-, 2-, 3- and 4-point functions #
#                                                                      #
# author: Andreas van Hameren <hamerenREMOVETHIS@ifj.edu.pl>           #
#   date: 18-02-2015                                                   #
#                                                                      #
# Please cite                                                          #
#    A. van Hameren,                                                   #
#      Comput.Phys.Commun. 182 (2011) 2427-2438, arXiv:1007.4716       #
#    A. van Hameren, C.G. Papadopoulos and R. Pittau,                  #
#      JHEP 0909:106,2009, arXiv:0903.4665                             #
# in publications with results obtained with the help of this program. #
#                                                                      #
########################################################################
########################################################################
#                                                                      #
#                      You are using OneLOop-3.6                       #
#                                                                      #
# for the evaluation of 1-loop scalar 1-, 2-, 3- and 4-point functions #
#                                                                      #
# author: Andreas van Hameren <hamerenREMOVETHIS@ifj.edu.pl>           #
#   date: 18-02-2015                                                   #
#                                                                      #
# Please cite                                                          #
#    A. van Hameren,                                                   #
#      Comput.Phys.Commun. 182 (2011) 2427-2438, arXiv:1007.4716       #
#    A. van Hameren, C.G. Papadopoulos and R. Pittau,                  #
#      JHEP 0909:106,2009, arXiv:0903.4665                             #
# in publications with results obtained with the help of this program. #
#                                                                      #
########################################################################
 PASSED   1.0000000000000001E-005
 MU_R    =    675.00000000000000     
 ALPHA_S =   0.11799999999999999     
 BORN                   0.97032760969061327     
 SINGLE POLE (MadFKS)    4.9399969915966596E-002
 DOUBLE POLE (MadFKS)   -4.8594739704253112E-002
 SINGLE POLE (MadLoop)   4.9399969915976297E-002
 DOUBLE POLE (MadLoop)  -4.8594739704256575E-002
 FINITE PART (MadLoop)  0.61076293833682316     
   675.00000000000000        0.0000000000000000        0.0000000000000000        675.00000000000000        0.0000000000000000     
   675.00000000000000        0.0000000000000000        0.0000000000000000       -675.00000000000000        0.0000000000000000     
   675.00000000000000       -75.119916076031586       -28.330095101548778        647.49548563697874        173.00000000000000     
   675.00000000000023        75.119916076031629        28.330095101548842       -647.49548563697897        173.00000000000000     

 PASSED   1.0000000000000001E-005
 MU_R    =    675.00000000000000     
 ALPHA_S =   0.11799999999999999     
 BORN                   0.55746376153528099     
 SINGLE POLE (MadFKS)    4.7561716451553465E-002
 DOUBLE POLE (MadFKS)   -2.7918206300445610E-002
 SINGLE POLE (MadLoop)   4.7561716451553382E-002
 DOUBLE POLE (MadLoop)  -2.7918206300445642E-002
 FINITE PART (MadLoop)  0.39632421551076458     
   675.00000000000000        0.0000000000000000        0.0000000000000000        675.00000000000000        0.0000000000000000     
   675.00000000000000        0.0000000000000000        0.0000000000000000       -675.00000000000000        0.0000000000000000     
   675.00000000000045       -149.31260890994920        607.56545111889398        185.11068966215726        173.00000000000000     
   675.00000000000045        149.31260890994886       -607.56545111889432       -185.11068966215697        173.00000000000000     

 PASSED   1.0000000000000001E-005
 MU_R    =    675.00000000000000     
 ALPHA_S =   0.11799999999999999     
 BORN                   0.89873294278501747     
 SINGLE POLE (MadFKS)   -8.7718326844265587E-002
 DOUBLE POLE (MadFKS)   -4.5009224701130154E-002
 SINGLE POLE (MadLoop)  -8.7718326844265698E-002
 DOUBLE POLE (MadLoop)  -4.5009224701130057E-002
 FINITE PART (MadLoop)  0.59621130270017320     
   675.00000000000000        0.0000000000000000        0.0000000000000000        675.00000000000000        0.0000000000000000     
   675.00000000000000        0.0000000000000000        0.0000000000000000       -675.00000000000000        0.0000000000000000     
   675.00000000000125        199.51996071879887       -182.74978266159226       -593.70893728485225        173.00000000000000     
   674.99999999999784       -199.51996071879708        182.74978266158888        593.70893728485225        173.00000000000000     

 PASSED   1.0000000000000001E-005
 MU_R    =    675.00000000000000     
 ALPHA_S =   0.11799999999999999     
 BORN                   0.54048343119664133     
 SINGLE POLE (MadFKS)    4.4613203861634927E-002
 DOUBLE POLE (MadFKS)   -2.7067818529699268E-002
 SINGLE POLE (MadLoop)   4.4613203861631805E-002
 DOUBLE POLE (MadLoop)  -2.7067818529698473E-002
 FINITE PART (MadLoop)  0.38554890426163313     
   675.00000000000000        0.0000000000000000        0.0000000000000000        675.00000000000000        0.0000000000000000     
   675.00000000000000        0.0000000000000000        0.0000000000000000       -675.00000000000000        0.0000000000000000     
   674.99999999999045       -348.85158706709660        534.38404187733192        135.76548157621127        173.00000000000000     
   675.00000000000182        348.85158706709592       -534.38404187732885       -135.76548157620954        173.00000000000000     

 PASSED   1.0000000000000001E-005
 MU_R    =    675.00000000000000     
 ALPHA_S =   0.11799999999999999     
 BORN                   0.91464393342893091     
 SINGLE POLE (MadFKS)    6.5054603392154964E-002
 DOUBLE POLE (MadFKS)   -4.5806059132157330E-002
 SINGLE POLE (MadLoop)   6.5054603392154478E-002
 DOUBLE POLE (MadLoop)  -4.5806059132157274E-002
 FINITE PART (MadLoop)  0.60630597036123635     
   675.00000000000000        0.0000000000000000        0.0000000000000000        675.00000000000000        0.0000000000000000     
   675.00000000000000        0.0000000000000000        0.0000000000000000       -675.00000000000000        0.0000000000000000     
   675.00000000000057       -206.30228997508729       -125.73182576551623        606.07497320109280        173.00000000000000     
   675.00000000000034        206.30228997508743        125.73182576551639       -606.07497320109269        173.00000000000000     

 PASSED   1.0000000000000001E-005
 MU_R    =    675.00000000000000     
 ALPHA_S =   0.11799999999999999     
 BORN                   0.93053196479273559     
 SINGLE POLE (MadFKS)    6.2452772187983771E-002
 DOUBLE POLE (MadFKS)   -4.6601743745092614E-002
 SINGLE POLE (MadLoop)   6.2452772187983681E-002
 DOUBLE POLE (MadLoop)  -4.6601743745092621E-002
 FINITE PART (MadLoop)  0.61131442658882351     
   675.00000000000000        0.0000000000000000        0.0000000000000000        675.00000000000000        0.0000000000000000     
   675.00000000000000        0.0000000000000000        0.0000000000000000       -675.00000000000000        0.0000000000000000     
   675.00000000000068       -184.73597328941824        97.090602092229020        618.17637868021063        173.00000000000000     
   674.99999999999966        184.73597328941830       -97.090602092229020       -618.17637868021086        173.00000000000000     

 PASSED   1.0000000000000001E-005
 MU_R    =    675.00000000000000     
 ALPHA_S =   0.11799999999999999     
 BORN                   0.60243839672911403     
 SINGLE POLE (MadFKS)    5.3607742946778218E-002
 DOUBLE POLE (MadFKS)   -3.0170570005972765E-002
 SINGLE POLE (MadLoop)   5.3607742946778066E-002
 DOUBLE POLE (MadLoop)  -3.0170570005972695E-002
 FINITE PART (MadLoop)  0.42506811863836091     
   675.00000000000000        0.0000000000000000        0.0000000000000000        675.00000000000000        0.0000000000000000     
   675.00000000000000        0.0000000000000000        0.0000000000000000       -675.00000000000000        0.0000000000000000     
   675.00000000000000       -110.52493920976671       -580.75522592180198        276.05000521136401        173.00000000000000     
   675.00000000000000        110.52493920976653        580.75522592180198       -276.05000521136395        173.00000000000000     

 PASSED   1.0000000000000001E-005
 MU_R    =    675.00000000000000     
 ALPHA_S =   0.11799999999999999     
 BORN                   0.60508616889263278     
 SINGLE POLE (MadFKS)    5.3920718792539443E-002
 DOUBLE POLE (MadFKS)   -3.0303172436118381E-002
 SINGLE POLE (MadLoop)   5.3920718792539041E-002
 DOUBLE POLE (MadLoop)  -3.0303172436118263E-002
 FINITE PART (MadLoop)  0.42676004177207671     
   675.00000000000000        0.0000000000000000        0.0000000000000000        675.00000000000000        0.0000000000000000     
   675.00000000000000        0.0000000000000000        0.0000000000000000       -675.00000000000000        0.0000000000000000     
   675.00000000000057        453.39009165233932       -376.11280631005059        280.48633072052269        173.00000000000000     
   674.99999999999966       -453.39009165233904        376.11280631005059       -280.48633072052280        173.00000000000000     

 PASSED   1.0000000000000001E-005
 MU_R    =    675.00000000000000     
 ALPHA_S =   0.11799999999999999     
 BORN                   0.53065224355764029     
 SINGLE POLE (MadFKS)    3.2878676595997906E-002
 DOUBLE POLE (MadFKS)   -2.6575465226000888E-002
 SINGLE POLE (MadLoop)   3.2878676595997886E-002
 DOUBLE POLE (MadLoop)  -2.6575465226000912E-002
 FINITE PART (MadLoop)  0.38179254581923472     
   675.00000000000000        0.0000000000000000        0.0000000000000000        675.00000000000000        0.0000000000000000     
   675.00000000000000        0.0000000000000000        0.0000000000000000       -675.00000000000000        0.0000000000000000     
   675.00000000000000       -591.25662812904625       -258.54719456709330       -96.254599240536322        173.00000000000000     
   674.99999999999989        591.25662812904625        258.54719456709330        96.254599240536336        173.00000000000000     

 PASSED   1.0000000000000001E-005
 MU_R    =    675.00000000000000     
 ALPHA_S =   0.11799999999999999     
 BORN                   0.68868427196184068     
 SINGLE POLE (MadFKS)    4.3406493688574474E-003
 DOUBLE POLE (MadFKS)   -3.4489828590025799E-002
 SINGLE POLE (MadLoop)   4.3406493688578161E-003
 DOUBLE POLE (MadLoop)  -3.4489828590025598E-002
 FINITE PART (MadLoop)  0.49285717917643546     
   675.00000000000000        0.0000000000000000        0.0000000000000000        675.00000000000000        0.0000000000000000     
   675.00000000000000        0.0000000000000000        0.0000000000000000       -675.00000000000000        0.0000000000000000     
   674.99999999999932        476.81718879783659        204.24447015136374       -395.75947857192330        173.00000000000000     
   675.00000000000296       -476.81718879783682       -204.24447015136391        395.75947857192341        173.00000000000000     

 PASSED   1.0000000000000001E-005
 MU_R    =    675.00000000000000     
 ALPHA_S =   0.11799999999999999     
 BORN                   0.73158712960918881     
 SINGLE POLE (MadFKS)   -6.5935326876183521E-003
 DOUBLE POLE (MadFKS)   -3.6638436110949850E-002
 SINGLE POLE (MadLoop)  -6.5935326876184934E-003
 DOUBLE POLE (MadLoop)  -3.6638436110949815E-002
 FINITE PART (MadLoop)  0.52106837040738563     
   675.00000000000000        0.0000000000000000        0.0000000000000000        675.00000000000000        0.0000000000000000     
   675.00000000000000        0.0000000000000000        0.0000000000000000       -675.00000000000000        0.0000000000000000     
   674.99999999999955        7.1759601168134441       -478.55321503346795       -443.43130919854229        173.00000000000000     
   674.99999999999966       -7.1759601168131111        478.55321503346778        443.43130919854229        173.00000000000000     

 PASSED   1.0000000000000001E-005
 MU_R    =    675.00000000000000     
 ALPHA_S =   0.11799999999999999     
 BORN                   0.95500444540634377     
 SINGLE POLE (MadFKS)  -0.15468332108088673     
 DOUBLE POLE (MadFKS)   -4.7827344061376370E-002
 SINGLE POLE (MadLoop) -0.15468332108088739     
 DOUBLE POLE (MadLoop)  -4.7827344061376467E-002
 FINITE PART (MadLoop)  0.56305145959419312     
   675.00000000000000        0.0000000000000000        0.0000000000000000        675.00000000000000        0.0000000000000000     
   675.00000000000000        0.0000000000000000        0.0000000000000000       -675.00000000000000        0.0000000000000000     
   674.99999999999989       -89.541335402738980       -112.76694546318880       -636.36621945637273        173.00000000000000     
   674.99999999999989        89.541335402738937        112.76694546318888        636.36621945637273        173.00000000000000     

 PASSED   1.0000000000000001E-005
 MU_R    =    675.00000000000000     
 ALPHA_S =   0.11799999999999999     
 BORN                   0.73006589894653218     
 SINGLE POLE (MadFKS)   -6.1648141926944769E-003
 DOUBLE POLE (MadFKS)   -3.6562251730186429E-002
 SINGLE POLE (MadLoop)  -6.1648141926945142E-003
 DOUBLE POLE (MadLoop)  -3.6562251730186429E-002
 FINITE PART (MadLoop)  0.52009310586839452     
   675.00000000000000        0.0000000000000000        0.0000000000000000        675.00000000000000        0.0000000000000000     
   675.00000000000000        0.0000000000000000        0.0000000000000000       -675.00000000000000        0.0000000000000000     
   674.99999999999955        35.169536036570435       -478.79670471345491       -441.82894799968585        173.00000000000000     
   674.99999999999955       -35.169536036570570        478.79670471345491        441.82894799968574        173.00000000000000     

 PASSED   1.0000000000000001E-005
 MU_R    =    675.00000000000000     
 ALPHA_S =   0.11799999999999999     
 BORN                   0.66678455652459256     
 SINGLE POLE (MadFKS)    6.0354093585825441E-002
 DOUBLE POLE (MadFKS)   -3.3393074297308506E-002
 SINGLE POLE (MadLoop)   6.0354093585825011E-002
 DOUBLE POLE (MadLoop)  -3.3393074297308423E-002
 FINITE PART (MadLoop)  0.46599810145416765     
   675.00000000000000        0.0000000000000000        0.0000000000000000        675.00000000000000        0.0000000000000000     
   675.00000000000000        0.0000000000000000        0.0000000000000000       -675.00000000000000        0.0000000000000000     
   675.00000000000250        63.539555392886008       -534.27900556047416        369.05916750270256        173.00000000000000     
   675.00000000000250       -63.539555392884800        534.27900556047473       -369.05916750270114        173.00000000000000     

 PASSED   1.0000000000000001E-005
 MU_R    =    675.00000000000000     
 ALPHA_S =   0.11799999999999999     
 BORN                   0.52944008687603072     
 SINGLE POLE (MadFKS)    3.3182472037343910E-002
 DOUBLE POLE (MadFKS)   -2.6514759503690904E-002
 SINGLE POLE (MadLoop)   3.3182472037343806E-002
 DOUBLE POLE (MadLoop)  -2.6514759503690886E-002
 FINITE PART (MadLoop)  0.38088907326558030     
   675.00000000000000        0.0000000000000000        0.0000000000000000        675.00000000000000        0.0000000000000000     
   675.00000000000000        0.0000000000000000        0.0000000000000000       -675.00000000000000        0.0000000000000000     
   674.99999999999989        490.99123418935778       -420.10589567983266       -90.192263328162824        173.00000000000000     
   674.99999999999989       -490.99123418935778        420.10589567983277        90.192263328162895        173.00000000000000     

 PASSED   1.0000000000000001E-005
 MU_R    =    675.00000000000000     
 ALPHA_S =   0.11799999999999999     
 BORN                   0.93142819416885403     
 SINGLE POLE (MadFKS)  -0.12065906364795836     
 DOUBLE POLE (MadFKS)   -4.6646627589283819E-002
 SINGLE POLE (MadLoop) -0.12065906364795889     
 DOUBLE POLE (MadLoop)  -4.6646627589283743E-002
 FINITE PART (MadLoop)  0.58790536863206144     
   675.00000000000000        0.0000000000000000        0.0000000000000000        675.00000000000000        0.0000000000000000     
   675.00000000000000        0.0000000000000000        0.0000000000000000       -675.00000000000000        0.0000000000000000     
   675.00000000000000        90.172968951305634       -185.97604877701738       -618.85195721739092        173.00000000000000     
   675.00000000000034       -90.172968951305634        185.97604877701738        618.85195721739092        173.00000000000000     

 PASSED   1.0000000000000001E-005
 MU_R    =    675.00000000000000     
 ALPHA_S =   0.11799999999999999     
 BORN                   0.65826967600078679     
 SINGLE POLE (MadFKS)    5.9554874803094363E-002
 DOUBLE POLE (MadFKS)   -3.2966642648312054E-002
 SINGLE POLE (MadLoop)   5.9554874803094730E-002
 DOUBLE POLE (MadLoop)  -3.2966642648312137E-002
 FINITE PART (MadLoop)  0.46061128966288928     
   675.00000000000000        0.0000000000000000        0.0000000000000000        675.00000000000000        0.0000000000000000     
   675.00000000000000        0.0000000000000000        0.0000000000000000       -675.00000000000000        0.0000000000000000     
   674.99999999999977        432.60734633189412        332.08750639724065        358.14071535436904        173.00000000000000     
   674.99999999999977       -432.60734633189361       -332.08750639724173       -358.14071535436818        173.00000000000000     

 PASSED   1.0000000000000001E-005
 MU_R    =    675.00000000000000     
 ALPHA_S =   0.11799999999999999     
 BORN                   0.87038185783044819     
 SINGLE POLE (MadFKS)    6.8752847047890794E-002
 DOUBLE POLE (MadFKS)   -4.3589380949451535E-002
 SINGLE POLE (MadLoop)   6.8752847047899829E-002
 DOUBLE POLE (MadLoop)  -4.3589380949454727E-002
 FINITE PART (MadLoop)  0.58664460309696365     
   675.00000000000000        0.0000000000000000        0.0000000000000000        675.00000000000000        0.0000000000000000     
   675.00000000000000        0.0000000000000000        0.0000000000000000       -675.00000000000000        0.0000000000000000     
   674.99999999999511       -98.890148882578913       -299.77168078610799        571.01110133923532        173.00000000000000     
   674.99999999999625        98.890148882579297        299.77168078611493       -571.01110133923839        173.00000000000000     

 PASSED   1.0000000000000001E-005
 MU_R    =    675.00000000000000     
 ALPHA_S =   0.11799999999999999     
 BORN                   0.65236613444137004     
 SINGLE POLE (MadFKS)    1.2015165144690495E-002
 DOUBLE POLE (MadFKS)   -3.2670988827326206E-002
 SINGLE POLE (MadLoop)   1.2015165144690122E-002
 DOUBLE POLE (MadLoop)  -3.2670988827326122E-002
 FINITE PART (MadLoop)  0.46811017569486846     
   675.00000000000000        0.0000000000000000        0.0000000000000000        675.00000000000000        0.0000000000000000     
   675.00000000000000        0.0000000000000000        0.0000000000000000       -675.00000000000000        0.0000000000000000     
   675.00000000000034       -129.37012688008565        534.97616024863646       -350.37105793238118        173.00000000000000     
   675.00000000000023        129.37012688008556       -534.97616024863646        350.37105793238118        173.00000000000000     

 PASSED   1.0000000000000001E-005
 MU_R    =    675.00000000000000     
 ALPHA_S =   0.11799999999999999     
 BORN                   0.80188052344175220     
 SINGLE POLE (MadFKS)   -3.0722474273810949E-002
Thanks for using LHAPDF 6.1.6. Please make sure to cite the paper:
  Eur.Phys.J. C75 (2015) 3, 132  (http://arxiv.org/abs/1412.7420)
 DOUBLE POLE (MadFKS)   -4.0158782375559504E-002
 SINGLE POLE (MadLoop)  -3.0722474273810578E-002
 DOUBLE POLE (MadLoop)  -4.0158782375559338E-002
 FINITE PART (MadLoop)  0.56294889955487570     
   675.00000000000000        0.0000000000000000        0.0000000000000000        675.00000000000000        0.0000000000000000     
   675.00000000000000        0.0000000000000000        0.0000000000000000       -675.00000000000000        0.0000000000000000     
   675.00000000000057        295.34257010590761       -276.20778545633402       -512.03322698487568        173.00000000000000     
   675.00000000000057       -295.34257010590721        276.20778545633362        512.03322698487580        173.00000000000000     

 NUMBER OF POINTS PASSING THE CHECK          20
 NUMBER OF POINTS FAILING THE CHECK           0
 TOLERANCE    1.0000000000000001E-005
